<?xml version="1.0" encoding="UTF-8"?>
<!-- Generated by org.testng.reporters.JUnitXMLReporter -->
<testsuite hostname="DESKTOP-HVP7PI8" ignored="0" name="Chrome Browser Tests" tests="24" failures="0" timestamp="2025-09-29T22:05:11 IST" time="6.93" errors="0">
  <testcase name="@BeforeMethod setUp" time="3.365" classname="com.nse.stock.base.BaseTest">
    <failure type="java.lang.RuntimeException" message="WebDriver setup failed">
      <![CDATA[java.lang.RuntimeException: WebDriver setup failed
at com.nse.stock.base.BaseTest.setUp(BaseTest.java:59)
at java.util.concurrent.ThreadPoolExecutor.runWorker(ThreadPoolExecutor.java:1142)
at java.util.concurrent.ThreadPoolExecutor$Worker.run(ThreadPoolExecutor.java:617)
at java.lang.Thread.run(Thread.java:745)
Caused by: java.lang.RuntimeException: Edge driver setup failed: io.github.bonigarcia.wdm.config.WebDriverManagerException: java.net.UnknownHostException: msedgedriver.azureedge.net
at com.nse.stock.utils.DriverManager.createEdgeDriver(DriverManager.java:162)
at com.nse.stock.utils.DriverManager.createDriver(DriverManager.java:65)
at com.nse.stock.utils.DriverManager.getDriver(DriverManager.java:32)
at com.nse.stock.base.BaseTest.setUp(BaseTest.java:42)
... 19 more
Caused by: io.github.bonigarcia.wdm.config.WebDriverManagerException: io.github.bonigarcia.wdm.config.WebDriverManagerException: java.net.UnknownHostException: msedgedriver.azureedge.net
at io.github.bonigarcia.wdm.WebDriverManager.handleException(WebDriverManager.java:1435)
at io.github.bonigarcia.wdm.WebDriverManager.manage(WebDriverManager.java:1195)
at io.github.bonigarcia.wdm.WebDriverManager.fallback(WebDriverManager.java:1451)
at io.github.bonigarcia.wdm.WebDriverManager.handleException(WebDriverManager.java:1432)
at io.github.bonigarcia.wdm.WebDriverManager.manage(WebDriverManager.java:1195)
at io.github.bonigarcia.wdm.WebDriverManager.handleException(WebDriverManager.java:1425)
at io.github.bonigarcia.wdm.WebDriverManager.manage(WebDriverManager.java:1195)
at io.github.bonigarcia.wdm.WebDriverManager.setup(WebDriverManager.java:427)
at com.nse.stock.utils.DriverManager.createEdgeDriver(DriverManager.java:156)
... 22 more
Caused by: io.github.bonigarcia.wdm.config.WebDriverManagerException: java.net.UnknownHostException: msedgedriver.azureedge.net
at io.github.bonigarcia.wdm.WebDriverManager.getDriversFromXml(WebDriverManager.java:1586)
at io.github.bonigarcia.wdm.managers.EdgeDriverManager.getDriverUrls(EdgeDriverManager.java:115)
at io.github.bonigarcia.wdm.WebDriverManager.createUrlHandler(WebDriverManager.java:1456)
at io.github.bonigarcia.wdm.WebDriverManager.download(WebDriverManager.java:1277)
at io.github.bonigarcia.wdm.WebDriverManager.manage(WebDriverManager.java:1189)
... 29 more
Caused by: java.net.UnknownHostException: msedgedriver.azureedge.net
at java.net.InetAddress.getAllByName0(InetAddress.java:1280)
at java.net.InetAddress.getAllByName(InetAddress.java:1192)
at java.net.InetAddress.getAllByName(InetAddress.java:1126)
at org.apache.hc.client5.http.SystemDefaultDnsResolver.resolve(SystemDefaultDnsResolver.java:43)
at org.apache.hc.client5.http.impl.io.DefaultHttpClientConnectionOperator.connect(DefaultHttpClientConnectionOperator.java:141)
at org.apache.hc.client5.http.impl.io.PoolingHttpClientConnectionManager.connect(PoolingHttpClientConnectionManager.java:447)
at org.apache.hc.client5.http.impl.classic.InternalExecRuntime.connectEndpoint(InternalExecRuntime.java:162)
at org.apache.hc.client5.http.impl.classic.InternalExecRuntime.connectEndpoint(InternalExecRuntime.java:172)
at org.apache.hc.client5.http.impl.classic.ConnectExec.execute(ConnectExec.java:142)
at org.apache.hc.client5.http.impl.classic.ExecChainElement.execute(ExecChainElement.java:51)
at org.apache.hc.client5.http.impl.classic.ProtocolExec.execute(ProtocolExec.java:192)
at org.apache.hc.client5.http.impl.classic.ExecChainElement.execute(ExecChainElement.java:51)
at org.apache.hc.client5.http.impl.classic.HttpRequestRetryExec.execute(HttpRequestRetryExec.java:96)
at org.apache.hc.client5.http.impl.classic.ExecChainElement.execute(ExecChainElement.java:51)
at org.apache.hc.client5.http.impl.classic.ContentCompressionExec.execute(ContentCompressionExec.java:152)
at org.apache.hc.client5.http.impl.classic.ExecChainElement.execute(ExecChainElement.java:51)
at org.apache.hc.client5.http.impl.classic.RedirectExec.execute(RedirectExec.java:115)
at org.apache.hc.client5.http.impl.classic.ExecChainElement.execute(ExecChainElement.java:51)
at org.apache.hc.client5.http.impl.classic.InternalHttpClient.doExecute(InternalHttpClient.java:170)
at org.apache.hc.client5.http.impl.classic.CloseableHttpClient.execute(CloseableHttpClient.java:87)
at org.apache.hc.client5.http.impl.classic.CloseableHttpClient.execute(CloseableHttpClient.java:55)
at org.apache.hc.client5.http.classic.HttpClient.executeOpen(HttpClient.java:183)
at io.github.bonigarcia.wdm.online.HttpClient.execute(HttpClient.java:162)
at io.github.bonigarcia.wdm.WebDriverManager.getDriversFromXml(WebDriverManager.java:1571)
... 33 more
... Removed 16 stack frames]]>
    </failure>
  </testcase> <!-- @BeforeMethod setUp -->
  <testcase name="@AfterMethod tearDown" time="-1.759163708304E9" classname="com.nse.stock.base.BaseTest">
    <skipped/>
  </testcase> <!-- @AfterMethod tearDown -->
  <testcase name="@BeforeMethod setUp" time="-1.759163708304E9" classname="com.nse.stock.base.BaseTest">
    <skipped/>
  </testcase> <!-- @BeforeMethod setUp -->
  <testcase name="@AfterMethod tearDown" time="-1.759163708319E9" classname="com.nse.stock.base.BaseTest">
    <skipped/>
  </testcase> <!-- @AfterMethod tearDown -->
  <testcase name="@BeforeMethod setUp" time="-1.759163708323E9" classname="com.nse.stock.base.BaseTest">
    <skipped/>
  </testcase> <!-- @BeforeMethod setUp -->
  <testcase name="@AfterMethod tearDown" time="-1.759163708334E9" classname="com.nse.stock.base.BaseTest">
    <skipped/>
  </testcase> <!-- @AfterMethod tearDown -->
  <testcase name="@BeforeMethod setUp" time="-1.759163708334E9" classname="com.nse.stock.base.BaseTest">
    <skipped/>
  </testcase> <!-- @BeforeMethod setUp -->
  <testcase name="@AfterMethod tearDown" time="-1.759163708334E9" classname="com.nse.stock.base.BaseTest">
    <skipped/>
  </testcase> <!-- @AfterMethod tearDown -->
  <testcase name="@BeforeMethod setUp" time="0.891" classname="com.nse.stock.base.BaseTest">
    <failure type="java.lang.RuntimeException" message="WebDriver setup failed">
      <![CDATA[java.lang.RuntimeException: WebDriver setup failed
at com.nse.stock.base.BaseTest.setUp(BaseTest.java:59)
at java.util.concurrent.ThreadPoolExecutor.runWorker(ThreadPoolExecutor.java:1142)
at java.util.concurrent.ThreadPoolExecutor$Worker.run(ThreadPoolExecutor.java:617)
at java.lang.Thread.run(Thread.java:745)
Caused by: java.lang.RuntimeException: Edge driver setup failed: io.github.bonigarcia.wdm.config.WebDriverManagerException: java.net.UnknownHostException: msedgedriver.azureedge.net
at com.nse.stock.utils.DriverManager.createEdgeDriver(DriverManager.java:162)
at com.nse.stock.utils.DriverManager.createDriver(DriverManager.java:65)
at com.nse.stock.utils.DriverManager.getDriver(DriverManager.java:32)
at com.nse.stock.base.BaseTest.setUp(BaseTest.java:42)
... 19 more
Caused by: io.github.bonigarcia.wdm.config.WebDriverManagerException: io.github.bonigarcia.wdm.config.WebDriverManagerException: java.net.UnknownHostException: msedgedriver.azureedge.net
at io.github.bonigarcia.wdm.WebDriverManager.handleException(WebDriverManager.java:1435)
at io.github.bonigarcia.wdm.WebDriverManager.manage(WebDriverManager.java:1195)
at io.github.bonigarcia.wdm.WebDriverManager.fallback(WebDriverManager.java:1451)
at io.github.bonigarcia.wdm.WebDriverManager.handleException(WebDriverManager.java:1432)
at io.github.bonigarcia.wdm.WebDriverManager.manage(WebDriverManager.java:1195)
at io.github.bonigarcia.wdm.WebDriverManager.handleException(WebDriverManager.java:1425)
at io.github.bonigarcia.wdm.WebDriverManager.manage(WebDriverManager.java:1195)
at io.github.bonigarcia.wdm.WebDriverManager.setup(WebDriverManager.java:427)
at com.nse.stock.utils.DriverManager.createEdgeDriver(DriverManager.java:156)
... 22 more
Caused by: io.github.bonigarcia.wdm.config.WebDriverManagerException: java.net.UnknownHostException: msedgedriver.azureedge.net
at io.github.bonigarcia.wdm.WebDriverManager.getDriversFromXml(WebDriverManager.java:1586)
at io.github.bonigarcia.wdm.managers.EdgeDriverManager.getDriverUrls(EdgeDriverManager.java:115)
at io.github.bonigarcia.wdm.WebDriverManager.createUrlHandler(WebDriverManager.java:1456)
at io.github.bonigarcia.wdm.WebDriverManager.download(WebDriverManager.java:1277)
at io.github.bonigarcia.wdm.WebDriverManager.manage(WebDriverManager.java:1189)
... 29 more
Caused by: java.net.UnknownHostException: msedgedriver.azureedge.net
at java.net.InetAddress.getAllByName0(InetAddress.java:1280)
at java.net.InetAddress.getAllByName(InetAddress.java:1192)
at java.net.InetAddress.getAllByName(InetAddress.java:1126)
at org.apache.hc.client5.http.SystemDefaultDnsResolver.resolve(SystemDefaultDnsResolver.java:43)
at org.apache.hc.client5.http.impl.io.DefaultHttpClientConnectionOperator.connect(DefaultHttpClientConnectionOperator.java:141)
at org.apache.hc.client5.http.impl.io.PoolingHttpClientConnectionManager.connect(PoolingHttpClientConnectionManager.java:447)
at org.apache.hc.client5.http.impl.classic.InternalExecRuntime.connectEndpoint(InternalExecRuntime.java:162)
at org.apache.hc.client5.http.impl.classic.InternalExecRuntime.connectEndpoint(InternalExecRuntime.java:172)
at org.apache.hc.client5.http.impl.classic.ConnectExec.execute(ConnectExec.java:142)
at org.apache.hc.client5.http.impl.classic.ExecChainElement.execute(ExecChainElement.java:51)
at org.apache.hc.client5.http.impl.classic.ProtocolExec.execute(ProtocolExec.java:192)
at org.apache.hc.client5.http.impl.classic.ExecChainElement.execute(ExecChainElement.java:51)
at org.apache.hc.client5.http.impl.classic.HttpRequestRetryExec.execute(HttpRequestRetryExec.java:96)
at org.apache.hc.client5.http.impl.classic.ExecChainElement.execute(ExecChainElement.java:51)
at org.apache.hc.client5.http.impl.classic.ContentCompressionExec.execute(ContentCompressionExec.java:152)
at org.apache.hc.client5.http.impl.classic.ExecChainElement.execute(ExecChainElement.java:51)
at org.apache.hc.client5.http.impl.classic.RedirectExec.execute(RedirectExec.java:115)
at org.apache.hc.client5.http.impl.classic.ExecChainElement.execute(ExecChainElement.java:51)
at org.apache.hc.client5.http.impl.classic.InternalHttpClient.doExecute(InternalHttpClient.java:170)
at org.apache.hc.client5.http.impl.classic.CloseableHttpClient.execute(CloseableHttpClient.java:87)
at org.apache.hc.client5.http.impl.classic.CloseableHttpClient.execute(CloseableHttpClient.java:55)
at org.apache.hc.client5.http.classic.HttpClient.executeOpen(HttpClient.java:183)
at io.github.bonigarcia.wdm.online.HttpClient.execute(HttpClient.java:162)
at io.github.bonigarcia.wdm.WebDriverManager.getDriversFromXml(WebDriverManager.java:1571)
... 33 more
... Removed 16 stack frames]]>
    </failure>
  </testcase> <!-- @BeforeMethod setUp -->
  <testcase name="@AfterMethod tearDown" time="-1.759163709245E9" classname="com.nse.stock.base.BaseTest">
    <skipped/>
  </testcase> <!-- @AfterMethod tearDown -->
  <testcase name="@BeforeMethod setUp" time="1.308" classname="com.nse.stock.base.BaseTest">
    <failure type="java.lang.RuntimeException" message="WebDriver setup failed">
      <![CDATA[java.lang.RuntimeException: WebDriver setup failed
at com.nse.stock.base.BaseTest.setUp(BaseTest.java:59)
at java.util.concurrent.ThreadPoolExecutor.runWorker(ThreadPoolExecutor.java:1142)
at java.util.concurrent.ThreadPoolExecutor$Worker.run(ThreadPoolExecutor.java:617)
at java.lang.Thread.run(Thread.java:745)
Caused by: java.lang.RuntimeException: Edge driver setup failed: io.github.bonigarcia.wdm.config.WebDriverManagerException: java.net.UnknownHostException: msedgedriver.azureedge.net
at com.nse.stock.utils.DriverManager.createEdgeDriver(DriverManager.java:162)
at com.nse.stock.utils.DriverManager.createDriver(DriverManager.java:65)
at com.nse.stock.utils.DriverManager.getDriver(DriverManager.java:32)
at com.nse.stock.base.BaseTest.setUp(BaseTest.java:42)
... 19 more
Caused by: io.github.bonigarcia.wdm.config.WebDriverManagerException: io.github.bonigarcia.wdm.config.WebDriverManagerException: java.net.UnknownHostException: msedgedriver.azureedge.net
at io.github.bonigarcia.wdm.WebDriverManager.handleException(WebDriverManager.java:1435)
at io.github.bonigarcia.wdm.WebDriverManager.manage(WebDriverManager.java:1195)
at io.github.bonigarcia.wdm.WebDriverManager.fallback(WebDriverManager.java:1451)
at io.github.bonigarcia.wdm.WebDriverManager.handleException(WebDriverManager.java:1432)
at io.github.bonigarcia.wdm.WebDriverManager.manage(WebDriverManager.java:1195)
at io.github.bonigarcia.wdm.WebDriverManager.handleException(WebDriverManager.java:1425)
at io.github.bonigarcia.wdm.WebDriverManager.manage(WebDriverManager.java:1195)
at io.github.bonigarcia.wdm.WebDriverManager.setup(WebDriverManager.java:427)
at com.nse.stock.utils.DriverManager.createEdgeDriver(DriverManager.java:156)
... 22 more
Caused by: io.github.bonigarcia.wdm.config.WebDriverManagerException: java.net.UnknownHostException: msedgedriver.azureedge.net
at io.github.bonigarcia.wdm.WebDriverManager.getDriversFromXml(WebDriverManager.java:1586)
at io.github.bonigarcia.wdm.managers.EdgeDriverManager.getDriverUrls(EdgeDriverManager.java:115)
at io.github.bonigarcia.wdm.WebDriverManager.createUrlHandler(WebDriverManager.java:1456)
at io.github.bonigarcia.wdm.WebDriverManager.download(WebDriverManager.java:1277)
at io.github.bonigarcia.wdm.WebDriverManager.manage(WebDriverManager.java:1189)
... 29 more
Caused by: java.net.UnknownHostException: msedgedriver.azureedge.net
at java.net.InetAddress.getAllByName0(InetAddress.java:1280)
at java.net.InetAddress.getAllByName(InetAddress.java:1192)
at java.net.InetAddress.getAllByName(InetAddress.java:1126)
at org.apache.hc.client5.http.SystemDefaultDnsResolver.resolve(SystemDefaultDnsResolver.java:43)
at org.apache.hc.client5.http.impl.io.DefaultHttpClientConnectionOperator.connect(DefaultHttpClientConnectionOperator.java:141)
at org.apache.hc.client5.http.impl.io.PoolingHttpClientConnectionManager.connect(PoolingHttpClientConnectionManager.java:447)
at org.apache.hc.client5.http.impl.classic.InternalExecRuntime.connectEndpoint(InternalExecRuntime.java:162)
at org.apache.hc.client5.http.impl.classic.InternalExecRuntime.connectEndpoint(InternalExecRuntime.java:172)
at org.apache.hc.client5.http.impl.classic.ConnectExec.execute(ConnectExec.java:142)
at org.apache.hc.client5.http.impl.classic.ExecChainElement.execute(ExecChainElement.java:51)
at org.apache.hc.client5.http.impl.classic.ProtocolExec.execute(ProtocolExec.java:192)
at org.apache.hc.client5.http.impl.classic.ExecChainElement.execute(ExecChainElement.java:51)
at org.apache.hc.client5.http.impl.classic.HttpRequestRetryExec.execute(HttpRequestRetryExec.java:96)
at org.apache.hc.client5.http.impl.classic.ExecChainElement.execute(ExecChainElement.java:51)
at org.apache.hc.client5.http.impl.classic.ContentCompressionExec.execute(ContentCompressionExec.java:152)
at org.apache.hc.client5.http.impl.classic.ExecChainElement.execute(ExecChainElement.java:51)
at org.apache.hc.client5.http.impl.classic.RedirectExec.execute(RedirectExec.java:115)
at org.apache.hc.client5.http.impl.classic.ExecChainElement.execute(ExecChainElement.java:51)
at org.apache.hc.client5.http.impl.classic.InternalHttpClient.doExecute(InternalHttpClient.java:170)
at org.apache.hc.client5.http.impl.classic.CloseableHttpClient.execute(CloseableHttpClient.java:87)
at org.apache.hc.client5.http.impl.classic.CloseableHttpClient.execute(CloseableHttpClient.java:55)
at org.apache.hc.client5.http.classic.HttpClient.executeOpen(HttpClient.java:183)
at io.github.bonigarcia.wdm.online.HttpClient.execute(HttpClient.java:162)
at io.github.bonigarcia.wdm.WebDriverManager.getDriversFromXml(WebDriverManager.java:1571)
... 33 more
... Removed 16 stack frames]]>
    </failure>
  </testcase> <!-- @BeforeMethod setUp -->
  <testcase name="@AfterMethod tearDown" time="-1.759163710576E9" classname="com.nse.stock.base.BaseTest">
    <skipped/>
  </testcase> <!-- @AfterMethod tearDown -->
  <testcase name="@BeforeMethod setUp" time="-1.759163710576E9" classname="com.nse.stock.base.BaseTest">
    <skipped/>
  </testcase> <!-- @BeforeMethod setUp -->
  <testcase name="@AfterMethod tearDown" time="-1.759163710601E9" classname="com.nse.stock.base.BaseTest">
    <skipped/>
  </testcase> <!-- @AfterMethod tearDown -->
  <testcase name="@BeforeMethod setUp" time="-1.759163710605E9" classname="com.nse.stock.base.BaseTest">
    <skipped/>
  </testcase> <!-- @BeforeMethod setUp -->
  <testcase name="@AfterMethod tearDown" time="-1.759163710621E9" classname="com.nse.stock.base.BaseTest">
    <skipped/>
  </testcase> <!-- @AfterMethod tearDown -->
  <testcase name="@BeforeMethod setUp" time="-1.759163710624E9" classname="com.nse.stock.base.BaseTest">
    <skipped/>
  </testcase> <!-- @BeforeMethod setUp -->
  <testcase name="@AfterMethod tearDown" time="-1.759163710634E9" classname="com.nse.stock.base.BaseTest">
    <skipped/>
  </testcase> <!-- @AfterMethod tearDown -->
  <testcase name="@BeforeMethod setUp" time="-1.759163710634E9" classname="com.nse.stock.base.BaseTest">
    <skipped/>
  </testcase> <!-- @BeforeMethod setUp -->
  <testcase name="@AfterMethod tearDown" time="-1.759163710636E9" classname="com.nse.stock.base.BaseTest">
    <skipped/>
  </testcase> <!-- @AfterMethod tearDown -->
  <testcase name="@BeforeMethod setUp" time="-1.759163710636E9" classname="com.nse.stock.base.BaseTest">
    <skipped/>
  </testcase> <!-- @BeforeMethod setUp -->
  <testcase name="@AfterMethod tearDown" time="-1.759163710649E9" classname="com.nse.stock.base.BaseTest">
    <skipped/>
  </testcase> <!-- @AfterMethod tearDown -->
  <testcase name="@BeforeMethod setUp" time="-1.759163710652E9" classname="com.nse.stock.base.BaseTest">
    <skipped/>
  </testcase> <!-- @BeforeMethod setUp -->
  <testcase name="@AfterMethod tearDown" time="-1.759163710667E9" classname="com.nse.stock.base.BaseTest">
    <skipped/>
  </testcase> <!-- @AfterMethod tearDown -->
  <testcase name="@BeforeMethod setUp" time="-1.759163710671E9" classname="com.nse.stock.base.BaseTest">
    <skipped/>
  </testcase> <!-- @BeforeMethod setUp -->
  <testcase name="@AfterMethod tearDown" time="-1.759163710677E9" classname="com.nse.stock.base.BaseTest">
    <skipped/>
  </testcase> <!-- @AfterMethod tearDown -->
  <testcase name="@BeforeMethod setUp" time="-1.759163710677E9" classname="com.nse.stock.base.BaseTest">
    <skipped/>
  </testcase> <!-- @BeforeMethod setUp -->
  <testcase name="@AfterMethod tearDown" time="-1.759163710684E9" classname="com.nse.stock.base.BaseTest">
    <skipped/>
  </testcase> <!-- @AfterMethod tearDown -->
  <testcase name="@BeforeMethod setUp" time="-1.759163710684E9" classname="com.nse.stock.base.BaseTest">
    <skipped/>
  </testcase> <!-- @BeforeMethod setUp -->
  <testcase name="@AfterMethod tearDown" time="-1.759163710694E9" classname="com.nse.stock.base.BaseTest">
    <skipped/>
  </testcase> <!-- @AfterMethod tearDown -->
  <testcase name="@BeforeMethod setUp" time="-1.7591637107E9" classname="com.nse.stock.base.BaseTest">
    <skipped/>
  </testcase> <!-- @BeforeMethod setUp -->
  <testcase name="@AfterMethod tearDown" time="-1.759163710709E9" classname="com.nse.stock.base.BaseTest">
    <skipped/>
  </testcase> <!-- @AfterMethod tearDown -->
  <testcase name="@BeforeMethod setUp" time="-1.759163710709E9" classname="com.nse.stock.base.BaseTest">
    <skipped/>
  </testcase> <!-- @BeforeMethod setUp -->
  <testcase name="@AfterMethod tearDown" time="-1.759163710717E9" classname="com.nse.stock.base.BaseTest">
    <skipped/>
  </testcase> <!-- @AfterMethod tearDown -->
  <testcase name="@BeforeMethod setUp" time="-1.759163710736E9" classname="com.nse.stock.base.BaseTest">
    <skipped/>
  </testcase> <!-- @BeforeMethod setUp -->
  <testcase name="@AfterMethod tearDown" time="-1.759163710749E9" classname="com.nse.stock.base.BaseTest">
    <skipped/>
  </testcase> <!-- @AfterMethod tearDown -->
  <testcase name="@BeforeMethod setUp" time="-1.759163710749E9" classname="com.nse.stock.base.BaseTest">
    <skipped/>
  </testcase> <!-- @BeforeMethod setUp -->
  <testcase name="@AfterMethod tearDown" time="-1.759163710761E9" classname="com.nse.stock.base.BaseTest">
    <skipped/>
  </testcase> <!-- @AfterMethod tearDown -->
  <testcase name="@BeforeMethod setUp" time="-1.759163710765E9" classname="com.nse.stock.base.BaseTest">
    <skipped/>
  </testcase> <!-- @BeforeMethod setUp -->
  <testcase name="@AfterMethod tearDown" time="-1.759163710774E9" classname="com.nse.stock.base.BaseTest">
    <skipped/>
  </testcase> <!-- @AfterMethod tearDown -->
  <testcase name="@BeforeMethod setUp" time="-1.759163710774E9" classname="com.nse.stock.base.BaseTest">
    <skipped/>
  </testcase> <!-- @BeforeMethod setUp -->
  <testcase name="@AfterMethod tearDown" time="-1.759163710796E9" classname="com.nse.stock.base.BaseTest">
    <skipped/>
  </testcase> <!-- @AfterMethod tearDown -->
  <testcase name="@BeforeMethod setUp" time="-1.759163710802E9" classname="com.nse.stock.base.BaseTest">
    <skipped/>
  </testcase> <!-- @BeforeMethod setUp -->
  <testcase name="@AfterMethod tearDown" time="-1.75916371082E9" classname="com.nse.stock.base.BaseTest">
    <skipped/>
  </testcase> <!-- @AfterMethod tearDown -->
  <testcase name="@AfterClass tearDownClass" time="-1.759163710821E9" classname="com.nse.stock.base.BaseTest">
    <skipped/>
  </testcase> <!-- @AfterClass tearDownClass -->
  <testcase name="@BeforeMethod setUp" time="-1.759163710825E9" classname="com.nse.stock.base.BaseTest">
    <skipped/>
  </testcase> <!-- @BeforeMethod setUp -->
  <testcase name="@AfterMethod tearDown" time="-1.759163710847E9" classname="com.nse.stock.base.BaseTest">
    <skipped/>
  </testcase> <!-- @AfterMethod tearDown -->
  <testcase name="@AfterClass tearDownClass" time="-1.759163710847E9" classname="com.nse.stock.base.BaseTest">
    <skipped/>
  </testcase> <!-- @AfterClass tearDownClass -->
  <testcase name="@BeforeMethod setUp" time="-1.759163710859E9" classname="com.nse.stock.base.BaseTest">
    <skipped/>
  </testcase> <!-- @BeforeMethod setUp -->
  <testcase name="@AfterMethod tearDown" time="-1.759163710875E9" classname="com.nse.stock.base.BaseTest">
    <skipped/>
  </testcase> <!-- @AfterMethod tearDown -->
  <testcase name="@AfterClass tearDownClass" time="-1.759163710875E9" classname="com.nse.stock.base.BaseTest">
    <skipped/>
  </testcase> <!-- @AfterClass tearDownClass -->
  <testcase name="test52WeekHighLowExtraction" time="0.0" classname="com.nse.stock.tests.Stock52WeekHighLowTest">
    <skipped/>
  </testcase> <!-- test52WeekHighLowExtraction -->
  <testcase name="test52WeekHighLowExtraction" time="0.0" classname="com.nse.stock.tests.Stock52WeekHighLowTest">
    <skipped/>
  </testcase> <!-- test52WeekHighLowExtraction -->
  <testcase name="test52WeekHighLowExtraction" time="0.0" classname="com.nse.stock.tests.Stock52WeekHighLowTest">
    <skipped/>
  </testcase> <!-- test52WeekHighLowExtraction -->
  <testcase name="test52WeekHighLowExtraction" time="0.0" classname="com.nse.stock.tests.Stock52WeekHighLowTest">
    <skipped/>
  </testcase> <!-- test52WeekHighLowExtraction -->
  <testcase name="testNSEWebsiteAccessibility" time="0.0" classname="com.nse.stock.tests.StockInformationTest">
    <skipped/>
  </testcase> <!-- testNSEWebsiteAccessibility -->
  <testcase name="testStockProfitLossCalculation" time="0.0" classname="com.nse.stock.tests.StockProfitLossTest">
    <skipped/>
  </testcase> <!-- testStockProfitLossCalculation -->
  <testcase name="testStockProfitLossCalculation" time="0.0" classname="com.nse.stock.tests.StockProfitLossTest">
    <skipped/>
  </testcase> <!-- testStockProfitLossCalculation -->
  <testcase name="testStockProfitLossCalculation" time="0.0" classname="com.nse.stock.tests.StockProfitLossTest">
    <skipped/>
  </testcase> <!-- testStockProfitLossCalculation -->
  <testcase name="testStockProfitLossCalculation" time="0.0" classname="com.nse.stock.tests.StockProfitLossTest">
    <skipped/>
  </testcase> <!-- testStockProfitLossCalculation -->
  <testcase name="testStockProfitLossCalculation" time="0.0" classname="com.nse.stock.tests.StockProfitLossTest">
    <skipped/>
  </testcase> <!-- testStockProfitLossCalculation -->
  <testcase name="testStockInformationDisplay" time="0.0" classname="com.nse.stock.tests.StockInformationTest">
    <skipped/>
  </testcase> <!-- testStockInformationDisplay -->
  <testcase name="testStockInformationDisplay" time="0.0" classname="com.nse.stock.tests.StockInformationTest">
    <skipped/>
  </testcase> <!-- testStockInformationDisplay -->
  <testcase name="testStockInformationDisplay" time="0.0" classname="com.nse.stock.tests.StockInformationTest">
    <skipped/>
  </testcase> <!-- testStockInformationDisplay -->
  <testcase name="testTataMotors52WeekData" time="0.0" classname="com.nse.stock.tests.Stock52WeekHighLowTest">
    <skipped/>
  </testcase> <!-- testTataMotors52WeekData -->
  <testcase name="testTataMotorsProfitLoss" time="0.0" classname="com.nse.stock.tests.StockProfitLossTest">
    <skipped/>
  </testcase> <!-- testTataMotorsProfitLoss -->
  <testcase name="test52WeekDataAvailability" time="0.0" classname="com.nse.stock.tests.Stock52WeekHighLowTest">
    <skipped/>
  </testcase> <!-- test52WeekDataAvailability -->
  <testcase name="testCustomPurchasePriceProfitLoss" time="0.0" classname="com.nse.stock.tests.StockProfitLossTest">
    <skipped/>
  </testcase> <!-- testCustomPurchasePriceProfitLoss -->
  <testcase name="testDefaultStockInformation" time="0.0" classname="com.nse.stock.tests.StockInformationTest">
    <skipped/>
  </testcase> <!-- testDefaultStockInformation -->
  <testcase name="test52WeekDataConsistency" time="0.0" classname="com.nse.stock.tests.Stock52WeekHighLowTest">
    <skipped/>
  </testcase> <!-- test52WeekDataConsistency -->
  <testcase name="testBatchProfitLossCalculation" time="0.0" classname="com.nse.stock.tests.StockProfitLossTest">
    <skipped/>
  </testcase> <!-- testBatchProfitLossCalculation -->
  <testcase name="testInvalidStockSearch" time="0.0" classname="com.nse.stock.tests.StockInformationTest">
    <skipped/>
  </testcase> <!-- testInvalidStockSearch -->
  <testcase name="test52WeekExtractionMethods" time="0.0" classname="com.nse.stock.tests.Stock52WeekHighLowTest">
    <skipped/>
  </testcase> <!-- test52WeekExtractionMethods -->
  <testcase name="testProfitLossEdgeCases" time="0.0" classname="com.nse.stock.tests.StockProfitLossTest">
    <skipped/>
  </testcase> <!-- testProfitLossEdgeCases -->
  <testcase name="testStockInformationCompleteness" time="0.0" classname="com.nse.stock.tests.StockInformationTest">
    <skipped/>
  </testcase> <!-- testStockInformationCompleteness -->
</testsuite> <!-- Chrome Browser Tests -->
