<?xml version="1.0" encoding="UTF-8"?>
<!-- Generated by org.testng.reporters.JUnitXMLReporter -->
<testsuite hostname="DESKTOP-HVP7PI8" ignored="0" name="Firefox Browser Tests" tests="24" failures="0" timestamp="2025-09-29T22:05:17 IST" time="4.73" errors="0">
  <testcase name="@BeforeMethod setUp" time="1.607" classname="com.nse.stock.base.BaseTest">
    <failure type="java.lang.RuntimeException" message="WebDriver setup failed">
      <![CDATA[java.lang.RuntimeException: WebDriver setup failed
at com.nse.stock.base.BaseTest.setUp(BaseTest.java:59)
at java.util.concurrent.ThreadPoolExecutor.runWorker(ThreadPoolExecutor.java:1142)
at java.util.concurrent.ThreadPoolExecutor$Worker.run(ThreadPoolExecutor.java:617)
at java.lang.Thread.run(Thread.java:745)
Caused by: java.lang.RuntimeException: Edge driver setup failed: io.github.bonigarcia.wdm.config.WebDriverManagerException: java.net.UnknownHostException: msedgedriver.azureedge.net
at com.nse.stock.utils.DriverManager.createEdgeDriver(DriverManager.java:162)
at com.nse.stock.utils.DriverManager.createDriver(DriverManager.java:65)
at com.nse.stock.utils.DriverManager.getDriver(DriverManager.java:32)
at com.nse.stock.base.BaseTest.setUp(BaseTest.java:42)
... 19 more
Caused by: io.github.bonigarcia.wdm.config.WebDriverManagerException: io.github.bonigarcia.wdm.config.WebDriverManagerException: java.net.UnknownHostException: msedgedriver.azureedge.net
at io.github.bonigarcia.wdm.WebDriverManager.handleException(WebDriverManager.java:1435)
at io.github.bonigarcia.wdm.WebDriverManager.manage(WebDriverManager.java:1195)
at io.github.bonigarcia.wdm.WebDriverManager.fallback(WebDriverManager.java:1451)
at io.github.bonigarcia.wdm.WebDriverManager.handleException(WebDriverManager.java:1432)
at io.github.bonigarcia.wdm.WebDriverManager.manage(WebDriverManager.java:1195)
at io.github.bonigarcia.wdm.WebDriverManager.handleException(WebDriverManager.java:1425)
at io.github.bonigarcia.wdm.WebDriverManager.manage(WebDriverManager.java:1195)
at io.github.bonigarcia.wdm.WebDriverManager.setup(WebDriverManager.java:427)
at com.nse.stock.utils.DriverManager.createEdgeDriver(DriverManager.java:156)
... 22 more
Caused by: io.github.bonigarcia.wdm.config.WebDriverManagerException: java.net.UnknownHostException: msedgedriver.azureedge.net
at io.github.bonigarcia.wdm.WebDriverManager.getDriversFromXml(WebDriverManager.java:1586)
at io.github.bonigarcia.wdm.managers.EdgeDriverManager.getDriverUrls(EdgeDriverManager.java:115)
at io.github.bonigarcia.wdm.WebDriverManager.createUrlHandler(WebDriverManager.java:1456)
at io.github.bonigarcia.wdm.WebDriverManager.download(WebDriverManager.java:1277)
at io.github.bonigarcia.wdm.WebDriverManager.manage(WebDriverManager.java:1189)
... 29 more
Caused by: java.net.UnknownHostException: msedgedriver.azureedge.net
at java.net.InetAddress.getAllByName0(InetAddress.java:1280)
at java.net.InetAddress.getAllByName(InetAddress.java:1192)
at java.net.InetAddress.getAllByName(InetAddress.java:1126)
at org.apache.hc.client5.http.SystemDefaultDnsResolver.resolve(SystemDefaultDnsResolver.java:43)
at org.apache.hc.client5.http.impl.io.DefaultHttpClientConnectionOperator.connect(DefaultHttpClientConnectionOperator.java:141)
at org.apache.hc.client5.http.impl.io.PoolingHttpClientConnectionManager.connect(PoolingHttpClientConnectionManager.java:447)
at org.apache.hc.client5.http.impl.classic.InternalExecRuntime.connectEndpoint(InternalExecRuntime.java:162)
at org.apache.hc.client5.http.impl.classic.InternalExecRuntime.connectEndpoint(InternalExecRuntime.java:172)
at org.apache.hc.client5.http.impl.classic.ConnectExec.execute(ConnectExec.java:142)
at org.apache.hc.client5.http.impl.classic.ExecChainElement.execute(ExecChainElement.java:51)
at org.apache.hc.client5.http.impl.classic.ProtocolExec.execute(ProtocolExec.java:192)
at org.apache.hc.client5.http.impl.classic.ExecChainElement.execute(ExecChainElement.java:51)
at org.apache.hc.client5.http.impl.classic.HttpRequestRetryExec.execute(HttpRequestRetryExec.java:96)
at org.apache.hc.client5.http.impl.classic.ExecChainElement.execute(ExecChainElement.java:51)
at org.apache.hc.client5.http.impl.classic.ContentCompressionExec.execute(ContentCompressionExec.java:152)
at org.apache.hc.client5.http.impl.classic.ExecChainElement.execute(ExecChainElement.java:51)
at org.apache.hc.client5.http.impl.classic.RedirectExec.execute(RedirectExec.java:115)
at org.apache.hc.client5.http.impl.classic.ExecChainElement.execute(ExecChainElement.java:51)
at org.apache.hc.client5.http.impl.classic.InternalHttpClient.doExecute(InternalHttpClient.java:170)
at org.apache.hc.client5.http.impl.classic.CloseableHttpClient.execute(CloseableHttpClient.java:87)
at org.apache.hc.client5.http.impl.classic.CloseableHttpClient.execute(CloseableHttpClient.java:55)
at org.apache.hc.client5.http.classic.HttpClient.executeOpen(HttpClient.java:183)
at io.github.bonigarcia.wdm.online.HttpClient.execute(HttpClient.java:162)
at io.github.bonigarcia.wdm.WebDriverManager.getDriversFromXml(WebDriverManager.java:1571)
... 33 more
... Removed 16 stack frames]]>
    </failure>
  </testcase> <!-- @BeforeMethod setUp -->
  <testcase name="@AfterMethod tearDown" time="-1.759163714769E9" classname="com.nse.stock.base.BaseTest">
    <skipped/>
  </testcase> <!-- @AfterMethod tearDown -->
  <testcase name="@BeforeMethod setUp" time="-1.759163714769E9" classname="com.nse.stock.base.BaseTest">
    <skipped/>
  </testcase> <!-- @BeforeMethod setUp -->
  <testcase name="@AfterMethod tearDown" time="-1.759163714804E9" classname="com.nse.stock.base.BaseTest">
    <skipped/>
  </testcase> <!-- @AfterMethod tearDown -->
  <testcase name="@BeforeMethod setUp" time="-1.759163714809E9" classname="com.nse.stock.base.BaseTest">
    <skipped/>
  </testcase> <!-- @BeforeMethod setUp -->
  <testcase name="@AfterMethod tearDown" time="-1.759163714841E9" classname="com.nse.stock.base.BaseTest">
    <skipped/>
  </testcase> <!-- @AfterMethod tearDown -->
  <testcase name="@BeforeMethod setUp" time="-1.759163714844E9" classname="com.nse.stock.base.BaseTest">
    <skipped/>
  </testcase> <!-- @BeforeMethod setUp -->
  <testcase name="@AfterMethod tearDown" time="-1.759163714857E9" classname="com.nse.stock.base.BaseTest">
    <skipped/>
  </testcase> <!-- @AfterMethod tearDown -->
  <testcase name="@BeforeMethod setUp" time="1.442" classname="com.nse.stock.base.BaseTest">
    <failure type="java.lang.RuntimeException" message="WebDriver setup failed">
      <![CDATA[java.lang.RuntimeException: WebDriver setup failed
at com.nse.stock.base.BaseTest.setUp(BaseTest.java:59)
at java.util.concurrent.ThreadPoolExecutor.runWorker(ThreadPoolExecutor.java:1142)
at java.util.concurrent.ThreadPoolExecutor$Worker.run(ThreadPoolExecutor.java:617)
at java.lang.Thread.run(Thread.java:745)
Caused by: java.lang.RuntimeException: Edge driver setup failed: io.github.bonigarcia.wdm.config.WebDriverManagerException: java.net.UnknownHostException: msedgedriver.azureedge.net
at com.nse.stock.utils.DriverManager.createEdgeDriver(DriverManager.java:162)
at com.nse.stock.utils.DriverManager.createDriver(DriverManager.java:65)
at com.nse.stock.utils.DriverManager.getDriver(DriverManager.java:32)
at com.nse.stock.base.BaseTest.setUp(BaseTest.java:42)
... 19 more
Caused by: io.github.bonigarcia.wdm.config.WebDriverManagerException: io.github.bonigarcia.wdm.config.WebDriverManagerException: java.net.UnknownHostException: msedgedriver.azureedge.net
at io.github.bonigarcia.wdm.WebDriverManager.handleException(WebDriverManager.java:1435)
at io.github.bonigarcia.wdm.WebDriverManager.manage(WebDriverManager.java:1195)
at io.github.bonigarcia.wdm.WebDriverManager.fallback(WebDriverManager.java:1451)
at io.github.bonigarcia.wdm.WebDriverManager.handleException(WebDriverManager.java:1432)
at io.github.bonigarcia.wdm.WebDriverManager.manage(WebDriverManager.java:1195)
at io.github.bonigarcia.wdm.WebDriverManager.handleException(WebDriverManager.java:1425)
at io.github.bonigarcia.wdm.WebDriverManager.manage(WebDriverManager.java:1195)
at io.github.bonigarcia.wdm.WebDriverManager.setup(WebDriverManager.java:427)
at com.nse.stock.utils.DriverManager.createEdgeDriver(DriverManager.java:156)
... 22 more
Caused by: io.github.bonigarcia.wdm.config.WebDriverManagerException: java.net.UnknownHostException: msedgedriver.azureedge.net
at io.github.bonigarcia.wdm.WebDriverManager.getDriversFromXml(WebDriverManager.java:1586)
at io.github.bonigarcia.wdm.managers.EdgeDriverManager.getDriverUrls(EdgeDriverManager.java:115)
at io.github.bonigarcia.wdm.WebDriverManager.createUrlHandler(WebDriverManager.java:1456)
at io.github.bonigarcia.wdm.WebDriverManager.download(WebDriverManager.java:1277)
at io.github.bonigarcia.wdm.WebDriverManager.manage(WebDriverManager.java:1189)
... 29 more
Caused by: java.net.UnknownHostException: msedgedriver.azureedge.net
at java.net.InetAddress.getAllByName0(InetAddress.java:1280)
at java.net.InetAddress.getAllByName(InetAddress.java:1192)
at java.net.InetAddress.getAllByName(InetAddress.java:1126)
at org.apache.hc.client5.http.SystemDefaultDnsResolver.resolve(SystemDefaultDnsResolver.java:43)
at org.apache.hc.client5.http.impl.io.DefaultHttpClientConnectionOperator.connect(DefaultHttpClientConnectionOperator.java:141)
at org.apache.hc.client5.http.impl.io.PoolingHttpClientConnectionManager.connect(PoolingHttpClientConnectionManager.java:447)
at org.apache.hc.client5.http.impl.classic.InternalExecRuntime.connectEndpoint(InternalExecRuntime.java:162)
at org.apache.hc.client5.http.impl.classic.InternalExecRuntime.connectEndpoint(InternalExecRuntime.java:172)
at org.apache.hc.client5.http.impl.classic.ConnectExec.execute(ConnectExec.java:142)
at org.apache.hc.client5.http.impl.classic.ExecChainElement.execute(ExecChainElement.java:51)
at org.apache.hc.client5.http.impl.classic.ProtocolExec.execute(ProtocolExec.java:192)
at org.apache.hc.client5.http.impl.classic.ExecChainElement.execute(ExecChainElement.java:51)
at org.apache.hc.client5.http.impl.classic.HttpRequestRetryExec.execute(HttpRequestRetryExec.java:96)
at org.apache.hc.client5.http.impl.classic.ExecChainElement.execute(ExecChainElement.java:51)
at org.apache.hc.client5.http.impl.classic.ContentCompressionExec.execute(ContentCompressionExec.java:152)
at org.apache.hc.client5.http.impl.classic.ExecChainElement.execute(ExecChainElement.java:51)
at org.apache.hc.client5.http.impl.classic.RedirectExec.execute(RedirectExec.java:115)
at org.apache.hc.client5.http.impl.classic.ExecChainElement.execute(ExecChainElement.java:51)
at org.apache.hc.client5.http.impl.classic.InternalHttpClient.doExecute(InternalHttpClient.java:170)
at org.apache.hc.client5.http.impl.classic.CloseableHttpClient.execute(CloseableHttpClient.java:87)
at org.apache.hc.client5.http.impl.classic.CloseableHttpClient.execute(CloseableHttpClient.java:55)
at org.apache.hc.client5.http.classic.HttpClient.executeOpen(HttpClient.java:183)
at io.github.bonigarcia.wdm.online.HttpClient.execute(HttpClient.java:162)
at io.github.bonigarcia.wdm.WebDriverManager.getDriversFromXml(WebDriverManager.java:1571)
... 33 more
... Removed 16 stack frames]]>
    </failure>
  </testcase> <!-- @BeforeMethod setUp -->
  <testcase name="@AfterMethod tearDown" time="-1.75916371633E9" classname="com.nse.stock.base.BaseTest">
    <skipped/>
  </testcase> <!-- @AfterMethod tearDown -->
  <testcase name="@BeforeMethod setUp" time="1.288" classname="com.nse.stock.base.BaseTest">
    <failure type="java.lang.RuntimeException" message="WebDriver setup failed">
      <![CDATA[java.lang.RuntimeException: WebDriver setup failed
at com.nse.stock.base.BaseTest.setUp(BaseTest.java:59)
at java.util.concurrent.ThreadPoolExecutor.runWorker(ThreadPoolExecutor.java:1142)
at java.util.concurrent.ThreadPoolExecutor$Worker.run(ThreadPoolExecutor.java:617)
at java.lang.Thread.run(Thread.java:745)
Caused by: java.lang.RuntimeException: Edge driver setup failed: io.github.bonigarcia.wdm.config.WebDriverManagerException: java.net.UnknownHostException: msedgedriver.azureedge.net
at com.nse.stock.utils.DriverManager.createEdgeDriver(DriverManager.java:162)
at com.nse.stock.utils.DriverManager.createDriver(DriverManager.java:65)
at com.nse.stock.utils.DriverManager.getDriver(DriverManager.java:32)
at com.nse.stock.base.BaseTest.setUp(BaseTest.java:42)
... 19 more
Caused by: io.github.bonigarcia.wdm.config.WebDriverManagerException: io.github.bonigarcia.wdm.config.WebDriverManagerException: java.net.UnknownHostException: msedgedriver.azureedge.net
at io.github.bonigarcia.wdm.WebDriverManager.handleException(WebDriverManager.java:1435)
at io.github.bonigarcia.wdm.WebDriverManager.manage(WebDriverManager.java:1195)
at io.github.bonigarcia.wdm.WebDriverManager.fallback(WebDriverManager.java:1451)
at io.github.bonigarcia.wdm.WebDriverManager.handleException(WebDriverManager.java:1432)
at io.github.bonigarcia.wdm.WebDriverManager.manage(WebDriverManager.java:1195)
at io.github.bonigarcia.wdm.WebDriverManager.handleException(WebDriverManager.java:1425)
at io.github.bonigarcia.wdm.WebDriverManager.manage(WebDriverManager.java:1195)
at io.github.bonigarcia.wdm.WebDriverManager.setup(WebDriverManager.java:427)
at com.nse.stock.utils.DriverManager.createEdgeDriver(DriverManager.java:156)
... 22 more
Caused by: io.github.bonigarcia.wdm.config.WebDriverManagerException: java.net.UnknownHostException: msedgedriver.azureedge.net
at io.github.bonigarcia.wdm.WebDriverManager.getDriversFromXml(WebDriverManager.java:1586)
at io.github.bonigarcia.wdm.managers.EdgeDriverManager.getDriverUrls(EdgeDriverManager.java:115)
at io.github.bonigarcia.wdm.WebDriverManager.createUrlHandler(WebDriverManager.java:1456)
at io.github.bonigarcia.wdm.WebDriverManager.download(WebDriverManager.java:1277)
at io.github.bonigarcia.wdm.WebDriverManager.manage(WebDriverManager.java:1189)
... 29 more
Caused by: java.net.UnknownHostException: msedgedriver.azureedge.net
at java.net.InetAddress.getAllByName0(InetAddress.java:1280)
at java.net.InetAddress.getAllByName(InetAddress.java:1192)
at java.net.InetAddress.getAllByName(InetAddress.java:1126)
at org.apache.hc.client5.http.SystemDefaultDnsResolver.resolve(SystemDefaultDnsResolver.java:43)
at org.apache.hc.client5.http.impl.io.DefaultHttpClientConnectionOperator.connect(DefaultHttpClientConnectionOperator.java:141)
at org.apache.hc.client5.http.impl.io.PoolingHttpClientConnectionManager.connect(PoolingHttpClientConnectionManager.java:447)
at org.apache.hc.client5.http.impl.classic.InternalExecRuntime.connectEndpoint(InternalExecRuntime.java:162)
at org.apache.hc.client5.http.impl.classic.InternalExecRuntime.connectEndpoint(InternalExecRuntime.java:172)
at org.apache.hc.client5.http.impl.classic.ConnectExec.execute(ConnectExec.java:142)
at org.apache.hc.client5.http.impl.classic.ExecChainElement.execute(ExecChainElement.java:51)
at org.apache.hc.client5.http.impl.classic.ProtocolExec.execute(ProtocolExec.java:192)
at org.apache.hc.client5.http.impl.classic.ExecChainElement.execute(ExecChainElement.java:51)
at org.apache.hc.client5.http.impl.classic.HttpRequestRetryExec.execute(HttpRequestRetryExec.java:96)
at org.apache.hc.client5.http.impl.classic.ExecChainElement.execute(ExecChainElement.java:51)
at org.apache.hc.client5.http.impl.classic.ContentCompressionExec.execute(ContentCompressionExec.java:152)
at org.apache.hc.client5.http.impl.classic.ExecChainElement.execute(ExecChainElement.java:51)
at org.apache.hc.client5.http.impl.classic.RedirectExec.execute(RedirectExec.java:115)
at org.apache.hc.client5.http.impl.classic.ExecChainElement.execute(ExecChainElement.java:51)
at org.apache.hc.client5.http.impl.classic.InternalHttpClient.doExecute(InternalHttpClient.java:170)
at org.apache.hc.client5.http.impl.classic.CloseableHttpClient.execute(CloseableHttpClient.java:87)
at org.apache.hc.client5.http.impl.classic.CloseableHttpClient.execute(CloseableHttpClient.java:55)
at org.apache.hc.client5.http.classic.HttpClient.executeOpen(HttpClient.java:183)
at io.github.bonigarcia.wdm.online.HttpClient.execute(HttpClient.java:162)
at io.github.bonigarcia.wdm.WebDriverManager.getDriversFromXml(WebDriverManager.java:1571)
... 33 more
... Removed 16 stack frames]]>
    </failure>
  </testcase> <!-- @BeforeMethod setUp -->
  <testcase name="@AfterMethod tearDown" time="-1.759163717641E9" classname="com.nse.stock.base.BaseTest">
    <skipped/>
  </testcase> <!-- @AfterMethod tearDown -->
  <testcase name="@BeforeMethod setUp" time="-1.759163717645E9" classname="com.nse.stock.base.BaseTest">
    <skipped/>
  </testcase> <!-- @BeforeMethod setUp -->
  <testcase name="@AfterMethod tearDown" time="-1.759163717654E9" classname="com.nse.stock.base.BaseTest">
    <skipped/>
  </testcase> <!-- @AfterMethod tearDown -->
  <testcase name="@BeforeMethod setUp" time="-1.759163717657E9" classname="com.nse.stock.base.BaseTest">
    <skipped/>
  </testcase> <!-- @BeforeMethod setUp -->
  <testcase name="@AfterMethod tearDown" time="-1.75916371767E9" classname="com.nse.stock.base.BaseTest">
    <skipped/>
  </testcase> <!-- @AfterMethod tearDown -->
  <testcase name="@BeforeMethod setUp" time="-1.75916371767E9" classname="com.nse.stock.base.BaseTest">
    <skipped/>
  </testcase> <!-- @BeforeMethod setUp -->
  <testcase name="@AfterMethod tearDown" time="-1.759163717674E9" classname="com.nse.stock.base.BaseTest">
    <skipped/>
  </testcase> <!-- @AfterMethod tearDown -->
  <testcase name="@BeforeMethod setUp" time="-1.759163717674E9" classname="com.nse.stock.base.BaseTest">
    <skipped/>
  </testcase> <!-- @BeforeMethod setUp -->
  <testcase name="@AfterMethod tearDown" time="-1.759163717687E9" classname="com.nse.stock.base.BaseTest">
    <skipped/>
  </testcase> <!-- @AfterMethod tearDown -->
  <testcase name="@BeforeMethod setUp" time="-1.759163717687E9" classname="com.nse.stock.base.BaseTest">
    <skipped/>
  </testcase> <!-- @BeforeMethod setUp -->
  <testcase name="@AfterMethod tearDown" time="-1.759163717708E9" classname="com.nse.stock.base.BaseTest">
    <skipped/>
  </testcase> <!-- @AfterMethod tearDown -->
  <testcase name="@BeforeMethod setUp" time="-1.759163717708E9" classname="com.nse.stock.base.BaseTest">
    <skipped/>
  </testcase> <!-- @BeforeMethod setUp -->
  <testcase name="@AfterMethod tearDown" time="-1.759163717714E9" classname="com.nse.stock.base.BaseTest">
    <skipped/>
  </testcase> <!-- @AfterMethod tearDown -->
  <testcase name="@BeforeMethod setUp" time="-1.759163717714E9" classname="com.nse.stock.base.BaseTest">
    <skipped/>
  </testcase> <!-- @BeforeMethod setUp -->
  <testcase name="@AfterMethod tearDown" time="-1.759163717718E9" classname="com.nse.stock.base.BaseTest">
    <skipped/>
  </testcase> <!-- @AfterMethod tearDown -->
  <testcase name="@BeforeMethod setUp" time="-1.759163717722E9" classname="com.nse.stock.base.BaseTest">
    <skipped/>
  </testcase> <!-- @BeforeMethod setUp -->
  <testcase name="@AfterMethod tearDown" time="-1.75916371773E9" classname="com.nse.stock.base.BaseTest">
    <skipped/>
  </testcase> <!-- @AfterMethod tearDown -->
  <testcase name="@BeforeMethod setUp" time="-1.759163717735E9" classname="com.nse.stock.base.BaseTest">
    <skipped/>
  </testcase> <!-- @BeforeMethod setUp -->
  <testcase name="@AfterMethod tearDown" time="-1.759163717738E9" classname="com.nse.stock.base.BaseTest">
    <skipped/>
  </testcase> <!-- @AfterMethod tearDown -->
  <testcase name="@BeforeMethod setUp" time="-1.759163717738E9" classname="com.nse.stock.base.BaseTest">
    <skipped/>
  </testcase> <!-- @BeforeMethod setUp -->
  <testcase name="@AfterMethod tearDown" time="-1.759163717746E9" classname="com.nse.stock.base.BaseTest">
    <skipped/>
  </testcase> <!-- @AfterMethod tearDown -->
  <testcase name="@BeforeMethod setUp" time="-1.759163717747E9" classname="com.nse.stock.base.BaseTest">
    <skipped/>
  </testcase> <!-- @BeforeMethod setUp -->
  <testcase name="@AfterMethod tearDown" time="-1.75916371777E9" classname="com.nse.stock.base.BaseTest">
    <skipped/>
  </testcase> <!-- @AfterMethod tearDown -->
  <testcase name="@BeforeMethod setUp" time="-1.75916371777E9" classname="com.nse.stock.base.BaseTest">
    <skipped/>
  </testcase> <!-- @BeforeMethod setUp -->
  <testcase name="@AfterMethod tearDown" time="-1.759163717778E9" classname="com.nse.stock.base.BaseTest">
    <skipped/>
  </testcase> <!-- @AfterMethod tearDown -->
  <testcase name="@BeforeMethod setUp" time="-1.759163717778E9" classname="com.nse.stock.base.BaseTest">
    <skipped/>
  </testcase> <!-- @BeforeMethod setUp -->
  <testcase name="@AfterMethod tearDown" time="-1.759163717785E9" classname="com.nse.stock.base.BaseTest">
    <skipped/>
  </testcase> <!-- @AfterMethod tearDown -->
  <testcase name="@BeforeMethod setUp" time="-1.759163717787E9" classname="com.nse.stock.base.BaseTest">
    <skipped/>
  </testcase> <!-- @BeforeMethod setUp -->
  <testcase name="@AfterMethod tearDown" time="-1.759163717799E9" classname="com.nse.stock.base.BaseTest">
    <skipped/>
  </testcase> <!-- @AfterMethod tearDown -->
  <testcase name="@BeforeMethod setUp" time="-1.759163717799E9" classname="com.nse.stock.base.BaseTest">
    <skipped/>
  </testcase> <!-- @BeforeMethod setUp -->
  <testcase name="@AfterMethod tearDown" time="-1.75916371781E9" classname="com.nse.stock.base.BaseTest">
    <skipped/>
  </testcase> <!-- @AfterMethod tearDown -->
  <testcase name="@BeforeMethod setUp" time="-1.759163717814E9" classname="com.nse.stock.base.BaseTest">
    <skipped/>
  </testcase> <!-- @BeforeMethod setUp -->
  <testcase name="@AfterMethod tearDown" time="-1.759163717824E9" classname="com.nse.stock.base.BaseTest">
    <skipped/>
  </testcase> <!-- @AfterMethod tearDown -->
  <testcase name="@AfterClass tearDownClass" time="-1.75916371783E9" classname="com.nse.stock.base.BaseTest">
    <skipped/>
  </testcase> <!-- @AfterClass tearDownClass -->
  <testcase name="@BeforeMethod setUp" time="-1.759163717834E9" classname="com.nse.stock.base.BaseTest">
    <skipped/>
  </testcase> <!-- @BeforeMethod setUp -->
  <testcase name="@AfterMethod tearDown" time="-1.759163717839E9" classname="com.nse.stock.base.BaseTest">
    <skipped/>
  </testcase> <!-- @AfterMethod tearDown -->
  <testcase name="@AfterClass tearDownClass" time="-1.759163717839E9" classname="com.nse.stock.base.BaseTest">
    <skipped/>
  </testcase> <!-- @AfterClass tearDownClass -->
  <testcase name="@BeforeMethod setUp" time="-1.759163717844E9" classname="com.nse.stock.base.BaseTest">
    <skipped/>
  </testcase> <!-- @BeforeMethod setUp -->
  <testcase name="@AfterMethod tearDown" time="-1.759163717846E9" classname="com.nse.stock.base.BaseTest">
    <skipped/>
  </testcase> <!-- @AfterMethod tearDown -->
  <testcase name="@AfterClass tearDownClass" time="-1.759163717846E9" classname="com.nse.stock.base.BaseTest">
    <skipped/>
  </testcase> <!-- @AfterClass tearDownClass -->
  <testcase name="test52WeekHighLowExtraction" time="0.0" classname="com.nse.stock.tests.Stock52WeekHighLowTest">
    <skipped/>
  </testcase> <!-- test52WeekHighLowExtraction -->
  <testcase name="test52WeekHighLowExtraction" time="0.0" classname="com.nse.stock.tests.Stock52WeekHighLowTest">
    <skipped/>
  </testcase> <!-- test52WeekHighLowExtraction -->
  <testcase name="test52WeekHighLowExtraction" time="0.0" classname="com.nse.stock.tests.Stock52WeekHighLowTest">
    <skipped/>
  </testcase> <!-- test52WeekHighLowExtraction -->
  <testcase name="test52WeekHighLowExtraction" time="0.0" classname="com.nse.stock.tests.Stock52WeekHighLowTest">
    <skipped/>
  </testcase> <!-- test52WeekHighLowExtraction -->
  <testcase name="testNSEWebsiteAccessibility" time="0.0" classname="com.nse.stock.tests.StockInformationTest">
    <skipped/>
  </testcase> <!-- testNSEWebsiteAccessibility -->
  <testcase name="testStockProfitLossCalculation" time="0.0" classname="com.nse.stock.tests.StockProfitLossTest">
    <skipped/>
  </testcase> <!-- testStockProfitLossCalculation -->
  <testcase name="testStockProfitLossCalculation" time="0.0" classname="com.nse.stock.tests.StockProfitLossTest">
    <skipped/>
  </testcase> <!-- testStockProfitLossCalculation -->
  <testcase name="testStockProfitLossCalculation" time="0.0" classname="com.nse.stock.tests.StockProfitLossTest">
    <skipped/>
  </testcase> <!-- testStockProfitLossCalculation -->
  <testcase name="testStockProfitLossCalculation" time="0.0" classname="com.nse.stock.tests.StockProfitLossTest">
    <skipped/>
  </testcase> <!-- testStockProfitLossCalculation -->
  <testcase name="testStockProfitLossCalculation" time="0.0" classname="com.nse.stock.tests.StockProfitLossTest">
    <skipped/>
  </testcase> <!-- testStockProfitLossCalculation -->
  <testcase name="testStockInformationDisplay" time="0.0" classname="com.nse.stock.tests.StockInformationTest">
    <skipped/>
  </testcase> <!-- testStockInformationDisplay -->
  <testcase name="testStockInformationDisplay" time="0.0" classname="com.nse.stock.tests.StockInformationTest">
    <skipped/>
  </testcase> <!-- testStockInformationDisplay -->
  <testcase name="testStockInformationDisplay" time="0.0" classname="com.nse.stock.tests.StockInformationTest">
    <skipped/>
  </testcase> <!-- testStockInformationDisplay -->
  <testcase name="testTataMotors52WeekData" time="0.0" classname="com.nse.stock.tests.Stock52WeekHighLowTest">
    <skipped/>
  </testcase> <!-- testTataMotors52WeekData -->
  <testcase name="testTataMotorsProfitLoss" time="0.0" classname="com.nse.stock.tests.StockProfitLossTest">
    <skipped/>
  </testcase> <!-- testTataMotorsProfitLoss -->
  <testcase name="test52WeekDataAvailability" time="0.0" classname="com.nse.stock.tests.Stock52WeekHighLowTest">
    <skipped/>
  </testcase> <!-- test52WeekDataAvailability -->
  <testcase name="testCustomPurchasePriceProfitLoss" time="0.0" classname="com.nse.stock.tests.StockProfitLossTest">
    <skipped/>
  </testcase> <!-- testCustomPurchasePriceProfitLoss -->
  <testcase name="testDefaultStockInformation" time="0.0" classname="com.nse.stock.tests.StockInformationTest">
    <skipped/>
  </testcase> <!-- testDefaultStockInformation -->
  <testcase name="test52WeekDataConsistency" time="0.0" classname="com.nse.stock.tests.Stock52WeekHighLowTest">
    <skipped/>
  </testcase> <!-- test52WeekDataConsistency -->
  <testcase name="testBatchProfitLossCalculation" time="0.0" classname="com.nse.stock.tests.StockProfitLossTest">
    <skipped/>
  </testcase> <!-- testBatchProfitLossCalculation -->
  <testcase name="testInvalidStockSearch" time="0.0" classname="com.nse.stock.tests.StockInformationTest">
    <skipped/>
  </testcase> <!-- testInvalidStockSearch -->
  <testcase name="test52WeekExtractionMethods" time="0.0" classname="com.nse.stock.tests.Stock52WeekHighLowTest">
    <skipped/>
  </testcase> <!-- test52WeekExtractionMethods -->
  <testcase name="testProfitLossEdgeCases" time="0.0" classname="com.nse.stock.tests.StockProfitLossTest">
    <skipped/>
  </testcase> <!-- testProfitLossEdgeCases -->
  <testcase name="testStockInformationCompleteness" time="0.0" classname="com.nse.stock.tests.StockInformationTest">
    <skipped/>
  </testcase> <!-- testStockInformationCompleteness -->
</testsuite> <!-- Firefox Browser Tests -->
