<?xml version="1.0" encoding="UTF-8"?>
<testsuite xmlns:xsi="http://www.w3.org/2001/XMLSchema-instance" xsi:noNamespaceSchemaLocation="https://maven.apache.org/surefire/maven-surefire-plugin/xsd/surefire-test-report-3.0.xsd" version="3.0" name="TestSuite" time="28.355" tests="225" errors="0" skipped="216" failures="9">
  <properties>
[...]
</properties>
  <testcase name="setUp[edge](0)" classname="com.nse.stock.tests.Stock52WeekHighLowTest" time="9.355">
    <failure message="WebDriver setup failed" type="java.lang.RuntimeException"><![CDATA[java.lang.RuntimeException: WebDriver setup failed
	at com.nse.stock.base.BaseTest.setUp(BaseTest.java:59)
	at sun.reflect.NativeMethodAccessorImpl.invoke0(Native Method)
	at sun.reflect.NativeMethodAccessorImpl.invoke(NativeMethodAccessorImpl.java:62)
	at sun.reflect.DelegatingMethodAccessorImpl.invoke(DelegatingMethodAccessorImpl.java:43)
	at java.lang.reflect.Method.invoke(Method.java:498)
	at org.testng.internal.MethodInvocationHelper.invokeMethod(MethodInvocationHelper.java:133)
	at org.testng.internal.MethodInvocationHelper.invokeMethodConsideringTimeout(MethodInvocationHelper.java:62)
	at org.testng.internal.ConfigInvoker.invokeConfigurationMethod(ConfigInvoker.java:385)
	at org.testng.internal.ConfigInvoker.invokeConfigurations(ConfigInvoker.java:321)
	at org.testng.internal.TestInvoker.runConfigMethods(TestInvoker.java:700)
	at org.testng.internal.TestInvoker.invokeMethod(TestInvoker.java:527)
	at org.testng.internal.TestInvoker.invokeTestMethod(TestInvoker.java:173)
	at org.testng.internal.MethodRunner.runInSequence(MethodRunner.java:46)
	at org.testng.internal.TestInvoker$MethodInvocationAgent.invoke(TestInvoker.java:824)
	at org.testng.internal.TestInvoker.invokeTestMethods(TestInvoker.java:146)
	at org.testng.internal.TestMethodWorker.invokeTestMethods(TestMethodWorker.java:146)
	at org.testng.internal.TestMethodWorker.run(TestMethodWorker.java:128)
	at java.util.concurrent.ThreadPoolExecutor.runWorker(ThreadPoolExecutor.java:1142)
	at java.util.concurrent.ThreadPoolExecutor$Worker.run(ThreadPoolExecutor.java:617)
	at java.lang.Thread.run(Thread.java:745)
Caused by: java.lang.RuntimeException: Edge driver setup failed: The path to the driver executable must be set by the webdriver.edge.driver system property; for more information, see https://github.com/SeleniumHQ/selenium/wiki/MicrosoftWebDriver. The latest version can be downloaded from http://go.microsoft.com/fwlink/?LinkId=619687
	at com.nse.stock.utils.DriverManager.createEdgeDriverWithFallback(DriverManager.java:188)
	at com.nse.stock.utils.DriverManager.createDriver(DriverManager.java:65)
	at com.nse.stock.utils.DriverManager.getDriver(DriverManager.java:32)
	at com.nse.stock.base.BaseTest.setUp(BaseTest.java:42)
	... 19 more
Caused by: java.lang.IllegalStateException: The path to the driver executable must be set by the webdriver.edge.driver system property; for more information, see https://github.com/SeleniumHQ/selenium/wiki/MicrosoftWebDriver. The latest version can be downloaded from http://go.microsoft.com/fwlink/?LinkId=619687
	at com.google.common.base.Preconditions.checkState(Preconditions.java:847)
	at org.openqa.selenium.remote.service.DriverService.findExecutable(DriverService.java:134)
	at org.openqa.selenium.edge.EdgeDriverService.access$000(EdgeDriverService.java:37)
	at org.openqa.selenium.edge.EdgeDriverService$Builder.findDefaultExecutable(EdgeDriverService.java:90)
	at org.openqa.selenium.remote.service.DriverService$Builder.build(DriverService.java:355)
	at org.openqa.selenium.edge.EdgeDriverService.createDefaultService(EdgeDriverService.java:70)
	at org.openqa.selenium.edge.EdgeDriver.<init>(EdgeDriver.java:130)
	at com.nse.stock.utils.DriverManager.createEdgeDriverWithFallback(DriverManager.java:185)
	... 22 more
]]></failure>
    <system-out><![CDATA[2025-09-29 22:36:34.755 [main] INFO  com.nse.stock.utils.ConfigReader - Configuration properties loaded successfully
2025-09-29 22:36:35.900 [TestNG-test=Chrome Browser Tests-1] INFO  com.nse.stock.base.BaseTest - Setting up test class with browser: edge
2025-09-29 22:36:36.663 [TestNG-test=Chrome Browser Tests-1] INFO  com.nse.stock.utils.TestDataReader - Stock test data loaded successfully
2025-09-29 22:36:36.693 [TestNG-test=Chrome Browser Tests-1] INFO  com.nse.stock.base.BaseTest - Starting test setup for browser: edge
2025-09-29 22:36:36.700 [TestNG-test=Chrome Browser Tests-1] INFO  com.nse.stock.utils.DriverManager - Creating WebDriver for browser: edge
2025-09-29 22:36:36.700 [TestNG-test=Chrome Browser Tests-1] INFO  com.nse.stock.utils.DriverManager - ? Starting Edge WebDriver setup with enhanced fallback mechanism...
2025-09-29 22:36:36.700 [TestNG-test=Chrome Browser Tests-1] INFO  com.nse.stock.utils.DriverManager - Method 1: Attempting WebDriverManager setup with timeout...
2025-09-29 22:36:39.973 [TestNG-test=Chrome Browser Tests-1] WARN  com.nse.stock.utils.DriverManager - ? WebDriverManager failed: io.github.bonigarcia.wdm.config.WebDriverManagerException: java.net.UnknownHostException: msedgedriver.azureedge.net. Trying fallback methods...
2025-09-29 22:36:39.976 [TestNG-test=Chrome Browser Tests-1] INFO  com.nse.stock.utils.DriverManager - Method 2: Searching for local EdgeDriver installation...
2025-09-29 22:36:39.981 [TestNG-test=Chrome Browser Tests-1] WARN  com.nse.stock.utils.DriverManager - ? No local EdgeDriver found in standard locations
2025-09-29 22:36:39.981 [TestNG-test=Chrome Browser Tests-1] WARN  com.nse.stock.utils.DriverManager - ? No local EdgeDriver found. Proceeding with system PATH...
2025-09-29 22:36:39.989 [TestNG-test=Chrome Browser Tests-1] INFO  com.nse.stock.utils.DriverManager - Creating Edge WebDriver with basic options...
2025-09-29 22:36:40.148 [TestNG-test=Chrome Browser Tests-1] ERROR com.nse.stock.utils.DriverManager - Failed to create Edge driver: The path to the driver executable must be set by the webdriver.edge.driver system property; for more information, see https://github.com/SeleniumHQ/selenium/wiki/MicrosoftWebDriver. The latest version can be downloaded from http://go.microsoft.com/fwlink/?LinkId=619687
2025-09-29 22:36:40.150 [TestNG-test=Chrome Browser Tests-1] ERROR com.nse.stock.base.BaseTest - Failed to setup WebDriver: Edge driver setup failed: The path to the driver executable must be set by the webdriver.edge.driver system property; for more information, see https://github.com/SeleniumHQ/selenium/wiki/MicrosoftWebDriver. The latest version can be downloaded from http://go.microsoft.com/fwlink/?LinkId=619687
java.lang.RuntimeException: Edge driver setup failed: The path to the driver executable must be set by the webdriver.edge.driver system property; for more information, see https://github.com/SeleniumHQ/selenium/wiki/MicrosoftWebDriver. The latest version can be downloaded from http://go.microsoft.com/fwlink/?LinkId=619687
	at com.nse.stock.utils.DriverManager.createEdgeDriverWithFallback(DriverManager.java:188) ~[classes/:?]
	at com.nse.stock.utils.DriverManager.createDriver(DriverManager.java:65) ~[classes/:?]
	at com.nse.stock.utils.DriverManager.getDriver(DriverManager.java:32) ~[classes/:?]
	at com.nse.stock.base.BaseTest.setUp(BaseTest.java:42) ~[classes/:?]
	at sun.reflect.NativeMethodAccessorImpl.invoke0(Native Method) ~[?:1.8.0_91]
	at sun.reflect.NativeMethodAccessorImpl.invoke(NativeMethodAccessorImpl.java:62) ~[?:1.8.0_91]
	at sun.reflect.DelegatingMethodAccessorImpl.invoke(DelegatingMethodAccessorImpl.java:43) ~[?:1.8.0_91]
	at java.lang.reflect.Method.invoke(Method.java:498) ~[?:1.8.0_91]
	at org.testng.internal.MethodInvocationHelper.invokeMethod(MethodInvocationHelper.java:133) ~[testng-7.4.0.jar:7.4.0]
	at org.testng.internal.MethodInvocationHelper.invokeMethodConsideringTimeout(MethodInvocationHelper.java:62) ~[testng-7.4.0.jar:7.4.0]
	at org.testng.internal.ConfigInvoker.invokeConfigurationMethod(ConfigInvoker.java:385) ~[testng-7.4.0.jar:7.4.0]
	at org.testng.internal.ConfigInvoker.invokeConfigurations(ConfigInvoker.java:321) ~[testng-7.4.0.jar:7.4.0]
	at org.testng.internal.TestInvoker.runConfigMethods(TestInvoker.java:700) ~[testng-7.4.0.jar:7.4.0]
	at org.testng.internal.TestInvoker.invokeMethod(TestInvoker.java:527) ~[testng-7.4.0.jar:7.4.0]
	at org.testng.internal.TestInvoker.invokeTestMethod(TestInvoker.java:173) ~[testng-7.4.0.jar:7.4.0]
	at org.testng.internal.MethodRunner.runInSequence(MethodRunner.java:46) ~[testng-7.4.0.jar:7.4.0]
	at org.testng.internal.TestInvoker$MethodInvocationAgent.invoke(TestInvoker.java:824) ~[testng-7.4.0.jar:7.4.0]
	at org.testng.internal.TestInvoker.invokeTestMethods(TestInvoker.java:146) ~[testng-7.4.0.jar:7.4.0]
	at org.testng.internal.TestMethodWorker.invokeTestMethods(TestMethodWorker.java:146) ~[testng-7.4.0.jar:7.4.0]
	at org.testng.internal.TestMethodWorker.run(TestMethodWorker.java:128) ~[testng-7.4.0.jar:7.4.0]
	at java.util.concurrent.ThreadPoolExecutor.runWorker(ThreadPoolExecutor.java:1142) ~[?:1.8.0_91]
	at java.util.concurrent.ThreadPoolExecutor$Worker.run(ThreadPoolExecutor.java:617) ~[?:1.8.0_91]
	at java.lang.Thread.run(Thread.java:745) ~[?:1.8.0_91]
Caused by: java.lang.IllegalStateException: The path to the driver executable must be set by the webdriver.edge.driver system property; for more information, see https://github.com/SeleniumHQ/selenium/wiki/MicrosoftWebDriver. The latest version can be downloaded from http://go.microsoft.com/fwlink/?LinkId=619687
	at com.google.common.base.Preconditions.checkState(Preconditions.java:847) ~[guava-25.0-jre.jar:?]
	at org.openqa.selenium.remote.service.DriverService.findExecutable(DriverService.java:134) ~[selenium-remote-driver-3.141.59.jar:?]
	at org.openqa.selenium.edge.EdgeDriverService.access$000(EdgeDriverService.java:37) ~[selenium-edge-driver-3.141.59.jar:?]
	at org.openqa.selenium.edge.EdgeDriverService$Builder.findDefaultExecutable(EdgeDriverService.java:90) ~[selenium-edge-driver-3.141.59.jar:?]
	at org.openqa.selenium.remote.service.DriverService$Builder.build(DriverService.java:355) ~[selenium-remote-driver-3.141.59.jar:?]
	at org.openqa.selenium.edge.EdgeDriverService.createDefaultService(EdgeDriverService.java:70) ~[selenium-edge-driver-3.141.59.jar:?]
	at org.openqa.selenium.edge.EdgeDriver.<init>(EdgeDriver.java:130) ~[selenium-edge-driver-3.141.59.jar:?]
	at com.nse.stock.utils.DriverManager.createEdgeDriverWithFallback(DriverManager.java:185) ~[classes/:?]
	... 22 more
]]></system-out>
    <system-err><![CDATA[SLF4J: No SLF4J providers were found.
SLF4J: Defaulting to no-operation (NOP) logger implementation
SLF4J: See https://www.slf4j.org/codes.html#noProviders for further details.
]]></system-err>
  </testcase>
  <testcase name="setUp[edge](0)" classname="com.nse.stock.tests.Stock52WeekHighLowTest" time="3.099">
    <failure message="WebDriver setup failed" type="java.lang.RuntimeException"><![CDATA[java.lang.RuntimeException: WebDriver setup failed
	at com.nse.stock.base.BaseTest.setUp(BaseTest.java:59)
	at sun.reflect.NativeMethodAccessorImpl.invoke0(Native Method)
	at sun.reflect.NativeMethodAccessorImpl.invoke(NativeMethodAccessorImpl.java:62)
	at sun.reflect.DelegatingMethodAccessorImpl.invoke(DelegatingMethodAccessorImpl.java:43)
	at java.lang.reflect.Method.invoke(Method.java:498)
	at org.testng.internal.MethodInvocationHelper.invokeMethod(MethodInvocationHelper.java:133)
	at org.testng.internal.MethodInvocationHelper.invokeMethodConsideringTimeout(MethodInvocationHelper.java:62)
	at org.testng.internal.ConfigInvoker.invokeConfigurationMethod(ConfigInvoker.java:385)
	at org.testng.internal.ConfigInvoker.invokeConfigurations(ConfigInvoker.java:321)
	at org.testng.internal.TestInvoker.runConfigMethods(TestInvoker.java:700)
	at org.testng.internal.TestInvoker.invokeMethod(TestInvoker.java:527)
	at org.testng.internal.TestInvoker.invokeTestMethod(TestInvoker.java:173)
	at org.testng.internal.MethodRunner.runInSequence(MethodRunner.java:46)
	at org.testng.internal.TestInvoker$MethodInvocationAgent.invoke(TestInvoker.java:824)
	at org.testng.internal.TestInvoker.invokeTestMethods(TestInvoker.java:146)
	at org.testng.internal.TestMethodWorker.invokeTestMethods(TestMethodWorker.java:146)
	at org.testng.internal.TestMethodWorker.run(TestMethodWorker.java:128)
	at java.util.concurrent.ThreadPoolExecutor.runWorker(ThreadPoolExecutor.java:1142)
	at java.util.concurrent.ThreadPoolExecutor$Worker.run(ThreadPoolExecutor.java:617)
	at java.lang.Thread.run(Thread.java:745)
Caused by: java.lang.RuntimeException: Edge driver setup failed: The path to the driver executable must be set by the webdriver.edge.driver system property; for more information, see https://github.com/SeleniumHQ/selenium/wiki/MicrosoftWebDriver. The latest version can be downloaded from http://go.microsoft.com/fwlink/?LinkId=619687
	at com.nse.stock.utils.DriverManager.createEdgeDriverWithFallback(DriverManager.java:188)
	at com.nse.stock.utils.DriverManager.createDriver(DriverManager.java:65)
	at com.nse.stock.utils.DriverManager.getDriver(DriverManager.java:32)
	at com.nse.stock.base.BaseTest.setUp(BaseTest.java:42)
	... 19 more
Caused by: java.lang.IllegalStateException: The path to the driver executable must be set by the webdriver.edge.driver system property; for more information, see https://github.com/SeleniumHQ/selenium/wiki/MicrosoftWebDriver. The latest version can be downloaded from http://go.microsoft.com/fwlink/?LinkId=619687
	at com.google.common.base.Preconditions.checkState(Preconditions.java:847)
	at org.openqa.selenium.remote.service.DriverService.findExecutable(DriverService.java:134)
	at org.openqa.selenium.edge.EdgeDriverService.access$000(EdgeDriverService.java:37)
	at org.openqa.selenium.edge.EdgeDriverService$Builder.findDefaultExecutable(EdgeDriverService.java:90)
	at org.openqa.selenium.remote.service.DriverService$Builder.build(DriverService.java:355)
	at org.openqa.selenium.edge.EdgeDriverService.createDefaultService(EdgeDriverService.java:70)
	at org.openqa.selenium.edge.EdgeDriver.<init>(EdgeDriver.java:130)
	at com.nse.stock.utils.DriverManager.createEdgeDriverWithFallback(DriverManager.java:185)
	... 22 more
]]></failure>
    <system-out><![CDATA[2025-09-29 22:36:45.304 [main] INFO  com.nse.stock.listeners.ExtentReportListener - ExtentReports flushed successfully
2025-09-29 22:36:45.304 [main] INFO  com.nse.stock.listeners.ExtentReportListener - Report location: src/reports/html/ExtentReport.html
2025-09-29 22:36:45.317 [TestNG-test=Firefox Browser Tests-1] INFO  com.nse.stock.base.BaseTest - Setting up test class with browser: edge
2025-09-29 22:36:45.317 [TestNG-test=Firefox Browser Tests-1] INFO  com.nse.stock.base.BaseTest - Starting test setup for browser: edge
2025-09-29 22:36:45.317 [TestNG-test=Firefox Browser Tests-1] INFO  com.nse.stock.utils.DriverManager - Creating WebDriver for browser: edge
2025-09-29 22:36:45.317 [TestNG-test=Firefox Browser Tests-1] INFO  com.nse.stock.utils.DriverManager - ? Starting Edge WebDriver setup with enhanced fallback mechanism...
2025-09-29 22:36:45.317 [TestNG-test=Firefox Browser Tests-1] INFO  com.nse.stock.utils.DriverManager - Method 1: Attempting WebDriverManager setup with timeout...
2025-09-29 22:36:47.007 [TestNG-test=Firefox Browser Tests-1] WARN  com.nse.stock.utils.DriverManager - ? WebDriverManager failed: io.github.bonigarcia.wdm.config.WebDriverManagerException: java.net.UnknownHostException: msedgedriver.azureedge.net. Trying fallback methods...
2025-09-29 22:36:47.007 [TestNG-test=Firefox Browser Tests-1] INFO  com.nse.stock.utils.DriverManager - Method 2: Searching for local EdgeDriver installation...
2025-09-29 22:36:47.007 [TestNG-test=Firefox Browser Tests-1] WARN  com.nse.stock.utils.DriverManager - ? No local EdgeDriver found in standard locations
2025-09-29 22:36:47.007 [TestNG-test=Firefox Browser Tests-1] WARN  com.nse.stock.utils.DriverManager - ? No local EdgeDriver found. Proceeding with system PATH...
2025-09-29 22:36:47.007 [TestNG-test=Firefox Browser Tests-1] INFO  com.nse.stock.utils.DriverManager - Creating Edge WebDriver with basic options...
2025-09-29 22:36:47.015 [TestNG-test=Firefox Browser Tests-1] ERROR com.nse.stock.utils.DriverManager - Failed to create Edge driver: The path to the driver executable must be set by the webdriver.edge.driver system property; for more information, see https://github.com/SeleniumHQ/selenium/wiki/MicrosoftWebDriver. The latest version can be downloaded from http://go.microsoft.com/fwlink/?LinkId=619687
2025-09-29 22:36:47.015 [TestNG-test=Firefox Browser Tests-1] ERROR com.nse.stock.base.BaseTest - Failed to setup WebDriver: Edge driver setup failed: The path to the driver executable must be set by the webdriver.edge.driver system property; for more information, see https://github.com/SeleniumHQ/selenium/wiki/MicrosoftWebDriver. The latest version can be downloaded from http://go.microsoft.com/fwlink/?LinkId=619687
java.lang.RuntimeException: Edge driver setup failed: The path to the driver executable must be set by the webdriver.edge.driver system property; for more information, see https://github.com/SeleniumHQ/selenium/wiki/MicrosoftWebDriver. The latest version can be downloaded from http://go.microsoft.com/fwlink/?LinkId=619687
	at com.nse.stock.utils.DriverManager.createEdgeDriverWithFallback(DriverManager.java:188) ~[classes/:?]
	at com.nse.stock.utils.DriverManager.createDriver(DriverManager.java:65) ~[classes/:?]
	at com.nse.stock.utils.DriverManager.getDriver(DriverManager.java:32) ~[classes/:?]
	at com.nse.stock.base.BaseTest.setUp(BaseTest.java:42) ~[classes/:?]
	at sun.reflect.NativeMethodAccessorImpl.invoke0(Native Method) ~[?:1.8.0_91]
	at sun.reflect.NativeMethodAccessorImpl.invoke(NativeMethodAccessorImpl.java:62) ~[?:1.8.0_91]
	at sun.reflect.DelegatingMethodAccessorImpl.invoke(DelegatingMethodAccessorImpl.java:43) ~[?:1.8.0_91]
	at java.lang.reflect.Method.invoke(Method.java:498) ~[?:1.8.0_91]
	at org.testng.internal.MethodInvocationHelper.invokeMethod(MethodInvocationHelper.java:133) ~[testng-7.4.0.jar:7.4.0]
	at org.testng.internal.MethodInvocationHelper.invokeMethodConsideringTimeout(MethodInvocationHelper.java:62) ~[testng-7.4.0.jar:7.4.0]
	at org.testng.internal.ConfigInvoker.invokeConfigurationMethod(ConfigInvoker.java:385) ~[testng-7.4.0.jar:7.4.0]
	at org.testng.internal.ConfigInvoker.invokeConfigurations(ConfigInvoker.java:321) ~[testng-7.4.0.jar:7.4.0]
	at org.testng.internal.TestInvoker.runConfigMethods(TestInvoker.java:700) ~[testng-7.4.0.jar:7.4.0]
	at org.testng.internal.TestInvoker.invokeMethod(TestInvoker.java:527) ~[testng-7.4.0.jar:7.4.0]
	at org.testng.internal.TestInvoker.invokeTestMethod(TestInvoker.java:173) ~[testng-7.4.0.jar:7.4.0]
	at org.testng.internal.MethodRunner.runInSequence(MethodRunner.java:46) ~[testng-7.4.0.jar:7.4.0]
	at org.testng.internal.TestInvoker$MethodInvocationAgent.invoke(TestInvoker.java:824) ~[testng-7.4.0.jar:7.4.0]
	at org.testng.internal.TestInvoker.invokeTestMethods(TestInvoker.java:146) ~[testng-7.4.0.jar:7.4.0]
	at org.testng.internal.TestMethodWorker.invokeTestMethods(TestMethodWorker.java:146) ~[testng-7.4.0.jar:7.4.0]
	at org.testng.internal.TestMethodWorker.run(TestMethodWorker.java:128) ~[testng-7.4.0.jar:7.4.0]
	at java.util.concurrent.ThreadPoolExecutor.runWorker(ThreadPoolExecutor.java:1142) ~[?:1.8.0_91]
	at java.util.concurrent.ThreadPoolExecutor$Worker.run(ThreadPoolExecutor.java:617) ~[?:1.8.0_91]
	at java.lang.Thread.run(Thread.java:745) ~[?:1.8.0_91]
Caused by: java.lang.IllegalStateException: The path to the driver executable must be set by the webdriver.edge.driver system property; for more information, see https://github.com/SeleniumHQ/selenium/wiki/MicrosoftWebDriver. The latest version can be downloaded from http://go.microsoft.com/fwlink/?LinkId=619687
	at com.google.common.base.Preconditions.checkState(Preconditions.java:847) ~[guava-25.0-jre.jar:?]
	at org.openqa.selenium.remote.service.DriverService.findExecutable(DriverService.java:134) ~[selenium-remote-driver-3.141.59.jar:?]
	at org.openqa.selenium.edge.EdgeDriverService.access$000(EdgeDriverService.java:37) ~[selenium-edge-driver-3.141.59.jar:?]
	at org.openqa.selenium.edge.EdgeDriverService$Builder.findDefaultExecutable(EdgeDriverService.java:90) ~[selenium-edge-driver-3.141.59.jar:?]
	at org.openqa.selenium.remote.service.DriverService$Builder.build(DriverService.java:355) ~[selenium-remote-driver-3.141.59.jar:?]
	at org.openqa.selenium.edge.EdgeDriverService.createDefaultService(EdgeDriverService.java:70) ~[selenium-edge-driver-3.141.59.jar:?]
	at org.openqa.selenium.edge.EdgeDriver.<init>(EdgeDriver.java:130) ~[selenium-edge-driver-3.141.59.jar:?]
	at com.nse.stock.utils.DriverManager.createEdgeDriverWithFallback(DriverManager.java:185) ~[classes/:?]
	... 22 more
]]></system-out>
  </testcase>
  <testcase name="setUp[edge](0)" classname="com.nse.stock.tests.Stock52WeekHighLowTest" time="2.178">
    <failure message="WebDriver setup failed" type="java.lang.RuntimeException"><![CDATA[java.lang.RuntimeException: WebDriver setup failed
	at com.nse.stock.base.BaseTest.setUp(BaseTest.java:59)
	at sun.reflect.NativeMethodAccessorImpl.invoke0(Native Method)
	at sun.reflect.NativeMethodAccessorImpl.invoke(NativeMethodAccessorImpl.java:62)
	at sun.reflect.DelegatingMethodAccessorImpl.invoke(DelegatingMethodAccessorImpl.java:43)
	at java.lang.reflect.Method.invoke(Method.java:498)
	at org.testng.internal.MethodInvocationHelper.invokeMethod(MethodInvocationHelper.java:133)
	at org.testng.internal.MethodInvocationHelper.invokeMethodConsideringTimeout(MethodInvocationHelper.java:62)
	at org.testng.internal.ConfigInvoker.invokeConfigurationMethod(ConfigInvoker.java:385)
	at org.testng.internal.ConfigInvoker.invokeConfigurations(ConfigInvoker.java:321)
	at org.testng.internal.TestInvoker.runConfigMethods(TestInvoker.java:700)
	at org.testng.internal.TestInvoker.invokeMethod(TestInvoker.java:527)
	at org.testng.internal.TestInvoker.invokeTestMethod(TestInvoker.java:173)
	at org.testng.internal.MethodRunner.runInSequence(MethodRunner.java:46)
	at org.testng.internal.TestInvoker$MethodInvocationAgent.invoke(TestInvoker.java:824)
	at org.testng.internal.TestInvoker.invokeTestMethods(TestInvoker.java:146)
	at org.testng.internal.TestMethodWorker.invokeTestMethods(TestMethodWorker.java:146)
	at org.testng.internal.TestMethodWorker.run(TestMethodWorker.java:128)
	at java.util.concurrent.ThreadPoolExecutor.runWorker(ThreadPoolExecutor.java:1142)
	at java.util.concurrent.ThreadPoolExecutor$Worker.run(ThreadPoolExecutor.java:617)
	at java.lang.Thread.run(Thread.java:745)
Caused by: java.lang.RuntimeException: Edge driver setup failed: The path to the driver executable must be set by the webdriver.edge.driver system property; for more information, see https://github.com/SeleniumHQ/selenium/wiki/MicrosoftWebDriver. The latest version can be downloaded from http://go.microsoft.com/fwlink/?LinkId=619687
	at com.nse.stock.utils.DriverManager.createEdgeDriverWithFallback(DriverManager.java:188)
	at com.nse.stock.utils.DriverManager.createDriver(DriverManager.java:65)
	at com.nse.stock.utils.DriverManager.getDriver(DriverManager.java:32)
	at com.nse.stock.base.BaseTest.setUp(BaseTest.java:42)
	... 19 more
Caused by: java.lang.IllegalStateException: The path to the driver executable must be set by the webdriver.edge.driver system property; for more information, see https://github.com/SeleniumHQ/selenium/wiki/MicrosoftWebDriver. The latest version can be downloaded from http://go.microsoft.com/fwlink/?LinkId=619687
	at com.google.common.base.Preconditions.checkState(Preconditions.java:847)
	at org.openqa.selenium.remote.service.DriverService.findExecutable(DriverService.java:134)
	at org.openqa.selenium.edge.EdgeDriverService.access$000(EdgeDriverService.java:37)
	at org.openqa.selenium.edge.EdgeDriverService$Builder.findDefaultExecutable(EdgeDriverService.java:90)
	at org.openqa.selenium.remote.service.DriverService$Builder.build(DriverService.java:355)
	at org.openqa.selenium.edge.EdgeDriverService.createDefaultService(EdgeDriverService.java:70)
	at org.openqa.selenium.edge.EdgeDriver.<init>(EdgeDriver.java:130)
	at com.nse.stock.utils.DriverManager.createEdgeDriverWithFallback(DriverManager.java:185)
	... 22 more
]]></failure>
    <system-out><![CDATA[2025-09-29 22:36:51.642 [main] INFO  com.nse.stock.listeners.ExtentReportListener - ExtentReports flushed successfully
2025-09-29 22:36:51.642 [main] INFO  com.nse.stock.listeners.ExtentReportListener - Report location: src/reports/html/ExtentReport.html
2025-09-29 22:36:51.650 [TestNG-test=Edge Browser Tests-1] INFO  com.nse.stock.base.BaseTest - Setting up test class with browser: edge
2025-09-29 22:36:51.650 [TestNG-test=Edge Browser Tests-1] INFO  com.nse.stock.base.BaseTest - Starting test setup for browser: edge
2025-09-29 22:36:51.650 [TestNG-test=Edge Browser Tests-1] INFO  com.nse.stock.utils.DriverManager - Creating WebDriver for browser: edge
2025-09-29 22:36:51.650 [TestNG-test=Edge Browser Tests-1] INFO  com.nse.stock.utils.DriverManager - ? Starting Edge WebDriver setup with enhanced fallback mechanism...
2025-09-29 22:36:51.650 [TestNG-test=Edge Browser Tests-1] INFO  com.nse.stock.utils.DriverManager - Method 1: Attempting WebDriverManager setup with timeout...
2025-09-29 22:36:53.384 [TestNG-test=Edge Browser Tests-1] WARN  com.nse.stock.utils.DriverManager - ? WebDriverManager failed: io.github.bonigarcia.wdm.config.WebDriverManagerException: java.net.UnknownHostException: msedgedriver.azureedge.net. Trying fallback methods...
2025-09-29 22:36:53.392 [TestNG-test=Edge Browser Tests-1] INFO  com.nse.stock.utils.DriverManager - Method 2: Searching for local EdgeDriver installation...
2025-09-29 22:36:53.392 [TestNG-test=Edge Browser Tests-1] WARN  com.nse.stock.utils.DriverManager - ? No local EdgeDriver found in standard locations
2025-09-29 22:36:53.392 [TestNG-test=Edge Browser Tests-1] WARN  com.nse.stock.utils.DriverManager - ? No local EdgeDriver found. Proceeding with system PATH...
2025-09-29 22:36:53.392 [TestNG-test=Edge Browser Tests-1] INFO  com.nse.stock.utils.DriverManager - Creating Edge WebDriver with basic options...
2025-09-29 22:36:53.400 [TestNG-test=Edge Browser Tests-1] ERROR com.nse.stock.utils.DriverManager - Failed to create Edge driver: The path to the driver executable must be set by the webdriver.edge.driver system property; for more information, see https://github.com/SeleniumHQ/selenium/wiki/MicrosoftWebDriver. The latest version can be downloaded from http://go.microsoft.com/fwlink/?LinkId=619687
2025-09-29 22:36:53.400 [TestNG-test=Edge Browser Tests-1] ERROR com.nse.stock.base.BaseTest - Failed to setup WebDriver: Edge driver setup failed: The path to the driver executable must be set by the webdriver.edge.driver system property; for more information, see https://github.com/SeleniumHQ/selenium/wiki/MicrosoftWebDriver. The latest version can be downloaded from http://go.microsoft.com/fwlink/?LinkId=619687
java.lang.RuntimeException: Edge driver setup failed: The path to the driver executable must be set by the webdriver.edge.driver system property; for more information, see https://github.com/SeleniumHQ/selenium/wiki/MicrosoftWebDriver. The latest version can be downloaded from http://go.microsoft.com/fwlink/?LinkId=619687
	at com.nse.stock.utils.DriverManager.createEdgeDriverWithFallback(DriverManager.java:188) ~[classes/:?]
	at com.nse.stock.utils.DriverManager.createDriver(DriverManager.java:65) ~[classes/:?]
	at com.nse.stock.utils.DriverManager.getDriver(DriverManager.java:32) ~[classes/:?]
	at com.nse.stock.base.BaseTest.setUp(BaseTest.java:42) ~[classes/:?]
	at sun.reflect.NativeMethodAccessorImpl.invoke0(Native Method) ~[?:1.8.0_91]
	at sun.reflect.NativeMethodAccessorImpl.invoke(NativeMethodAccessorImpl.java:62) ~[?:1.8.0_91]
	at sun.reflect.DelegatingMethodAccessorImpl.invoke(DelegatingMethodAccessorImpl.java:43) ~[?:1.8.0_91]
	at java.lang.reflect.Method.invoke(Method.java:498) ~[?:1.8.0_91]
	at org.testng.internal.MethodInvocationHelper.invokeMethod(MethodInvocationHelper.java:133) ~[testng-7.4.0.jar:7.4.0]
	at org.testng.internal.MethodInvocationHelper.invokeMethodConsideringTimeout(MethodInvocationHelper.java:62) ~[testng-7.4.0.jar:7.4.0]
	at org.testng.internal.ConfigInvoker.invokeConfigurationMethod(ConfigInvoker.java:385) ~[testng-7.4.0.jar:7.4.0]
	at org.testng.internal.ConfigInvoker.invokeConfigurations(ConfigInvoker.java:321) ~[testng-7.4.0.jar:7.4.0]
	at org.testng.internal.TestInvoker.runConfigMethods(TestInvoker.java:700) ~[testng-7.4.0.jar:7.4.0]
	at org.testng.internal.TestInvoker.invokeMethod(TestInvoker.java:527) ~[testng-7.4.0.jar:7.4.0]
	at org.testng.internal.TestInvoker.invokeTestMethod(TestInvoker.java:173) ~[testng-7.4.0.jar:7.4.0]
	at org.testng.internal.MethodRunner.runInSequence(MethodRunner.java:46) ~[testng-7.4.0.jar:7.4.0]
	at org.testng.internal.TestInvoker$MethodInvocationAgent.invoke(TestInvoker.java:824) ~[testng-7.4.0.jar:7.4.0]
	at org.testng.internal.TestInvoker.invokeTestMethods(TestInvoker.java:146) ~[testng-7.4.0.jar:7.4.0]
	at org.testng.internal.TestMethodWorker.invokeTestMethods(TestMethodWorker.java:146) ~[testng-7.4.0.jar:7.4.0]
	at org.testng.internal.TestMethodWorker.run(TestMethodWorker.java:128) ~[testng-7.4.0.jar:7.4.0]
	at java.util.concurrent.ThreadPoolExecutor.runWorker(ThreadPoolExecutor.java:1142) ~[?:1.8.0_91]
	at java.util.concurrent.ThreadPoolExecutor$Worker.run(ThreadPoolExecutor.java:617) ~[?:1.8.0_91]
	at java.lang.Thread.run(Thread.java:745) ~[?:1.8.0_91]
Caused by: java.lang.IllegalStateException: The path to the driver executable must be set by the webdriver.edge.driver system property; for more information, see https://github.com/SeleniumHQ/selenium/wiki/MicrosoftWebDriver. The latest version can be downloaded from http://go.microsoft.com/fwlink/?LinkId=619687
	at com.google.common.base.Preconditions.checkState(Preconditions.java:847) ~[guava-25.0-jre.jar:?]
	at org.openqa.selenium.remote.service.DriverService.findExecutable(DriverService.java:134) ~[selenium-remote-driver-3.141.59.jar:?]
	at org.openqa.selenium.edge.EdgeDriverService.access$000(EdgeDriverService.java:37) ~[selenium-edge-driver-3.141.59.jar:?]
	at org.openqa.selenium.edge.EdgeDriverService$Builder.findDefaultExecutable(EdgeDriverService.java:90) ~[selenium-edge-driver-3.141.59.jar:?]
	at org.openqa.selenium.remote.service.DriverService$Builder.build(DriverService.java:355) ~[selenium-remote-driver-3.141.59.jar:?]
	at org.openqa.selenium.edge.EdgeDriverService.createDefaultService(EdgeDriverService.java:70) ~[selenium-edge-driver-3.141.59.jar:?]
	at org.openqa.selenium.edge.EdgeDriver.<init>(EdgeDriver.java:130) ~[selenium-edge-driver-3.141.59.jar:?]
	at com.nse.stock.utils.DriverManager.createEdgeDriverWithFallback(DriverManager.java:185) ~[classes/:?]
	... 22 more
]]></system-out>
  </testcase>
  <testcase name="test52WeekHighLowExtraction[TATAMOTORS](1)" classname="com.nse.stock.tests.Stock52WeekHighLowTest" time="0">
    <skipped message="WebDriver setup failed"/>
    <system-out><![CDATA[2025-09-29 22:36:40.743 [TestNG-test=Chrome Browser Tests-1] INFO  com.nse.stock.listeners.ExtentReportListener - ExtentReports initialized successfully
2025-09-29 22:36:40.766 [TestNG-test=Chrome Browser Tests-1] INFO  com.nse.stock.listeners.ExtentReportListener - Test started: test52WeekHighLowExtraction - Extract and verify 52-week high and low prices for stocks
2025-09-29 22:36:40.774 [TestNG-test=Chrome Browser Tests-1] INFO  com.nse.stock.listeners.ScreenshotListener - Test started: test52WeekHighLowExtraction on browser: edge in thread: TestNG-test=Chrome Browser Tests-1
2025-09-29 22:36:40.790 [TestNG-test=Chrome Browser Tests-1] WARN  com.nse.stock.listeners.ExtentReportListener - Test skipped: test52WeekHighLowExtraction - WebDriver setup failed
]]></system-out>
  </testcase>
  <testcase name="test52WeekHighLowExtraction[TATAMOTORS](1)" classname="com.nse.stock.tests.Stock52WeekHighLowTest" time="0">
    <skipped message="WebDriver setup failed"/>
    <system-out><![CDATA[2025-09-29 22:36:47.031 [TestNG-test=Firefox Browser Tests-1] INFO  com.nse.stock.listeners.ExtentReportListener - Test started: test52WeekHighLowExtraction - Extract and verify 52-week high and low prices for stocks
2025-09-29 22:36:47.031 [TestNG-test=Firefox Browser Tests-1] INFO  com.nse.stock.listeners.ScreenshotListener - Test started: test52WeekHighLowExtraction on browser: edge in thread: TestNG-test=Firefox Browser Tests-1
2025-09-29 22:36:47.031 [TestNG-test=Firefox Browser Tests-1] WARN  com.nse.stock.listeners.ExtentReportListener - Test skipped: test52WeekHighLowExtraction - WebDriver setup failed
]]></system-out>
  </testcase>
  <testcase name="test52WeekHighLowExtraction[TATAMOTORS](1)" classname="com.nse.stock.tests.Stock52WeekHighLowTest" time="0">
    <skipped message="WebDriver setup failed"/>
    <system-out><![CDATA[2025-09-29 22:36:53.408 [TestNG-test=Edge Browser Tests-1] INFO  com.nse.stock.listeners.ExtentReportListener - Test started: test52WeekHighLowExtraction - Extract and verify 52-week high and low prices for stocks
2025-09-29 22:36:53.408 [TestNG-test=Edge Browser Tests-1] INFO  com.nse.stock.listeners.ScreenshotListener - Test started: test52WeekHighLowExtraction on browser: edge in thread: TestNG-test=Edge Browser Tests-1
2025-09-29 22:36:53.408 [TestNG-test=Edge Browser Tests-1] WARN  com.nse.stock.listeners.ExtentReportListener - Test skipped: test52WeekHighLowExtraction - WebDriver setup failed
]]></system-out>
  </testcase>
  <testcase name="tearDown" classname="com.nse.stock.tests.Stock52WeekHighLowTest" time="0">
    <skipped/>
    <system-out><![CDATA[2025-09-29 22:36:40.798 [TestNG-test=Chrome Browser Tests-1] WARN  com.nse.stock.listeners.ScreenshotListener - WebDriver is null, cannot capture screenshot for test: test52WeekHighLowExtraction
]]></system-out>
  </testcase>
  <testcase name="tearDown" classname="com.nse.stock.tests.Stock52WeekHighLowTest" time="0">
    <skipped/>
    <system-out><![CDATA[2025-09-29 22:36:40.819 [TestNG-test=Chrome Browser Tests-1] WARN  com.nse.stock.listeners.ScreenshotListener - WebDriver is null, cannot capture screenshot for test: test52WeekHighLowExtraction
]]></system-out>
  </testcase>
  <testcase name="tearDown" classname="com.nse.stock.tests.Stock52WeekHighLowTest" time="0">
    <skipped/>
    <system-out><![CDATA[2025-09-29 22:36:40.867 [TestNG-test=Chrome Browser Tests-1] WARN  com.nse.stock.listeners.ScreenshotListener - WebDriver is null, cannot capture screenshot for test: test52WeekHighLowExtraction
]]></system-out>
  </testcase>
  <testcase name="tearDown" classname="com.nse.stock.tests.Stock52WeekHighLowTest" time="0">
    <skipped/>
    <system-out><![CDATA[2025-09-29 22:36:40.870 [TestNG-test=Chrome Browser Tests-1] WARN  com.nse.stock.listeners.ScreenshotListener - WebDriver is null, cannot capture screenshot for test: test52WeekHighLowExtraction
]]></system-out>
  </testcase>
  <testcase name="tearDown" classname="com.nse.stock.tests.Stock52WeekHighLowTest" time="0">
    <skipped/>
    <system-out><![CDATA[2025-09-29 22:36:43.595 [TestNG-test=Chrome Browser Tests-1] WARN  com.nse.stock.listeners.ScreenshotListener - WebDriver is null, cannot capture screenshot for test: testTataMotors52WeekData
]]></system-out>
  </testcase>
  <testcase name="tearDown" classname="com.nse.stock.tests.Stock52WeekHighLowTest" time="0">
    <skipped/>
    <system-out><![CDATA[2025-09-29 22:36:43.647 [TestNG-test=Chrome Browser Tests-1] WARN  com.nse.stock.listeners.ScreenshotListener - WebDriver is null, cannot capture screenshot for test: test52WeekDataAvailability
]]></system-out>
  </testcase>
  <testcase name="tearDown" classname="com.nse.stock.tests.Stock52WeekHighLowTest" time="0">
    <skipped/>
    <system-out><![CDATA[2025-09-29 22:36:43.696 [TestNG-test=Chrome Browser Tests-1] WARN  com.nse.stock.listeners.ScreenshotListener - WebDriver is null, cannot capture screenshot for test: test52WeekDataConsistency
]]></system-out>
  </testcase>
  <testcase name="tearDown" classname="com.nse.stock.tests.Stock52WeekHighLowTest" time="0">
    <skipped/>
    <system-out><![CDATA[2025-09-29 22:36:43.736 [TestNG-test=Chrome Browser Tests-1] WARN  com.nse.stock.listeners.ScreenshotListener - WebDriver is null, cannot capture screenshot for test: test52WeekExtractionMethods
]]></system-out>
  </testcase>
  <testcase name="tearDown" classname="com.nse.stock.tests.Stock52WeekHighLowTest" time="0">
    <skipped/>
    <system-out><![CDATA[2025-09-29 22:36:47.031 [TestNG-test=Firefox Browser Tests-1] WARN  com.nse.stock.listeners.ScreenshotListener - WebDriver is null, cannot capture screenshot for test: test52WeekHighLowExtraction
]]></system-out>
  </testcase>
  <testcase name="tearDown" classname="com.nse.stock.tests.Stock52WeekHighLowTest" time="0">
    <skipped/>
    <system-out><![CDATA[2025-09-29 22:36:47.047 [TestNG-test=Firefox Browser Tests-1] WARN  com.nse.stock.listeners.ScreenshotListener - WebDriver is null, cannot capture screenshot for test: test52WeekHighLowExtraction
]]></system-out>
  </testcase>
  <testcase name="tearDown" classname="com.nse.stock.tests.Stock52WeekHighLowTest" time="0">
    <skipped/>
    <system-out><![CDATA[2025-09-29 22:36:47.055 [TestNG-test=Firefox Browser Tests-1] WARN  com.nse.stock.listeners.ScreenshotListener - WebDriver is null, cannot capture screenshot for test: test52WeekHighLowExtraction
]]></system-out>
  </testcase>
  <testcase name="tearDown" classname="com.nse.stock.tests.Stock52WeekHighLowTest" time="0">
    <skipped/>
    <system-out><![CDATA[2025-09-29 22:36:47.063 [TestNG-test=Firefox Browser Tests-1] WARN  com.nse.stock.listeners.ScreenshotListener - WebDriver is null, cannot capture screenshot for test: test52WeekHighLowExtraction
]]></system-out>
  </testcase>
  <testcase name="tearDown" classname="com.nse.stock.tests.Stock52WeekHighLowTest" time="0">
    <skipped/>
    <system-out><![CDATA[2025-09-29 22:36:50.995 [TestNG-test=Firefox Browser Tests-1] WARN  com.nse.stock.listeners.ScreenshotListener - WebDriver is null, cannot capture screenshot for test: testTataMotors52WeekData
]]></system-out>
  </testcase>
  <testcase name="tearDown" classname="com.nse.stock.tests.Stock52WeekHighLowTest" time="0">
    <skipped/>
    <system-out><![CDATA[2025-09-29 22:36:51.030 [TestNG-test=Firefox Browser Tests-1] WARN  com.nse.stock.listeners.ScreenshotListener - WebDriver is null, cannot capture screenshot for test: test52WeekDataAvailability
]]></system-out>
  </testcase>
  <testcase name="tearDown" classname="com.nse.stock.tests.Stock52WeekHighLowTest" time="0">
    <skipped/>
    <system-out><![CDATA[2025-09-29 22:36:51.094 [TestNG-test=Firefox Browser Tests-1] WARN  com.nse.stock.listeners.ScreenshotListener - WebDriver is null, cannot capture screenshot for test: test52WeekDataConsistency
]]></system-out>
  </testcase>
  <testcase name="tearDown" classname="com.nse.stock.tests.Stock52WeekHighLowTest" time="0">
    <skipped/>
    <system-out><![CDATA[2025-09-29 22:36:51.137 [TestNG-test=Firefox Browser Tests-1] WARN  com.nse.stock.listeners.ScreenshotListener - WebDriver is null, cannot capture screenshot for test: test52WeekExtractionMethods
]]></system-out>
  </testcase>
  <testcase name="tearDown" classname="com.nse.stock.tests.Stock52WeekHighLowTest" time="0">
    <skipped/>
    <system-out><![CDATA[2025-09-29 22:36:53.416 [TestNG-test=Edge Browser Tests-1] WARN  com.nse.stock.listeners.ScreenshotListener - WebDriver is null, cannot capture screenshot for test: test52WeekHighLowExtraction
]]></system-out>
  </testcase>
  <testcase name="tearDown" classname="com.nse.stock.tests.Stock52WeekHighLowTest" time="0">
    <skipped/>
    <system-out><![CDATA[2025-09-29 22:36:53.432 [TestNG-test=Edge Browser Tests-1] WARN  com.nse.stock.listeners.ScreenshotListener - WebDriver is null, cannot capture screenshot for test: test52WeekHighLowExtraction
]]></system-out>
  </testcase>
  <testcase name="tearDown" classname="com.nse.stock.tests.Stock52WeekHighLowTest" time="0">
    <skipped/>
    <system-out><![CDATA[2025-09-29 22:36:53.450 [TestNG-test=Edge Browser Tests-1] WARN  com.nse.stock.listeners.ScreenshotListener - WebDriver is null, cannot capture screenshot for test: test52WeekHighLowExtraction
]]></system-out>
  </testcase>
  <testcase name="tearDown" classname="com.nse.stock.tests.Stock52WeekHighLowTest" time="0">
    <skipped/>
    <system-out><![CDATA[2025-09-29 22:36:53.461 [TestNG-test=Edge Browser Tests-1] WARN  com.nse.stock.listeners.ScreenshotListener - WebDriver is null, cannot capture screenshot for test: test52WeekHighLowExtraction
]]></system-out>
  </testcase>
  <testcase name="tearDown" classname="com.nse.stock.tests.Stock52WeekHighLowTest" time="0">
    <skipped/>
    <system-out><![CDATA[2025-09-29 22:36:56.323 [TestNG-test=Edge Browser Tests-1] WARN  com.nse.stock.listeners.ScreenshotListener - WebDriver is null, cannot capture screenshot for test: testTataMotors52WeekData
]]></system-out>
  </testcase>
  <testcase name="tearDown" classname="com.nse.stock.tests.Stock52WeekHighLowTest" time="0">
    <skipped/>
    <system-out><![CDATA[2025-09-29 22:36:56.339 [TestNG-test=Edge Browser Tests-1] WARN  com.nse.stock.listeners.ScreenshotListener - WebDriver is null, cannot capture screenshot for test: test52WeekDataAvailability
]]></system-out>
  </testcase>
  <testcase name="tearDown" classname="com.nse.stock.tests.Stock52WeekHighLowTest" time="0">
    <skipped/>
    <system-out><![CDATA[2025-09-29 22:36:56.389 [TestNG-test=Edge Browser Tests-1] WARN  com.nse.stock.listeners.ScreenshotListener - WebDriver is null, cannot capture screenshot for test: test52WeekDataConsistency
]]></system-out>
  </testcase>
  <testcase name="tearDown" classname="com.nse.stock.tests.Stock52WeekHighLowTest" time="0">
    <skipped/>
    <system-out><![CDATA[2025-09-29 22:36:56.426 [TestNG-test=Edge Browser Tests-1] WARN  com.nse.stock.listeners.ScreenshotListener - WebDriver is null, cannot capture screenshot for test: test52WeekExtractionMethods
]]></system-out>
  </testcase>
  <testcase name="setUp" classname="com.nse.stock.tests.Stock52WeekHighLowTest" time="0">
    <skipped/>
  </testcase>
  <testcase name="setUp" classname="com.nse.stock.tests.Stock52WeekHighLowTest" time="0">
    <skipped/>
  </testcase>
  <testcase name="setUp" classname="com.nse.stock.tests.Stock52WeekHighLowTest" time="0">
    <skipped/>
  </testcase>
  <testcase name="setUp" classname="com.nse.stock.tests.Stock52WeekHighLowTest" time="0">
    <skipped/>
  </testcase>
  <testcase name="setUp" classname="com.nse.stock.tests.Stock52WeekHighLowTest" time="0">
    <skipped/>
  </testcase>
  <testcase name="setUp" classname="com.nse.stock.tests.Stock52WeekHighLowTest" time="0">
    <skipped/>
  </testcase>
  <testcase name="setUp" classname="com.nse.stock.tests.Stock52WeekHighLowTest" time="0">
    <skipped/>
  </testcase>
  <testcase name="setUp" classname="com.nse.stock.tests.Stock52WeekHighLowTest" time="0">
    <skipped/>
  </testcase>
  <testcase name="setUp" classname="com.nse.stock.tests.Stock52WeekHighLowTest" time="0">
    <skipped/>
  </testcase>
  <testcase name="setUp" classname="com.nse.stock.tests.Stock52WeekHighLowTest" time="0">
    <skipped/>
  </testcase>
  <testcase name="setUp" classname="com.nse.stock.tests.Stock52WeekHighLowTest" time="0">
    <skipped/>
  </testcase>
  <testcase name="setUp" classname="com.nse.stock.tests.Stock52WeekHighLowTest" time="0">
    <skipped/>
  </testcase>
  <testcase name="setUp" classname="com.nse.stock.tests.Stock52WeekHighLowTest" time="0">
    <skipped/>
  </testcase>
  <testcase name="setUp" classname="com.nse.stock.tests.Stock52WeekHighLowTest" time="0">
    <skipped/>
  </testcase>
  <testcase name="setUp" classname="com.nse.stock.tests.Stock52WeekHighLowTest" time="0">
    <skipped/>
  </testcase>
  <testcase name="setUp" classname="com.nse.stock.tests.Stock52WeekHighLowTest" time="0">
    <skipped/>
  </testcase>
  <testcase name="setUp" classname="com.nse.stock.tests.Stock52WeekHighLowTest" time="0">
    <skipped/>
  </testcase>
  <testcase name="setUp" classname="com.nse.stock.tests.Stock52WeekHighLowTest" time="0">
    <skipped/>
  </testcase>
  <testcase name="setUp" classname="com.nse.stock.tests.Stock52WeekHighLowTest" time="0">
    <skipped/>
  </testcase>
  <testcase name="setUp" classname="com.nse.stock.tests.Stock52WeekHighLowTest" time="0">
    <skipped/>
  </testcase>
  <testcase name="setUp" classname="com.nse.stock.tests.Stock52WeekHighLowTest" time="0">
    <skipped/>
  </testcase>
  <testcase name="test52WeekHighLowExtraction[RELIANCE](2)" classname="com.nse.stock.tests.Stock52WeekHighLowTest" time="0">
    <skipped message="WebDriver setup failed"/>
    <system-out><![CDATA[2025-09-29 22:36:40.798 [TestNG-test=Chrome Browser Tests-1] INFO  com.nse.stock.listeners.ExtentReportListener - Test started: test52WeekHighLowExtraction - Extract and verify 52-week high and low prices for stocks
2025-09-29 22:36:40.798 [TestNG-test=Chrome Browser Tests-1] INFO  com.nse.stock.listeners.ScreenshotListener - Test started: test52WeekHighLowExtraction on browser: edge in thread: TestNG-test=Chrome Browser Tests-1
2025-09-29 22:36:40.807 [TestNG-test=Chrome Browser Tests-1] WARN  com.nse.stock.listeners.ExtentReportListener - Test skipped: test52WeekHighLowExtraction - WebDriver setup failed
]]></system-out>
  </testcase>
  <testcase name="test52WeekHighLowExtraction[RELIANCE](2)" classname="com.nse.stock.tests.Stock52WeekHighLowTest" time="0">
    <skipped message="WebDriver setup failed"/>
    <system-out><![CDATA[2025-09-29 22:36:47.039 [TestNG-test=Firefox Browser Tests-1] INFO  com.nse.stock.listeners.ExtentReportListener - Test started: test52WeekHighLowExtraction - Extract and verify 52-week high and low prices for stocks
2025-09-29 22:36:47.039 [TestNG-test=Firefox Browser Tests-1] INFO  com.nse.stock.listeners.ScreenshotListener - Test started: test52WeekHighLowExtraction on browser: edge in thread: TestNG-test=Firefox Browser Tests-1
2025-09-29 22:36:47.047 [TestNG-test=Firefox Browser Tests-1] WARN  com.nse.stock.listeners.ExtentReportListener - Test skipped: test52WeekHighLowExtraction - WebDriver setup failed
]]></system-out>
  </testcase>
  <testcase name="test52WeekHighLowExtraction[RELIANCE](2)" classname="com.nse.stock.tests.Stock52WeekHighLowTest" time="0">
    <skipped message="WebDriver setup failed"/>
    <system-out><![CDATA[2025-09-29 22:36:53.424 [TestNG-test=Edge Browser Tests-1] INFO  com.nse.stock.listeners.ExtentReportListener - Test started: test52WeekHighLowExtraction - Extract and verify 52-week high and low prices for stocks
2025-09-29 22:36:53.424 [TestNG-test=Edge Browser Tests-1] INFO  com.nse.stock.listeners.ScreenshotListener - Test started: test52WeekHighLowExtraction on browser: edge in thread: TestNG-test=Edge Browser Tests-1
2025-09-29 22:36:53.432 [TestNG-test=Edge Browser Tests-1] WARN  com.nse.stock.listeners.ExtentReportListener - Test skipped: test52WeekHighLowExtraction - WebDriver setup failed
]]></system-out>
  </testcase>
  <testcase name="test52WeekHighLowExtraction[INFY](3)" classname="com.nse.stock.tests.Stock52WeekHighLowTest" time="0">
    <skipped message="WebDriver setup failed"/>
    <system-out><![CDATA[2025-09-29 22:36:40.836 [TestNG-test=Chrome Browser Tests-1] INFO  com.nse.stock.listeners.ExtentReportListener - Test started: test52WeekHighLowExtraction - Extract and verify 52-week high and low prices for stocks
2025-09-29 22:36:40.861 [TestNG-test=Chrome Browser Tests-1] INFO  com.nse.stock.listeners.ScreenshotListener - Test started: test52WeekHighLowExtraction on browser: edge in thread: TestNG-test=Chrome Browser Tests-1
2025-09-29 22:36:40.867 [TestNG-test=Chrome Browser Tests-1] WARN  com.nse.stock.listeners.ExtentReportListener - Test skipped: test52WeekHighLowExtraction - WebDriver setup failed
]]></system-out>
  </testcase>
  <testcase name="test52WeekHighLowExtraction[INFY](3)" classname="com.nse.stock.tests.Stock52WeekHighLowTest" time="0">
    <skipped message="WebDriver setup failed"/>
    <system-out><![CDATA[2025-09-29 22:36:47.055 [TestNG-test=Firefox Browser Tests-1] INFO  com.nse.stock.listeners.ExtentReportListener - Test started: test52WeekHighLowExtraction - Extract and verify 52-week high and low prices for stocks
2025-09-29 22:36:47.055 [TestNG-test=Firefox Browser Tests-1] INFO  com.nse.stock.listeners.ScreenshotListener - Test started: test52WeekHighLowExtraction on browser: edge in thread: TestNG-test=Firefox Browser Tests-1
2025-09-29 22:36:47.055 [TestNG-test=Firefox Browser Tests-1] WARN  com.nse.stock.listeners.ExtentReportListener - Test skipped: test52WeekHighLowExtraction - WebDriver setup failed
]]></system-out>
  </testcase>
  <testcase name="test52WeekHighLowExtraction[INFY](3)" classname="com.nse.stock.tests.Stock52WeekHighLowTest" time="0">
    <skipped message="WebDriver setup failed"/>
    <system-out><![CDATA[2025-09-29 22:36:53.432 [TestNG-test=Edge Browser Tests-1] INFO  com.nse.stock.listeners.ExtentReportListener - Test started: test52WeekHighLowExtraction - Extract and verify 52-week high and low prices for stocks
2025-09-29 22:36:53.432 [TestNG-test=Edge Browser Tests-1] INFO  com.nse.stock.listeners.ScreenshotListener - Test started: test52WeekHighLowExtraction on browser: edge in thread: TestNG-test=Edge Browser Tests-1
2025-09-29 22:36:53.450 [TestNG-test=Edge Browser Tests-1] WARN  com.nse.stock.listeners.ExtentReportListener - Test skipped: test52WeekHighLowExtraction - WebDriver setup failed
]]></system-out>
  </testcase>
  <testcase name="test52WeekHighLowExtraction[TCS](4)" classname="com.nse.stock.tests.Stock52WeekHighLowTest" time="0">
    <skipped message="WebDriver setup failed"/>
    <system-out><![CDATA[2025-09-29 22:36:40.870 [TestNG-test=Chrome Browser Tests-1] INFO  com.nse.stock.listeners.ExtentReportListener - Test started: test52WeekHighLowExtraction - Extract and verify 52-week high and low prices for stocks
2025-09-29 22:36:40.870 [TestNG-test=Chrome Browser Tests-1] INFO  com.nse.stock.listeners.ScreenshotListener - Test started: test52WeekHighLowExtraction on browser: edge in thread: TestNG-test=Chrome Browser Tests-1
2025-09-29 22:36:40.870 [TestNG-test=Chrome Browser Tests-1] WARN  com.nse.stock.listeners.ExtentReportListener - Test skipped: test52WeekHighLowExtraction - WebDriver setup failed
]]></system-out>
  </testcase>
  <testcase name="test52WeekHighLowExtraction[TCS](4)" classname="com.nse.stock.tests.Stock52WeekHighLowTest" time="0">
    <skipped message="WebDriver setup failed"/>
    <system-out><![CDATA[2025-09-29 22:36:47.055 [TestNG-test=Firefox Browser Tests-1] INFO  com.nse.stock.listeners.ExtentReportListener - Test started: test52WeekHighLowExtraction - Extract and verify 52-week high and low prices for stocks
2025-09-29 22:36:47.063 [TestNG-test=Firefox Browser Tests-1] INFO  com.nse.stock.listeners.ScreenshotListener - Test started: test52WeekHighLowExtraction on browser: edge in thread: TestNG-test=Firefox Browser Tests-1
2025-09-29 22:36:47.063 [TestNG-test=Firefox Browser Tests-1] WARN  com.nse.stock.listeners.ExtentReportListener - Test skipped: test52WeekHighLowExtraction - WebDriver setup failed
]]></system-out>
  </testcase>
  <testcase name="test52WeekHighLowExtraction[TCS](4)" classname="com.nse.stock.tests.Stock52WeekHighLowTest" time="0">
    <skipped message="WebDriver setup failed"/>
    <system-out><![CDATA[2025-09-29 22:36:53.453 [TestNG-test=Edge Browser Tests-1] INFO  com.nse.stock.listeners.ExtentReportListener - Test started: test52WeekHighLowExtraction - Extract and verify 52-week high and low prices for stocks
2025-09-29 22:36:53.453 [TestNG-test=Edge Browser Tests-1] INFO  com.nse.stock.listeners.ScreenshotListener - Test started: test52WeekHighLowExtraction on browser: edge in thread: TestNG-test=Edge Browser Tests-1
2025-09-29 22:36:53.461 [TestNG-test=Edge Browser Tests-1] WARN  com.nse.stock.listeners.ExtentReportListener - Test skipped: test52WeekHighLowExtraction - WebDriver setup failed
]]></system-out>
  </testcase>
  <testcase name="testTataMotors52WeekData" classname="com.nse.stock.tests.Stock52WeekHighLowTest" time="0">
    <skipped message="WebDriver setup failed"/>
    <system-out><![CDATA[2025-09-29 22:36:43.595 [TestNG-test=Chrome Browser Tests-1] INFO  com.nse.stock.listeners.ExtentReportListener - Test started: testTataMotors52WeekData - Verify 52-week data for TATAMOTORS specifically
2025-09-29 22:36:43.595 [TestNG-test=Chrome Browser Tests-1] INFO  com.nse.stock.listeners.ScreenshotListener - Test started: testTataMotors52WeekData on browser: edge in thread: TestNG-test=Chrome Browser Tests-1
2025-09-29 22:36:43.595 [TestNG-test=Chrome Browser Tests-1] WARN  com.nse.stock.listeners.ExtentReportListener - Test skipped: testTataMotors52WeekData - WebDriver setup failed
]]></system-out>
  </testcase>
  <testcase name="testTataMotors52WeekData" classname="com.nse.stock.tests.Stock52WeekHighLowTest" time="0">
    <skipped message="WebDriver setup failed"/>
    <system-out><![CDATA[2025-09-29 22:36:50.985 [TestNG-test=Firefox Browser Tests-1] INFO  com.nse.stock.listeners.ExtentReportListener - Test started: testTataMotors52WeekData - Verify 52-week data for TATAMOTORS specifically
2025-09-29 22:36:50.985 [TestNG-test=Firefox Browser Tests-1] INFO  com.nse.stock.listeners.ScreenshotListener - Test started: testTataMotors52WeekData on browser: edge in thread: TestNG-test=Firefox Browser Tests-1
2025-09-29 22:36:50.985 [TestNG-test=Firefox Browser Tests-1] WARN  com.nse.stock.listeners.ExtentReportListener - Test skipped: testTataMotors52WeekData - WebDriver setup failed
]]></system-out>
  </testcase>
  <testcase name="testTataMotors52WeekData" classname="com.nse.stock.tests.Stock52WeekHighLowTest" time="0">
    <skipped message="WebDriver setup failed"/>
    <system-out><![CDATA[2025-09-29 22:36:56.323 [TestNG-test=Edge Browser Tests-1] INFO  com.nse.stock.listeners.ExtentReportListener - Test started: testTataMotors52WeekData - Verify 52-week data for TATAMOTORS specifically
2025-09-29 22:36:56.323 [TestNG-test=Edge Browser Tests-1] INFO  com.nse.stock.listeners.ScreenshotListener - Test started: testTataMotors52WeekData on browser: edge in thread: TestNG-test=Edge Browser Tests-1
2025-09-29 22:36:56.323 [TestNG-test=Edge Browser Tests-1] WARN  com.nse.stock.listeners.ExtentReportListener - Test skipped: testTataMotors52WeekData - WebDriver setup failed
]]></system-out>
  </testcase>
  <testcase name="test52WeekDataAvailability" classname="com.nse.stock.tests.Stock52WeekHighLowTest" time="0">
    <skipped message="WebDriver setup failed"/>
    <system-out><![CDATA[2025-09-29 22:36:43.630 [TestNG-test=Chrome Browser Tests-1] INFO  com.nse.stock.listeners.ExtentReportListener - Test started: test52WeekDataAvailability - Test 52-week data availability across multiple stocks
2025-09-29 22:36:43.630 [TestNG-test=Chrome Browser Tests-1] INFO  com.nse.stock.listeners.ScreenshotListener - Test started: test52WeekDataAvailability on browser: edge in thread: TestNG-test=Chrome Browser Tests-1
2025-09-29 22:36:43.630 [TestNG-test=Chrome Browser Tests-1] WARN  com.nse.stock.listeners.ExtentReportListener - Test skipped: test52WeekDataAvailability - WebDriver setup failed
]]></system-out>
  </testcase>
  <testcase name="test52WeekDataAvailability" classname="com.nse.stock.tests.Stock52WeekHighLowTest" time="0">
    <skipped message="WebDriver setup failed"/>
    <system-out><![CDATA[2025-09-29 22:36:51.022 [TestNG-test=Firefox Browser Tests-1] INFO  com.nse.stock.listeners.ExtentReportListener - Test started: test52WeekDataAvailability - Test 52-week data availability across multiple stocks
2025-09-29 22:36:51.022 [TestNG-test=Firefox Browser Tests-1] INFO  com.nse.stock.listeners.ScreenshotListener - Test started: test52WeekDataAvailability on browser: edge in thread: TestNG-test=Firefox Browser Tests-1
2025-09-29 22:36:51.022 [TestNG-test=Firefox Browser Tests-1] WARN  com.nse.stock.listeners.ExtentReportListener - Test skipped: test52WeekDataAvailability - WebDriver setup failed
]]></system-out>
  </testcase>
  <testcase name="test52WeekDataAvailability" classname="com.nse.stock.tests.Stock52WeekHighLowTest" time="0">
    <skipped message="WebDriver setup failed"/>
    <system-out><![CDATA[2025-09-29 22:36:56.331 [TestNG-test=Edge Browser Tests-1] INFO  com.nse.stock.listeners.ExtentReportListener - Test started: test52WeekDataAvailability - Test 52-week data availability across multiple stocks
2025-09-29 22:36:56.331 [TestNG-test=Edge Browser Tests-1] INFO  com.nse.stock.listeners.ScreenshotListener - Test started: test52WeekDataAvailability on browser: edge in thread: TestNG-test=Edge Browser Tests-1
2025-09-29 22:36:56.339 [TestNG-test=Edge Browser Tests-1] WARN  com.nse.stock.listeners.ExtentReportListener - Test skipped: test52WeekDataAvailability - WebDriver setup failed
]]></system-out>
  </testcase>
  <testcase name="test52WeekDataConsistency" classname="com.nse.stock.tests.Stock52WeekHighLowTest" time="0">
    <skipped message="WebDriver setup failed"/>
    <system-out><![CDATA[2025-09-29 22:36:43.688 [TestNG-test=Chrome Browser Tests-1] INFO  com.nse.stock.listeners.ExtentReportListener - Test started: test52WeekDataConsistency - Verify 52-week data logical consistency
2025-09-29 22:36:43.688 [TestNG-test=Chrome Browser Tests-1] INFO  com.nse.stock.listeners.ScreenshotListener - Test started: test52WeekDataConsistency on browser: edge in thread: TestNG-test=Chrome Browser Tests-1
2025-09-29 22:36:43.696 [TestNG-test=Chrome Browser Tests-1] WARN  com.nse.stock.listeners.ExtentReportListener - Test skipped: test52WeekDataConsistency - WebDriver setup failed
]]></system-out>
  </testcase>
  <testcase name="test52WeekDataConsistency" classname="com.nse.stock.tests.Stock52WeekHighLowTest" time="0">
    <skipped message="WebDriver setup failed"/>
    <system-out><![CDATA[2025-09-29 22:36:51.065 [TestNG-test=Firefox Browser Tests-1] INFO  com.nse.stock.listeners.ExtentReportListener - Test started: test52WeekDataConsistency - Verify 52-week data logical consistency
2025-09-29 22:36:51.065 [TestNG-test=Firefox Browser Tests-1] INFO  com.nse.stock.listeners.ScreenshotListener - Test started: test52WeekDataConsistency on browser: edge in thread: TestNG-test=Firefox Browser Tests-1
2025-09-29 22:36:51.094 [TestNG-test=Firefox Browser Tests-1] WARN  com.nse.stock.listeners.ExtentReportListener - Test skipped: test52WeekDataConsistency - WebDriver setup failed
]]></system-out>
  </testcase>
  <testcase name="test52WeekDataConsistency" classname="com.nse.stock.tests.Stock52WeekHighLowTest" time="0">
    <skipped message="WebDriver setup failed"/>
    <system-out><![CDATA[2025-09-29 22:36:56.389 [TestNG-test=Edge Browser Tests-1] INFO  com.nse.stock.listeners.ExtentReportListener - Test started: test52WeekDataConsistency - Verify 52-week data logical consistency
2025-09-29 22:36:56.389 [TestNG-test=Edge Browser Tests-1] INFO  com.nse.stock.listeners.ScreenshotListener - Test started: test52WeekDataConsistency on browser: edge in thread: TestNG-test=Edge Browser Tests-1
2025-09-29 22:36:56.389 [TestNG-test=Edge Browser Tests-1] WARN  com.nse.stock.listeners.ExtentReportListener - Test skipped: test52WeekDataConsistency - WebDriver setup failed
]]></system-out>
  </testcase>
  <testcase name="test52WeekExtractionMethods" classname="com.nse.stock.tests.Stock52WeekHighLowTest" time="0">
    <skipped message="WebDriver setup failed"/>
    <system-out><![CDATA[2025-09-29 22:36:43.736 [TestNG-test=Chrome Browser Tests-1] INFO  com.nse.stock.listeners.ExtentReportListener - Test started: test52WeekExtractionMethods - Test 52-week data extraction methods
2025-09-29 22:36:43.736 [TestNG-test=Chrome Browser Tests-1] INFO  com.nse.stock.listeners.ScreenshotListener - Test started: test52WeekExtractionMethods on browser: edge in thread: TestNG-test=Chrome Browser Tests-1
2025-09-29 22:36:43.736 [TestNG-test=Chrome Browser Tests-1] WARN  com.nse.stock.listeners.ExtentReportListener - Test skipped: test52WeekExtractionMethods - WebDriver setup failed
]]></system-out>
  </testcase>
  <testcase name="test52WeekExtractionMethods" classname="com.nse.stock.tests.Stock52WeekHighLowTest" time="0">
    <skipped message="WebDriver setup failed"/>
    <system-out><![CDATA[2025-09-29 22:36:51.137 [TestNG-test=Firefox Browser Tests-1] INFO  com.nse.stock.listeners.ExtentReportListener - Test started: test52WeekExtractionMethods - Test 52-week data extraction methods
2025-09-29 22:36:51.137 [TestNG-test=Firefox Browser Tests-1] INFO  com.nse.stock.listeners.ScreenshotListener - Test started: test52WeekExtractionMethods on browser: edge in thread: TestNG-test=Firefox Browser Tests-1
2025-09-29 22:36:51.137 [TestNG-test=Firefox Browser Tests-1] WARN  com.nse.stock.listeners.ExtentReportListener - Test skipped: test52WeekExtractionMethods - WebDriver setup failed
]]></system-out>
  </testcase>
  <testcase name="test52WeekExtractionMethods" classname="com.nse.stock.tests.Stock52WeekHighLowTest" time="0">
    <skipped message="WebDriver setup failed"/>
    <system-out><![CDATA[2025-09-29 22:36:56.410 [TestNG-test=Edge Browser Tests-1] INFO  com.nse.stock.listeners.ExtentReportListener - Test started: test52WeekExtractionMethods - Test 52-week data extraction methods
2025-09-29 22:36:56.410 [TestNG-test=Edge Browser Tests-1] INFO  com.nse.stock.listeners.ScreenshotListener - Test started: test52WeekExtractionMethods on browser: edge in thread: TestNG-test=Edge Browser Tests-1
2025-09-29 22:36:56.426 [TestNG-test=Edge Browser Tests-1] WARN  com.nse.stock.listeners.ExtentReportListener - Test skipped: test52WeekExtractionMethods - WebDriver setup failed
]]></system-out>
  </testcase>
  <testcase name="tearDownClass" classname="com.nse.stock.tests.Stock52WeekHighLowTest" time="0">
    <skipped/>
  </testcase>
  <testcase name="tearDownClass" classname="com.nse.stock.tests.Stock52WeekHighLowTest" time="0">
    <skipped/>
  </testcase>
  <testcase name="tearDownClass" classname="com.nse.stock.tests.Stock52WeekHighLowTest" time="0">
    <skipped/>
  </testcase>
  <testcase name="setUp[edge](0)" classname="com.nse.stock.tests.StockInformationTest" time="1.44">
    <failure message="WebDriver setup failed" type="java.lang.RuntimeException"><![CDATA[java.lang.RuntimeException: WebDriver setup failed
	at com.nse.stock.base.BaseTest.setUp(BaseTest.java:59)
	at sun.reflect.NativeMethodAccessorImpl.invoke0(Native Method)
	at sun.reflect.NativeMethodAccessorImpl.invoke(NativeMethodAccessorImpl.java:62)
	at sun.reflect.DelegatingMethodAccessorImpl.invoke(DelegatingMethodAccessorImpl.java:43)
	at java.lang.reflect.Method.invoke(Method.java:498)
	at org.testng.internal.MethodInvocationHelper.invokeMethod(MethodInvocationHelper.java:133)
	at org.testng.internal.MethodInvocationHelper.invokeMethodConsideringTimeout(MethodInvocationHelper.java:62)
	at org.testng.internal.ConfigInvoker.invokeConfigurationMethod(ConfigInvoker.java:385)
	at org.testng.internal.ConfigInvoker.invokeConfigurations(ConfigInvoker.java:321)
	at org.testng.internal.TestInvoker.runConfigMethods(TestInvoker.java:700)
	at org.testng.internal.TestInvoker.invokeMethod(TestInvoker.java:527)
	at org.testng.internal.TestInvoker.invokeTestMethod(TestInvoker.java:173)
	at org.testng.internal.MethodRunner.runInSequence(MethodRunner.java:46)
	at org.testng.internal.TestInvoker$MethodInvocationAgent.invoke(TestInvoker.java:824)
	at org.testng.internal.TestInvoker.invokeTestMethods(TestInvoker.java:146)
	at org.testng.internal.TestMethodWorker.invokeTestMethods(TestMethodWorker.java:146)
	at org.testng.internal.TestMethodWorker.run(TestMethodWorker.java:128)
	at java.util.concurrent.ThreadPoolExecutor.runWorker(ThreadPoolExecutor.java:1142)
	at java.util.concurrent.ThreadPoolExecutor$Worker.run(ThreadPoolExecutor.java:617)
	at java.lang.Thread.run(Thread.java:745)
Caused by: java.lang.RuntimeException: Edge driver setup failed: The path to the driver executable must be set by the webdriver.edge.driver system property; for more information, see https://github.com/SeleniumHQ/selenium/wiki/MicrosoftWebDriver. The latest version can be downloaded from http://go.microsoft.com/fwlink/?LinkId=619687
	at com.nse.stock.utils.DriverManager.createEdgeDriverWithFallback(DriverManager.java:188)
	at com.nse.stock.utils.DriverManager.createDriver(DriverManager.java:65)
	at com.nse.stock.utils.DriverManager.getDriver(DriverManager.java:32)
	at com.nse.stock.base.BaseTest.setUp(BaseTest.java:42)
	... 19 more
Caused by: java.lang.IllegalStateException: The path to the driver executable must be set by the webdriver.edge.driver system property; for more information, see https://github.com/SeleniumHQ/selenium/wiki/MicrosoftWebDriver. The latest version can be downloaded from http://go.microsoft.com/fwlink/?LinkId=619687
	at com.google.common.base.Preconditions.checkState(Preconditions.java:847)
	at org.openqa.selenium.remote.service.DriverService.findExecutable(DriverService.java:134)
	at org.openqa.selenium.edge.EdgeDriverService.access$000(EdgeDriverService.java:37)
	at org.openqa.selenium.edge.EdgeDriverService$Builder.findDefaultExecutable(EdgeDriverService.java:90)
	at org.openqa.selenium.remote.service.DriverService$Builder.build(DriverService.java:355)
	at org.openqa.selenium.edge.EdgeDriverService.createDefaultService(EdgeDriverService.java:70)
	at org.openqa.selenium.edge.EdgeDriver.<init>(EdgeDriver.java:130)
	at com.nse.stock.utils.DriverManager.createEdgeDriverWithFallback(DriverManager.java:185)
	... 22 more
]]></failure>
    <system-out><![CDATA[2025-09-29 22:36:40.904 [TestNG-test=Chrome Browser Tests-1] INFO  com.nse.stock.base.BaseTest - Setting up test class with browser: edge
2025-09-29 22:36:40.906 [TestNG-test=Chrome Browser Tests-1] INFO  com.nse.stock.base.BaseTest - Starting test setup for browser: edge
2025-09-29 22:36:40.906 [TestNG-test=Chrome Browser Tests-1] INFO  com.nse.stock.utils.DriverManager - Creating WebDriver for browser: edge
2025-09-29 22:36:40.906 [TestNG-test=Chrome Browser Tests-1] INFO  com.nse.stock.utils.DriverManager - ? Starting Edge WebDriver setup with enhanced fallback mechanism...
2025-09-29 22:36:40.910 [TestNG-test=Chrome Browser Tests-1] INFO  com.nse.stock.utils.DriverManager - Method 1: Attempting WebDriverManager setup with timeout...
2025-09-29 22:36:42.344 [TestNG-test=Chrome Browser Tests-1] WARN  com.nse.stock.utils.DriverManager - ? WebDriverManager failed: io.github.bonigarcia.wdm.config.WebDriverManagerException: java.net.UnknownHostException: msedgedriver.azureedge.net. Trying fallback methods...
2025-09-29 22:36:42.350 [TestNG-test=Chrome Browser Tests-1] INFO  com.nse.stock.utils.DriverManager - Method 2: Searching for local EdgeDriver installation...
2025-09-29 22:36:42.350 [TestNG-test=Chrome Browser Tests-1] WARN  com.nse.stock.utils.DriverManager - ? No local EdgeDriver found in standard locations
2025-09-29 22:36:42.350 [TestNG-test=Chrome Browser Tests-1] WARN  com.nse.stock.utils.DriverManager - ? No local EdgeDriver found. Proceeding with system PATH...
2025-09-29 22:36:42.350 [TestNG-test=Chrome Browser Tests-1] INFO  com.nse.stock.utils.DriverManager - Creating Edge WebDriver with basic options...
2025-09-29 22:36:42.359 [TestNG-test=Chrome Browser Tests-1] ERROR com.nse.stock.utils.DriverManager - Failed to create Edge driver: The path to the driver executable must be set by the webdriver.edge.driver system property; for more information, see https://github.com/SeleniumHQ/selenium/wiki/MicrosoftWebDriver. The latest version can be downloaded from http://go.microsoft.com/fwlink/?LinkId=619687
2025-09-29 22:36:42.359 [TestNG-test=Chrome Browser Tests-1] ERROR com.nse.stock.base.BaseTest - Failed to setup WebDriver: Edge driver setup failed: The path to the driver executable must be set by the webdriver.edge.driver system property; for more information, see https://github.com/SeleniumHQ/selenium/wiki/MicrosoftWebDriver. The latest version can be downloaded from http://go.microsoft.com/fwlink/?LinkId=619687
java.lang.RuntimeException: Edge driver setup failed: The path to the driver executable must be set by the webdriver.edge.driver system property; for more information, see https://github.com/SeleniumHQ/selenium/wiki/MicrosoftWebDriver. The latest version can be downloaded from http://go.microsoft.com/fwlink/?LinkId=619687
	at com.nse.stock.utils.DriverManager.createEdgeDriverWithFallback(DriverManager.java:188) ~[classes/:?]
	at com.nse.stock.utils.DriverManager.createDriver(DriverManager.java:65) ~[classes/:?]
	at com.nse.stock.utils.DriverManager.getDriver(DriverManager.java:32) ~[classes/:?]
	at com.nse.stock.base.BaseTest.setUp(BaseTest.java:42) ~[classes/:?]
	at sun.reflect.NativeMethodAccessorImpl.invoke0(Native Method) ~[?:1.8.0_91]
	at sun.reflect.NativeMethodAccessorImpl.invoke(NativeMethodAccessorImpl.java:62) ~[?:1.8.0_91]
	at sun.reflect.DelegatingMethodAccessorImpl.invoke(DelegatingMethodAccessorImpl.java:43) ~[?:1.8.0_91]
	at java.lang.reflect.Method.invoke(Method.java:498) ~[?:1.8.0_91]
	at org.testng.internal.MethodInvocationHelper.invokeMethod(MethodInvocationHelper.java:133) ~[testng-7.4.0.jar:7.4.0]
	at org.testng.internal.MethodInvocationHelper.invokeMethodConsideringTimeout(MethodInvocationHelper.java:62) ~[testng-7.4.0.jar:7.4.0]
	at org.testng.internal.ConfigInvoker.invokeConfigurationMethod(ConfigInvoker.java:385) ~[testng-7.4.0.jar:7.4.0]
	at org.testng.internal.ConfigInvoker.invokeConfigurations(ConfigInvoker.java:321) ~[testng-7.4.0.jar:7.4.0]
	at org.testng.internal.TestInvoker.runConfigMethods(TestInvoker.java:700) ~[testng-7.4.0.jar:7.4.0]
	at org.testng.internal.TestInvoker.invokeMethod(TestInvoker.java:527) ~[testng-7.4.0.jar:7.4.0]
	at org.testng.internal.TestInvoker.invokeTestMethod(TestInvoker.java:173) ~[testng-7.4.0.jar:7.4.0]
	at org.testng.internal.MethodRunner.runInSequence(MethodRunner.java:46) ~[testng-7.4.0.jar:7.4.0]
	at org.testng.internal.TestInvoker$MethodInvocationAgent.invoke(TestInvoker.java:824) ~[testng-7.4.0.jar:7.4.0]
	at org.testng.internal.TestInvoker.invokeTestMethods(TestInvoker.java:146) ~[testng-7.4.0.jar:7.4.0]
	at org.testng.internal.TestMethodWorker.invokeTestMethods(TestMethodWorker.java:146) ~[testng-7.4.0.jar:7.4.0]
	at org.testng.internal.TestMethodWorker.run(TestMethodWorker.java:128) ~[testng-7.4.0.jar:7.4.0]
	at java.util.concurrent.ThreadPoolExecutor.runWorker(ThreadPoolExecutor.java:1142) ~[?:1.8.0_91]
	at java.util.concurrent.ThreadPoolExecutor$Worker.run(ThreadPoolExecutor.java:617) ~[?:1.8.0_91]
	at java.lang.Thread.run(Thread.java:745) ~[?:1.8.0_91]
Caused by: java.lang.IllegalStateException: The path to the driver executable must be set by the webdriver.edge.driver system property; for more information, see https://github.com/SeleniumHQ/selenium/wiki/MicrosoftWebDriver. The latest version can be downloaded from http://go.microsoft.com/fwlink/?LinkId=619687
	at com.google.common.base.Preconditions.checkState(Preconditions.java:847) ~[guava-25.0-jre.jar:?]
	at org.openqa.selenium.remote.service.DriverService.findExecutable(DriverService.java:134) ~[selenium-remote-driver-3.141.59.jar:?]
	at org.openqa.selenium.edge.EdgeDriverService.access$000(EdgeDriverService.java:37) ~[selenium-edge-driver-3.141.59.jar:?]
	at org.openqa.selenium.edge.EdgeDriverService$Builder.findDefaultExecutable(EdgeDriverService.java:90) ~[selenium-edge-driver-3.141.59.jar:?]
	at org.openqa.selenium.remote.service.DriverService$Builder.build(DriverService.java:355) ~[selenium-remote-driver-3.141.59.jar:?]
	at org.openqa.selenium.edge.EdgeDriverService.createDefaultService(EdgeDriverService.java:70) ~[selenium-edge-driver-3.141.59.jar:?]
	at org.openqa.selenium.edge.EdgeDriver.<init>(EdgeDriver.java:130) ~[selenium-edge-driver-3.141.59.jar:?]
	at com.nse.stock.utils.DriverManager.createEdgeDriverWithFallback(DriverManager.java:185) ~[classes/:?]
	... 22 more
]]></system-out>
  </testcase>
  <testcase name="setUp[edge](0)" classname="com.nse.stock.tests.StockInformationTest" time="2.042">
    <failure message="WebDriver setup failed" type="java.lang.RuntimeException"><![CDATA[java.lang.RuntimeException: WebDriver setup failed
	at com.nse.stock.base.BaseTest.setUp(BaseTest.java:59)
	at sun.reflect.NativeMethodAccessorImpl.invoke0(Native Method)
	at sun.reflect.NativeMethodAccessorImpl.invoke(NativeMethodAccessorImpl.java:62)
	at sun.reflect.DelegatingMethodAccessorImpl.invoke(DelegatingMethodAccessorImpl.java:43)
	at java.lang.reflect.Method.invoke(Method.java:498)
	at org.testng.internal.MethodInvocationHelper.invokeMethod(MethodInvocationHelper.java:133)
	at org.testng.internal.MethodInvocationHelper.invokeMethodConsideringTimeout(MethodInvocationHelper.java:62)
	at org.testng.internal.ConfigInvoker.invokeConfigurationMethod(ConfigInvoker.java:385)
	at org.testng.internal.ConfigInvoker.invokeConfigurations(ConfigInvoker.java:321)
	at org.testng.internal.TestInvoker.runConfigMethods(TestInvoker.java:700)
	at org.testng.internal.TestInvoker.invokeMethod(TestInvoker.java:527)
	at org.testng.internal.TestInvoker.invokeTestMethod(TestInvoker.java:173)
	at org.testng.internal.MethodRunner.runInSequence(MethodRunner.java:46)
	at org.testng.internal.TestInvoker$MethodInvocationAgent.invoke(TestInvoker.java:824)
	at org.testng.internal.TestInvoker.invokeTestMethods(TestInvoker.java:146)
	at org.testng.internal.TestMethodWorker.invokeTestMethods(TestMethodWorker.java:146)
	at org.testng.internal.TestMethodWorker.run(TestMethodWorker.java:128)
	at java.util.concurrent.ThreadPoolExecutor.runWorker(ThreadPoolExecutor.java:1142)
	at java.util.concurrent.ThreadPoolExecutor$Worker.run(ThreadPoolExecutor.java:617)
	at java.lang.Thread.run(Thread.java:745)
Caused by: java.lang.RuntimeException: Edge driver setup failed: The path to the driver executable must be set by the webdriver.edge.driver system property; for more information, see https://github.com/SeleniumHQ/selenium/wiki/MicrosoftWebDriver. The latest version can be downloaded from http://go.microsoft.com/fwlink/?LinkId=619687
	at com.nse.stock.utils.DriverManager.createEdgeDriverWithFallback(DriverManager.java:188)
	at com.nse.stock.utils.DriverManager.createDriver(DriverManager.java:65)
	at com.nse.stock.utils.DriverManager.getDriver(DriverManager.java:32)
	at com.nse.stock.base.BaseTest.setUp(BaseTest.java:42)
	... 19 more
Caused by: java.lang.IllegalStateException: The path to the driver executable must be set by the webdriver.edge.driver system property; for more information, see https://github.com/SeleniumHQ/selenium/wiki/MicrosoftWebDriver. The latest version can be downloaded from http://go.microsoft.com/fwlink/?LinkId=619687
	at com.google.common.base.Preconditions.checkState(Preconditions.java:847)
	at org.openqa.selenium.remote.service.DriverService.findExecutable(DriverService.java:134)
	at org.openqa.selenium.edge.EdgeDriverService.access$000(EdgeDriverService.java:37)
	at org.openqa.selenium.edge.EdgeDriverService$Builder.findDefaultExecutable(EdgeDriverService.java:90)
	at org.openqa.selenium.remote.service.DriverService$Builder.build(DriverService.java:355)
	at org.openqa.selenium.edge.EdgeDriverService.createDefaultService(EdgeDriverService.java:70)
	at org.openqa.selenium.edge.EdgeDriver.<init>(EdgeDriver.java:130)
	at com.nse.stock.utils.DriverManager.createEdgeDriverWithFallback(DriverManager.java:185)
	... 22 more
]]></failure>
    <system-out><![CDATA[2025-09-29 22:36:47.063 [TestNG-test=Firefox Browser Tests-1] INFO  com.nse.stock.base.BaseTest - Setting up test class with browser: edge
2025-09-29 22:36:47.071 [TestNG-test=Firefox Browser Tests-1] INFO  com.nse.stock.base.BaseTest - Starting test setup for browser: edge
2025-09-29 22:36:47.071 [TestNG-test=Firefox Browser Tests-1] INFO  com.nse.stock.utils.DriverManager - Creating WebDriver for browser: edge
2025-09-29 22:36:47.071 [TestNG-test=Firefox Browser Tests-1] INFO  com.nse.stock.utils.DriverManager - ? Starting Edge WebDriver setup with enhanced fallback mechanism...
2025-09-29 22:36:47.071 [TestNG-test=Firefox Browser Tests-1] INFO  com.nse.stock.utils.DriverManager - Method 1: Attempting WebDriverManager setup with timeout...
2025-09-29 22:36:49.070 [TestNG-test=Firefox Browser Tests-1] WARN  com.nse.stock.utils.DriverManager - ? WebDriverManager failed: io.github.bonigarcia.wdm.config.WebDriverManagerException: java.net.UnknownHostException: msedgedriver.azureedge.net. Trying fallback methods...
2025-09-29 22:36:49.070 [TestNG-test=Firefox Browser Tests-1] INFO  com.nse.stock.utils.DriverManager - Method 2: Searching for local EdgeDriver installation...
2025-09-29 22:36:49.070 [TestNG-test=Firefox Browser Tests-1] WARN  com.nse.stock.utils.DriverManager - ? No local EdgeDriver found in standard locations
2025-09-29 22:36:49.070 [TestNG-test=Firefox Browser Tests-1] WARN  com.nse.stock.utils.DriverManager - ? No local EdgeDriver found. Proceeding with system PATH...
2025-09-29 22:36:49.070 [TestNG-test=Firefox Browser Tests-1] INFO  com.nse.stock.utils.DriverManager - Creating Edge WebDriver with basic options...
2025-09-29 22:36:49.094 [TestNG-test=Firefox Browser Tests-1] ERROR com.nse.stock.utils.DriverManager - Failed to create Edge driver: The path to the driver executable must be set by the webdriver.edge.driver system property; for more information, see https://github.com/SeleniumHQ/selenium/wiki/MicrosoftWebDriver. The latest version can be downloaded from http://go.microsoft.com/fwlink/?LinkId=619687
2025-09-29 22:36:49.099 [TestNG-test=Firefox Browser Tests-1] ERROR com.nse.stock.base.BaseTest - Failed to setup WebDriver: Edge driver setup failed: The path to the driver executable must be set by the webdriver.edge.driver system property; for more information, see https://github.com/SeleniumHQ/selenium/wiki/MicrosoftWebDriver. The latest version can be downloaded from http://go.microsoft.com/fwlink/?LinkId=619687
java.lang.RuntimeException: Edge driver setup failed: The path to the driver executable must be set by the webdriver.edge.driver system property; for more information, see https://github.com/SeleniumHQ/selenium/wiki/MicrosoftWebDriver. The latest version can be downloaded from http://go.microsoft.com/fwlink/?LinkId=619687
	at com.nse.stock.utils.DriverManager.createEdgeDriverWithFallback(DriverManager.java:188) ~[classes/:?]
	at com.nse.stock.utils.DriverManager.createDriver(DriverManager.java:65) ~[classes/:?]
	at com.nse.stock.utils.DriverManager.getDriver(DriverManager.java:32) ~[classes/:?]
	at com.nse.stock.base.BaseTest.setUp(BaseTest.java:42) ~[classes/:?]
	at sun.reflect.NativeMethodAccessorImpl.invoke0(Native Method) ~[?:1.8.0_91]
	at sun.reflect.NativeMethodAccessorImpl.invoke(NativeMethodAccessorImpl.java:62) ~[?:1.8.0_91]
	at sun.reflect.DelegatingMethodAccessorImpl.invoke(DelegatingMethodAccessorImpl.java:43) ~[?:1.8.0_91]
	at java.lang.reflect.Method.invoke(Method.java:498) ~[?:1.8.0_91]
	at org.testng.internal.MethodInvocationHelper.invokeMethod(MethodInvocationHelper.java:133) ~[testng-7.4.0.jar:7.4.0]
	at org.testng.internal.MethodInvocationHelper.invokeMethodConsideringTimeout(MethodInvocationHelper.java:62) ~[testng-7.4.0.jar:7.4.0]
	at org.testng.internal.ConfigInvoker.invokeConfigurationMethod(ConfigInvoker.java:385) ~[testng-7.4.0.jar:7.4.0]
	at org.testng.internal.ConfigInvoker.invokeConfigurations(ConfigInvoker.java:321) ~[testng-7.4.0.jar:7.4.0]
	at org.testng.internal.TestInvoker.runConfigMethods(TestInvoker.java:700) ~[testng-7.4.0.jar:7.4.0]
	at org.testng.internal.TestInvoker.invokeMethod(TestInvoker.java:527) ~[testng-7.4.0.jar:7.4.0]
	at org.testng.internal.TestInvoker.invokeTestMethod(TestInvoker.java:173) ~[testng-7.4.0.jar:7.4.0]
[...]
]]></system-out>
  </testcase>
  <testcase name="testStockProfitLossCalculation[StockInfo{symbol=&apos;INFY&apos;, companyName=&apos;Infosys Limited&apos;, currentPrice=0.00, priceChange=0.00, percentageChange=0.00%, weekHigh52=0.00, weekLow52=0.00, volume=&apos;null&apos;, marketCap=&apos;null&apos;, purchasePrice=1500.00, profitLoss=0.00, profitLossPercentage=0.00%, status=&apos;BREAK_EVEN&apos;}](3)" classname="com.nse.stock.tests.StockProfitLossTest" time="0">
    <skipped message="WebDriver setup failed"/>
    <system-out><![CDATA[2025-09-29 22:36:50.884 [TestNG-test=Firefox Browser Tests-1] INFO  com.nse.stock.listeners.ExtentReportListener - Test started: testStockProfitLossCalculation - Calculate and verify profit/loss for stocks with predefined purchase prices
2025-09-29 22:36:50.884 [TestNG-test=Firefox Browser Tests-1] INFO  com.nse.stock.listeners.ScreenshotListener - Test started: testStockProfitLossCalculation on browser: edge in thread: TestNG-test=Firefox Browser Tests-1
2025-09-29 22:36:50.884 [TestNG-test=Firefox Browser Tests-1] WARN  com.nse.stock.listeners.ExtentReportListener - Test skipped: testStockProfitLossCalculation - WebDriver setup failed
]]></system-out>
  </testcase>
  <testcase name="testStockProfitLossCalculation[StockInfo{symbol=&apos;INFY&apos;, companyName=&apos;Infosys Limited&apos;, currentPrice=0.00, priceChange=0.00, percentageChange=0.00%, weekHigh52=0.00, weekLow52=0.00, volume=&apos;null&apos;, marketCap=&apos;null&apos;, purchasePrice=1500.00, profitLoss=0.00, profitLossPercentage=0.00%, status=&apos;BREAK_EVEN&apos;}](3)" classname="com.nse.stock.tests.StockProfitLossTest" time="0">
    <skipped message="WebDriver setup failed"/>
    <system-out><![CDATA[2025-09-29 22:36:56.267 [TestNG-test=Edge Browser Tests-1] INFO  com.nse.stock.listeners.ExtentReportListener - Test started: testStockProfitLossCalculation - Calculate and verify profit/loss for stocks with predefined purchase prices
2025-09-29 22:36:56.267 [TestNG-test=Edge Browser Tests-1] INFO  com.nse.stock.listeners.ScreenshotListener - Test started: testStockProfitLossCalculation on browser: edge in thread: TestNG-test=Edge Browser Tests-1
2025-09-29 22:36:56.270 [TestNG-test=Edge Browser Tests-1] WARN  com.nse.stock.listeners.ExtentReportListener - Test skipped: testStockProfitLossCalculation - WebDriver setup failed
]]></system-out>
  </testcase>
  <testcase name="testStockProfitLossCalculation[StockInfo{symbol=&apos;TCS&apos;, companyName=&apos;Tata Consultancy Services Limited&apos;, currentPrice=0.00, priceChange=0.00, percentageChange=0.00%, weekHigh52=0.00, weekLow52=0.00, volume=&apos;null&apos;, marketCap=&apos;null&apos;, purchasePrice=3500.00, profitLoss=0.00, profitLossPercentage=0.00%, status=&apos;BREAK_EVEN&apos;}](4)" classname="com.nse.stock.tests.StockProfitLossTest" time="0">
    <skipped message="WebDriver setup failed"/>
    <system-out><![CDATA[2025-09-29 22:36:43.487 [TestNG-test=Chrome Browser Tests-1] INFO  com.nse.stock.listeners.ExtentReportListener - Test started: testStockProfitLossCalculation - Calculate and verify profit/loss for stocks with predefined purchase prices
2025-09-29 22:36:43.495 [TestNG-test=Chrome Browser Tests-1] INFO  com.nse.stock.listeners.ScreenshotListener - Test started: testStockProfitLossCalculation on browser: edge in thread: TestNG-test=Chrome Browser Tests-1
2025-09-29 22:36:43.495 [TestNG-test=Chrome Browser Tests-1] WARN  com.nse.stock.listeners.ExtentReportListener - Test skipped: testStockProfitLossCalculation - WebDriver setup failed
]]></system-out>
  </testcase>
  <testcase name="testStockProfitLossCalculation[StockInfo{symbol=&apos;TCS&apos;, companyName=&apos;Tata Consultancy Services Limited&apos;, currentPrice=0.00, priceChange=0.00, percentageChange=0.00%, weekHigh52=0.00, weekLow52=0.00, volume=&apos;null&apos;, marketCap=&apos;null&apos;, purchasePrice=3500.00, profitLoss=0.00, profitLossPercentage=0.00%, status=&apos;BREAK_EVEN&apos;}](4)" classname="com.nse.stock.tests.StockProfitLossTest" time="0">
    <skipped message="WebDriver setup failed"/>
    <system-out><![CDATA[2025-09-29 22:36:50.892 [TestNG-test=Firefox Browser Tests-1] INFO  com.nse.stock.listeners.ExtentReportListener - Test started: testStockProfitLossCalculation - Calculate and verify profit/loss for stocks with predefined purchase prices
2025-09-29 22:36:50.913 [TestNG-test=Firefox Browser Tests-1] INFO  com.nse.stock.listeners.ScreenshotListener - Test started: testStockProfitLossCalculation on browser: edge in thread: TestNG-test=Firefox Browser Tests-1
2025-09-29 22:36:50.916 [TestNG-test=Firefox Browser Tests-1] WARN  com.nse.stock.listeners.ExtentReportListener - Test skipped: testStockProfitLossCalculation - WebDriver setup failed
]]></system-out>
  </testcase>
  <testcase name="testStockProfitLossCalculation[StockInfo{symbol=&apos;TCS&apos;, companyName=&apos;Tata Consultancy Services Limited&apos;, currentPrice=0.00, priceChange=0.00, percentageChange=0.00%, weekHigh52=0.00, weekLow52=0.00, volume=&apos;null&apos;, marketCap=&apos;null&apos;, purchasePrice=3500.00, profitLoss=0.00, profitLossPercentage=0.00%, status=&apos;BREAK_EVEN&apos;}](4)" classname="com.nse.stock.tests.StockProfitLossTest" time="0">
    <skipped message="WebDriver setup failed"/>
    <system-out><![CDATA[2025-09-29 22:36:56.270 [TestNG-test=Edge Browser Tests-1] INFO  com.nse.stock.listeners.ExtentReportListener - Test started: testStockProfitLossCalculation - Calculate and verify profit/loss for stocks with predefined purchase prices
2025-09-29 22:36:56.270 [TestNG-test=Edge Browser Tests-1] INFO  com.nse.stock.listeners.ScreenshotListener - Test started: testStockProfitLossCalculation on browser: edge in thread: TestNG-test=Edge Browser Tests-1
2025-09-29 22:36:56.270 [TestNG-test=Edge Browser Tests-1] WARN  com.nse.stock.listeners.ExtentReportListener - Test skipped: testStockProfitLossCalculation - WebDriver setup failed
]]></system-out>
  </testcase>
  <testcase name="testStockProfitLossCalculation[StockInfo{symbol=&apos;HDFCBANK&apos;, companyName=&apos;HDFC Bank Limited&apos;, currentPrice=0.00, priceChange=0.00, percentageChange=0.00%, weekHigh52=0.00, weekLow52=0.00, volume=&apos;null&apos;, marketCap=&apos;null&apos;, purchasePrice=1600.00, profitLoss=0.00, profitLossPercentage=0.00%, status=&apos;BREAK_EVEN&apos;}](5)" classname="com.nse.stock.tests.StockProfitLossTest" time="0">
    <skipped message="WebDriver setup failed"/>
    <system-out><![CDATA[2025-09-29 22:36:43.503 [TestNG-test=Chrome Browser Tests-1] INFO  com.nse.stock.listeners.ExtentReportListener - Test started: testStockProfitLossCalculation - Calculate and verify profit/loss for stocks with predefined purchase prices
2025-09-29 22:36:43.503 [TestNG-test=Chrome Browser Tests-1] INFO  com.nse.stock.listeners.ScreenshotListener - Test started: testStockProfitLossCalculation on browser: edge in thread: TestNG-test=Chrome Browser Tests-1
2025-09-29 22:36:43.503 [TestNG-test=Chrome Browser Tests-1] WARN  com.nse.stock.listeners.ExtentReportListener - Test skipped: testStockProfitLossCalculation - WebDriver setup failed
]]></system-out>
  </testcase>
  <testcase name="testStockProfitLossCalculation[StockInfo{symbol=&apos;HDFCBANK&apos;, companyName=&apos;HDFC Bank Limited&apos;, currentPrice=0.00, priceChange=0.00, percentageChange=0.00%, weekHigh52=0.00, weekLow52=0.00, volume=&apos;null&apos;, marketCap=&apos;null&apos;, purchasePrice=1600.00, profitLoss=0.00, profitLossPercentage=0.00%, status=&apos;BREAK_EVEN&apos;}](5)" classname="com.nse.stock.tests.StockProfitLossTest" time="0">
    <skipped message="WebDriver setup failed"/>
    <system-out><![CDATA[2025-09-29 22:36:50.924 [TestNG-test=Firefox Browser Tests-1] INFO  com.nse.stock.listeners.ExtentReportListener - Test started: testStockProfitLossCalculation - Calculate and verify profit/loss for stocks with predefined purchase prices
2025-09-29 22:36:50.924 [TestNG-test=Firefox Browser Tests-1] INFO  com.nse.stock.listeners.ScreenshotListener - Test started: testStockProfitLossCalculation on browser: edge in thread: TestNG-test=Firefox Browser Tests-1
2025-09-29 22:36:50.931 [TestNG-test=Firefox Browser Tests-1] WARN  com.nse.stock.listeners.ExtentReportListener - Test skipped: testStockProfitLossCalculation - WebDriver setup failed
]]></system-out>
  </testcase>
  <testcase name="testStockProfitLossCalculation[StockInfo{symbol=&apos;HDFCBANK&apos;, companyName=&apos;HDFC Bank Limited&apos;, currentPrice=0.00, priceChange=0.00, percentageChange=0.00%, weekHigh52=0.00, weekLow52=0.00, volume=&apos;null&apos;, marketCap=&apos;null&apos;, purchasePrice=1600.00, profitLoss=0.00, profitLossPercentage=0.00%, status=&apos;BREAK_EVEN&apos;}](5)" classname="com.nse.stock.tests.StockProfitLossTest" time="0">
    <skipped message="WebDriver setup failed"/>
    <system-out><![CDATA[2025-09-29 22:36:56.288 [TestNG-test=Edge Browser Tests-1] INFO  com.nse.stock.listeners.ExtentReportListener - Test started: testStockProfitLossCalculation - Calculate and verify profit/loss for stocks with predefined purchase prices
2025-09-29 22:36:56.288 [TestNG-test=Edge Browser Tests-1] INFO  com.nse.stock.listeners.ScreenshotListener - Test started: testStockProfitLossCalculation on browser: edge in thread: TestNG-test=Edge Browser Tests-1
2025-09-29 22:36:56.296 [TestNG-test=Edge Browser Tests-1] WARN  com.nse.stock.listeners.ExtentReportListener - Test skipped: testStockProfitLossCalculation - WebDriver setup failed
]]></system-out>
  </testcase>
  <testcase name="testTataMotorsProfitLoss" classname="com.nse.stock.tests.StockProfitLossTest" time="0">
    <skipped message="WebDriver setup failed"/>
    <system-out><![CDATA[2025-09-29 22:36:43.601 [TestNG-test=Chrome Browser Tests-1] INFO  com.nse.stock.listeners.ExtentReportListener - Test started: testTataMotorsProfitLoss - Test profit/loss calculation for TATAMOTORS with specific purchase price
2025-09-29 22:36:43.604 [TestNG-test=Chrome Browser Tests-1] INFO  com.nse.stock.listeners.ScreenshotListener - Test started: testTataMotorsProfitLoss on browser: edge in thread: TestNG-test=Chrome Browser Tests-1
2025-09-29 22:36:43.622 [TestNG-test=Chrome Browser Tests-1] WARN  com.nse.stock.listeners.ExtentReportListener - Test skipped: testTataMotorsProfitLoss - WebDriver setup failed
]]></system-out>
  </testcase>
  <testcase name="testTataMotorsProfitLoss" classname="com.nse.stock.tests.StockProfitLossTest" time="0">
    <skipped message="WebDriver setup failed"/>
    <system-out><![CDATA[2025-09-29 22:36:50.995 [TestNG-test=Firefox Browser Tests-1] INFO  com.nse.stock.listeners.ExtentReportListener - Test started: testTataMotorsProfitLoss - Test profit/loss calculation for TATAMOTORS with specific purchase price
2025-09-29 22:36:51.000 [TestNG-test=Firefox Browser Tests-1] INFO  com.nse.stock.listeners.ScreenshotListener - Test started: testTataMotorsProfitLoss on browser: edge in thread: TestNG-test=Firefox Browser Tests-1
2025-09-29 22:36:51.000 [TestNG-test=Firefox Browser Tests-1] WARN  com.nse.stock.listeners.ExtentReportListener - Test skipped: testTataMotorsProfitLoss - WebDriver setup failed
]]></system-out>
  </testcase>
  <testcase name="testTataMotorsProfitLoss" classname="com.nse.stock.tests.StockProfitLossTest" time="0">
    <skipped message="WebDriver setup failed"/>
    <system-out><![CDATA[2025-09-29 22:36:56.323 [TestNG-test=Edge Browser Tests-1] INFO  com.nse.stock.listeners.ExtentReportListener - Test started: testTataMotorsProfitLoss - Test profit/loss calculation for TATAMOTORS with specific purchase price
2025-09-29 22:36:56.323 [TestNG-test=Edge Browser Tests-1] INFO  com.nse.stock.listeners.ScreenshotListener - Test started: testTataMotorsProfitLoss on browser: edge in thread: TestNG-test=Edge Browser Tests-1
2025-09-29 22:36:56.331 [TestNG-test=Edge Browser Tests-1] WARN  com.nse.stock.listeners.ExtentReportListener - Test skipped: testTataMotorsProfitLoss - WebDriver setup failed
]]></system-out>
  </testcase>
  <testcase name="testCustomPurchasePriceProfitLoss" classname="com.nse.stock.tests.StockProfitLossTest" time="0">
    <skipped message="WebDriver setup failed"/>
    <system-out><![CDATA[2025-09-29 22:36:43.647 [TestNG-test=Chrome Browser Tests-1] INFO  com.nse.stock.listeners.ExtentReportListener - Test started: testCustomPurchasePriceProfitLoss - Test profit/loss calculation with custom purchase price
2025-09-29 22:36:43.647 [TestNG-test=Chrome Browser Tests-1] INFO  com.nse.stock.listeners.ScreenshotListener - Test started: testCustomPurchasePriceProfitLoss on browser: edge in thread: TestNG-test=Chrome Browser Tests-1
2025-09-29 22:36:43.654 [TestNG-test=Chrome Browser Tests-1] WARN  com.nse.stock.listeners.ExtentReportListener - Test skipped: testCustomPurchasePriceProfitLoss - WebDriver setup failed
]]></system-out>
  </testcase>
  <testcase name="testCustomPurchasePriceProfitLoss" classname="com.nse.stock.tests.StockProfitLossTest" time="0">
    <skipped message="WebDriver setup failed"/>
    <system-out><![CDATA[2025-09-29 22:36:51.043 [TestNG-test=Firefox Browser Tests-1] INFO  com.nse.stock.listeners.ExtentReportListener - Test started: testCustomPurchasePriceProfitLoss - Test profit/loss calculation with custom purchase price
2025-09-29 22:36:51.043 [TestNG-test=Firefox Browser Tests-1] INFO  com.nse.stock.listeners.ScreenshotListener - Test started: testCustomPurchasePriceProfitLoss on browser: edge in thread: TestNG-test=Firefox Browser Tests-1
2025-09-29 22:36:51.047 [TestNG-test=Firefox Browser Tests-1] WARN  com.nse.stock.listeners.ExtentReportListener - Test skipped: testCustomPurchasePriceProfitLoss - WebDriver setup failed
]]></system-out>
  </testcase>
  <testcase name="testCustomPurchasePriceProfitLoss" classname="com.nse.stock.tests.StockProfitLossTest" time="0">
    <skipped message="WebDriver setup failed"/>
    <system-out><![CDATA[2025-09-29 22:36:56.344 [TestNG-test=Edge Browser Tests-1] INFO  com.nse.stock.listeners.ExtentReportListener - Test started: testCustomPurchasePriceProfitLoss - Test profit/loss calculation with custom purchase price
2025-09-29 22:36:56.345 [TestNG-test=Edge Browser Tests-1] INFO  com.nse.stock.listeners.ScreenshotListener - Test started: testCustomPurchasePriceProfitLoss on browser: edge in thread: TestNG-test=Edge Browser Tests-1
2025-09-29 22:36:56.345 [TestNG-test=Edge Browser Tests-1] WARN  com.nse.stock.listeners.ExtentReportListener - Test skipped: testCustomPurchasePriceProfitLoss - WebDriver setup failed
]]></system-out>
  </testcase>
  <testcase name="testBatchProfitLossCalculation" classname="com.nse.stock.tests.StockProfitLossTest" time="0">
    <skipped message="WebDriver setup failed"/>
    <system-out><![CDATA[2025-09-29 22:36:43.699 [TestNG-test=Chrome Browser Tests-1] INFO  com.nse.stock.listeners.ExtentReportListener - Test started: testBatchProfitLossCalculation - Test profit/loss calculation for multiple stocks in batch
2025-09-29 22:36:43.703 [TestNG-test=Chrome Browser Tests-1] INFO  com.nse.stock.listeners.ScreenshotListener - Test started: testBatchProfitLossCalculation on browser: edge in thread: TestNG-test=Chrome Browser Tests-1
2025-09-29 22:36:43.703 [TestNG-test=Chrome Browser Tests-1] WARN  com.nse.stock.listeners.ExtentReportListener - Test skipped: testBatchProfitLossCalculation - WebDriver setup failed
]]></system-out>
  </testcase>
  <testcase name="testBatchProfitLossCalculation" classname="com.nse.stock.tests.StockProfitLossTest" time="0">
    <skipped message="WebDriver setup failed"/>
    <system-out><![CDATA[2025-09-29 22:36:51.113 [TestNG-test=Firefox Browser Tests-1] INFO  com.nse.stock.listeners.ExtentReportListener - Test started: testBatchProfitLossCalculation - Test profit/loss calculation for multiple stocks in batch
2025-09-29 22:36:51.113 [TestNG-test=Firefox Browser Tests-1] INFO  com.nse.stock.listeners.ScreenshotListener - Test started: testBatchProfitLossCalculation on browser: edge in thread: TestNG-test=Firefox Browser Tests-1
2025-09-29 22:36:51.119 [TestNG-test=Firefox Browser Tests-1] WARN  com.nse.stock.listeners.ExtentReportListener - Test skipped: testBatchProfitLossCalculation - WebDriver setup failed
]]></system-out>
  </testcase>
  <testcase name="testBatchProfitLossCalculation" classname="com.nse.stock.tests.StockProfitLossTest" time="0">
    <skipped message="WebDriver setup failed"/>
    <system-out><![CDATA[2025-09-29 22:36:56.397 [TestNG-test=Edge Browser Tests-1] INFO  com.nse.stock.listeners.ExtentReportListener - Test started: testBatchProfitLossCalculation - Test profit/loss calculation for multiple stocks in batch
2025-09-29 22:36:56.397 [TestNG-test=Edge Browser Tests-1] INFO  com.nse.stock.listeners.ScreenshotListener - Test started: testBatchProfitLossCalculation on browser: edge in thread: TestNG-test=Edge Browser Tests-1
2025-09-29 22:36:56.397 [TestNG-test=Edge Browser Tests-1] WARN  com.nse.stock.listeners.ExtentReportListener - Test skipped: testBatchProfitLossCalculation - WebDriver setup failed
]]></system-out>
  </testcase>
  <testcase name="testProfitLossEdgeCases" classname="com.nse.stock.tests.StockProfitLossTest" time="0">
    <skipped message="WebDriver setup failed"/>
    <system-out><![CDATA[2025-09-29 22:36:43.744 [TestNG-test=Chrome Browser Tests-1] INFO  com.nse.stock.listeners.ExtentReportListener - Test started: testProfitLossEdgeCases - Test edge cases for profit/loss calculation
2025-09-29 22:36:43.744 [TestNG-test=Chrome Browser Tests-1] INFO  com.nse.stock.listeners.ScreenshotListener - Test started: testProfitLossEdgeCases on browser: edge in thread: TestNG-test=Chrome Browser Tests-1
2025-09-29 22:36:43.752 [TestNG-test=Chrome Browser Tests-1] WARN  com.nse.stock.listeners.ExtentReportListener - Test skipped: testProfitLossEdgeCases - WebDriver setup failed
]]></system-out>
  </testcase>
  <testcase name="testProfitLossEdgeCases" classname="com.nse.stock.tests.StockProfitLossTest" time="0">
    <skipped message="WebDriver setup failed"/>
    <system-out><![CDATA[2025-09-29 22:36:51.152 [TestNG-test=Firefox Browser Tests-1] INFO  com.nse.stock.listeners.ExtentReportListener - Test started: testProfitLossEdgeCases - Test edge cases for profit/loss calculation
2025-09-29 22:36:51.152 [TestNG-test=Firefox Browser Tests-1] INFO  com.nse.stock.listeners.ScreenshotListener - Test started: testProfitLossEdgeCases on browser: edge in thread: TestNG-test=Firefox Browser Tests-1
2025-09-29 22:36:51.160 [TestNG-test=Firefox Browser Tests-1] WARN  com.nse.stock.listeners.ExtentReportListener - Test skipped: testProfitLossEdgeCases - WebDriver setup failed
]]></system-out>
  </testcase>
  <testcase name="testProfitLossEdgeCases" classname="com.nse.stock.tests.StockProfitLossTest" time="0">
    <skipped message="WebDriver setup failed"/>
    <system-out><![CDATA[2025-09-29 22:36:56.436 [TestNG-test=Edge Browser Tests-1] INFO  com.nse.stock.listeners.ExtentReportListener - Test started: testProfitLossEdgeCases - Test edge cases for profit/loss calculation
2025-09-29 22:36:56.436 [TestNG-test=Edge Browser Tests-1] INFO  com.nse.stock.listeners.ScreenshotListener - Test started: testProfitLossEdgeCases on browser: edge in thread: TestNG-test=Edge Browser Tests-1
2025-09-29 22:36:56.442 [TestNG-test=Edge Browser Tests-1] WARN  com.nse.stock.listeners.ExtentReportListener - Test skipped: testProfitLossEdgeCases - WebDriver setup failed
]]></system-out>
  </testcase>
  <testcase name="tearDownClass" classname="com.nse.stock.tests.StockProfitLossTest" time="0">
    <skipped/>
  </testcase>
  <testcase name="tearDownClass" classname="com.nse.stock.tests.StockProfitLossTest" time="0">
    <skipped/>
  </testcase>
  <testcase name="tearDownClass" classname="com.nse.stock.tests.StockProfitLossTest" time="0">
    <skipped/>
  </testcase>
</testsuite>