<?xml version="1.0" encoding="UTF-8"?>
<testsuite xmlns:xsi="http://www.w3.org/2001/XMLSchema-instance" xsi:noNamespaceSchemaLocation="https://maven.apache.org/surefire/maven-surefire-plugin/xsd/surefire-test-report-3.0.xsd" version="3.0" name="TestSuite" time="28.646" tests="225" errors="0" skipped="216" failures="9">
  <properties>
[...]
</properties>
  <testcase name="setUp[edge](0)" classname="com.nse.stock.tests.Stock52WeekHighLowTest" time="7.138">
    <failure message="WebDriver setup failed" type="java.lang.RuntimeException"><![CDATA[java.lang.RuntimeException: WebDriver setup failed
	at com.nse.stock.base.BaseTest.setUp(BaseTest.java:59)
	at sun.reflect.NativeMethodAccessorImpl.invoke0(Native Method)
	at sun.reflect.NativeMethodAccessorImpl.invoke(NativeMethodAccessorImpl.java:62)
	at sun.reflect.DelegatingMethodAccessorImpl.invoke(DelegatingMethodAccessorImpl.java:43)
	at java.lang.reflect.Method.invoke(Method.java:498)
	at org.testng.internal.MethodInvocationHelper.invokeMethod(MethodInvocationHelper.java:133)
	at org.testng.internal.MethodInvocationHelper.invokeMethodConsideringTimeout(MethodInvocationHelper.java:62)
	at org.testng.internal.ConfigInvoker.invokeConfigurationMethod(ConfigInvoker.java:385)
	at org.testng.internal.ConfigInvoker.invokeConfigurations(ConfigInvoker.java:321)
	at org.testng.internal.TestInvoker.runConfigMethods(TestInvoker.java:700)
	at org.testng.internal.TestInvoker.invokeMethod(TestInvoker.java:527)
	at org.testng.internal.TestInvoker.invokeTestMethod(TestInvoker.java:173)
	at org.testng.internal.MethodRunner.runInSequence(MethodRunner.java:46)
	at org.testng.internal.TestInvoker$MethodInvocationAgent.invoke(TestInvoker.java:824)
	at org.testng.internal.TestInvoker.invokeTestMethods(TestInvoker.java:146)
	at org.testng.internal.TestMethodWorker.invokeTestMethods(TestMethodWorker.java:146)
	at org.testng.internal.TestMethodWorker.run(TestMethodWorker.java:128)
	at java.util.concurrent.ThreadPoolExecutor.runWorker(ThreadPoolExecutor.java:1142)
	at java.util.concurrent.ThreadPoolExecutor$Worker.run(ThreadPoolExecutor.java:617)
	at java.lang.Thread.run(Thread.java:745)
Caused by: java.lang.RuntimeException: Edge driver setup failed: io.github.bonigarcia.wdm.config.WebDriverManagerException: java.net.UnknownHostException: msedgedriver.azureedge.net
	at com.nse.stock.utils.DriverManager.createEdgeDriver(DriverManager.java:162)
	at com.nse.stock.utils.DriverManager.createDriver(DriverManager.java:65)
	at com.nse.stock.utils.DriverManager.getDriver(DriverManager.java:32)
	at com.nse.stock.base.BaseTest.setUp(BaseTest.java:42)
	... 19 more
Caused by: io.github.bonigarcia.wdm.config.WebDriverManagerException: io.github.bonigarcia.wdm.config.WebDriverManagerException: java.net.UnknownHostException: msedgedriver.azureedge.net
	at io.github.bonigarcia.wdm.WebDriverManager.handleException(WebDriverManager.java:1435)
	at io.github.bonigarcia.wdm.WebDriverManager.manage(WebDriverManager.java:1195)
	at io.github.bonigarcia.wdm.WebDriverManager.fallback(WebDriverManager.java:1451)
	at io.github.bonigarcia.wdm.WebDriverManager.handleException(WebDriverManager.java:1432)
	at io.github.bonigarcia.wdm.WebDriverManager.manage(WebDriverManager.java:1195)
	at io.github.bonigarcia.wdm.WebDriverManager.handleException(WebDriverManager.java:1425)
	at io.github.bonigarcia.wdm.WebDriverManager.manage(WebDriverManager.java:1195)
	at io.github.bonigarcia.wdm.WebDriverManager.setup(WebDriverManager.java:427)
	at com.nse.stock.utils.DriverManager.createEdgeDriver(DriverManager.java:156)
	... 22 more
Caused by: io.github.bonigarcia.wdm.config.WebDriverManagerException: java.net.UnknownHostException: msedgedriver.azureedge.net
	at io.github.bonigarcia.wdm.WebDriverManager.getDriversFromXml(WebDriverManager.java:1586)
	at io.github.bonigarcia.wdm.managers.EdgeDriverManager.getDriverUrls(EdgeDriverManager.java:115)
	at io.github.bonigarcia.wdm.WebDriverManager.createUrlHandler(WebDriverManager.java:1456)
	at io.github.bonigarcia.wdm.WebDriverManager.download(WebDriverManager.java:1277)
	at io.github.bonigarcia.wdm.WebDriverManager.manage(WebDriverManager.java:1189)
	... 29 more
Caused by: java.net.UnknownHostException: msedgedriver.azureedge.net
	at java.net.InetAddress.getAllByName0(InetAddress.java:1280)
	at java.net.InetAddress.getAllByName(InetAddress.java:1192)
	at java.net.InetAddress.getAllByName(InetAddress.java:1126)
	at org.apache.hc.client5.http.SystemDefaultDnsResolver.resolve(SystemDefaultDnsResolver.java:43)
	at org.apache.hc.client5.http.impl.io.DefaultHttpClientConnectionOperator.connect(DefaultHttpClientConnectionOperator.java:141)
	at org.apache.hc.client5.http.impl.io.PoolingHttpClientConnectionManager.connect(PoolingHttpClientConnectionManager.java:447)
	at org.apache.hc.client5.http.impl.classic.InternalExecRuntime.connectEndpoint(InternalExecRuntime.java:162)
	at org.apache.hc.client5.http.impl.classic.InternalExecRuntime.connectEndpoint(InternalExecRuntime.java:172)
	at org.apache.hc.client5.http.impl.classic.ConnectExec.execute(ConnectExec.java:142)
	at org.apache.hc.client5.http.impl.classic.ExecChainElement.execute(ExecChainElement.java:51)
	at org.apache.hc.client5.http.impl.classic.ProtocolExec.execute(ProtocolExec.java:192)
	at org.apache.hc.client5.http.impl.classic.ExecChainElement.execute(ExecChainElement.java:51)
	at org.apache.hc.client5.http.impl.classic.HttpRequestRetryExec.execute(HttpRequestRetryExec.java:96)
	at org.apache.hc.client5.http.impl.classic.ExecChainElement.execute(ExecChainElement.java:51)
	at org.apache.hc.client5.http.impl.classic.ContentCompressionExec.execute(ContentCompressionExec.java:152)
	at org.apache.hc.client5.http.impl.classic.ExecChainElement.execute(ExecChainElement.java:51)
	at org.apache.hc.client5.http.impl.classic.RedirectExec.execute(RedirectExec.java:115)
	at org.apache.hc.client5.http.impl.classic.ExecChainElement.execute(ExecChainElement.java:51)
	at org.apache.hc.client5.http.impl.classic.InternalHttpClient.doExecute(InternalHttpClient.java:170)
	at org.apache.hc.client5.http.impl.classic.CloseableHttpClient.execute(CloseableHttpClient.java:87)
	at org.apache.hc.client5.http.impl.classic.CloseableHttpClient.execute(CloseableHttpClient.java:55)
	at org.apache.hc.client5.http.classic.HttpClient.executeOpen(HttpClient.java:183)
	at io.github.bonigarcia.wdm.online.HttpClient.execute(HttpClient.java:162)
	at io.github.bonigarcia.wdm.WebDriverManager.getDriversFromXml(WebDriverManager.java:1571)
	... 33 more
]]></failure>
    <system-out><![CDATA[2025-09-29 22:05:03.285 [main] INFO  com.nse.stock.utils.ConfigReader - Configuration properties loaded successfully
2025-09-29 22:05:04.086 [TestNG-test=Chrome Browser Tests-1] INFO  com.nse.stock.base.BaseTest - Setting up test class with browser: edge
2025-09-29 22:05:04.596 [TestNG-test=Chrome Browser Tests-1] INFO  com.nse.stock.utils.TestDataReader - Stock test data loaded successfully
2025-09-29 22:05:04.629 [TestNG-test=Chrome Browser Tests-1] INFO  com.nse.stock.base.BaseTest - Starting test setup for browser: edge
2025-09-29 22:05:04.633 [TestNG-test=Chrome Browser Tests-1] INFO  com.nse.stock.utils.DriverManager - Creating WebDriver for browser: edge
2025-09-29 22:05:07.956 [TestNG-test=Chrome Browser Tests-1] ERROR com.nse.stock.utils.DriverManager - Failed to create Edge driver: io.github.bonigarcia.wdm.config.WebDriverManagerException: java.net.UnknownHostException: msedgedriver.azureedge.net
2025-09-29 22:05:07.956 [TestNG-test=Chrome Browser Tests-1] ERROR com.nse.stock.base.BaseTest - Failed to setup WebDriver: Edge driver setup failed: io.github.bonigarcia.wdm.config.WebDriverManagerException: java.net.UnknownHostException: msedgedriver.azureedge.net
java.lang.RuntimeException: Edge driver setup failed: io.github.bonigarcia.wdm.config.WebDriverManagerException: java.net.UnknownHostException: msedgedriver.azureedge.net
	at com.nse.stock.utils.DriverManager.createEdgeDriver(DriverManager.java:162) ~[classes/:?]
	at com.nse.stock.utils.DriverManager.createDriver(DriverManager.java:65) ~[classes/:?]
	at com.nse.stock.utils.DriverManager.getDriver(DriverManager.java:32) ~[classes/:?]
	at com.nse.stock.base.BaseTest.setUp(BaseTest.java:42) ~[classes/:?]
	at sun.reflect.NativeMethodAccessorImpl.invoke0(Native Method) ~[?:1.8.0_91]
	at sun.reflect.NativeMethodAccessorImpl.invoke(NativeMethodAccessorImpl.java:62) ~[?:1.8.0_91]
	at sun.reflect.DelegatingMethodAccessorImpl.invoke(DelegatingMethodAccessorImpl.java:43) ~[?:1.8.0_91]
	at java.lang.reflect.Method.invoke(Method.java:498) ~[?:1.8.0_91]
	at org.testng.internal.MethodInvocationHelper.invokeMethod(MethodInvocationHelper.java:133) ~[testng-7.4.0.jar:7.4.0]
	at org.testng.internal.MethodInvocationHelper.invokeMethodConsideringTimeout(MethodInvocationHelper.java:62) ~[testng-7.4.0.jar:7.4.0]
	at org.testng.internal.ConfigInvoker.invokeConfigurationMethod(ConfigInvoker.java:385) ~[testng-7.4.0.jar:7.4.0]
	at org.testng.internal.ConfigInvoker.invokeConfigurations(ConfigInvoker.java:321) ~[testng-7.4.0.jar:7.4.0]
	at org.testng.internal.TestInvoker.runConfigMethods(TestInvoker.java:700) ~[testng-7.4.0.jar:7.4.0]
	at org.testng.internal.TestInvoker.invokeMethod(TestInvoker.java:527) ~[testng-7.4.0.jar:7.4.0]
	at org.testng.internal.TestInvoker.invokeTestMethod(TestInvoker.java:173) ~[testng-7.4.0.jar:7.4.0]
	at org.testng.internal.MethodRunner.runInSequence(MethodRunner.java:46) ~[testng-7.4.0.jar:7.4.0]
	at org.testng.internal.TestInvoker$MethodInvocationAgent.invoke(TestInvoker.java:824) ~[testng-7.4.0.jar:7.4.0]
	at org.testng.internal.TestInvoker.invokeTestMethods(TestInvoker.java:146) ~[testng-7.4.0.jar:7.4.0]
	at org.testng.internal.TestMethodWorker.invokeTestMethods(TestMethodWorker.java:146) ~[testng-7.4.0.jar:7.4.0]
	at org.testng.internal.TestMethodWorker.run(TestMethodWorker.java:128) ~[testng-7.4.0.jar:7.4.0]
	at java.util.concurrent.ThreadPoolExecutor.runWorker(ThreadPoolExecutor.java:1142) ~[?:1.8.0_91]
	at java.util.concurrent.ThreadPoolExecutor$Worker.run(ThreadPoolExecutor.java:617) ~[?:1.8.0_91]
	at java.lang.Thread.run(Thread.java:745) ~[?:1.8.0_91]
Caused by: io.github.bonigarcia.wdm.config.WebDriverManagerException: io.github.bonigarcia.wdm.config.WebDriverManagerException: java.net.UnknownHostException: msedgedriver.azureedge.net
	at io.github.bonigarcia.wdm.WebDriverManager.handleException(WebDriverManager.java:1435) ~[webdrivermanager-5.6.2.jar:?]
	at io.github.bonigarcia.wdm.WebDriverManager.manage(WebDriverManager.java:1195) ~[webdrivermanager-5.6.2.jar:?]
	at io.github.bonigarcia.wdm.WebDriverManager.fallback(WebDriverManager.java:1451) ~[webdrivermanager-5.6.2.jar:?]
	at io.github.bonigarcia.wdm.WebDriverManager.handleException(WebDriverManager.java:1432) ~[webdrivermanager-5.6.2.jar:?]
	at io.github.bonigarcia.wdm.WebDriverManager.manage(WebDriverManager.java:1195) ~[webdrivermanager-5.6.2.jar:?]
	at io.github.bonigarcia.wdm.WebDriverManager.handleException(WebDriverManager.java:1425) ~[webdrivermanager-5.6.2.jar:?]
	at io.github.bonigarcia.wdm.WebDriverManager.manage(WebDriverManager.java:1195) ~[webdrivermanager-5.6.2.jar:?]
	at io.github.bonigarcia.wdm.WebDriverManager.setup(WebDriverManager.java:427) ~[webdrivermanager-5.6.2.jar:?]
	at com.nse.stock.utils.DriverManager.createEdgeDriver(DriverManager.java:156) ~[classes/:?]
	... 22 more
Caused by: io.github.bonigarcia.wdm.config.WebDriverManagerException: java.net.UnknownHostException: msedgedriver.azureedge.net
	at io.github.bonigarcia.wdm.WebDriverManager.getDriversFromXml(WebDriverManager.java:1586) ~[webdrivermanager-5.6.2.jar:?]
	at io.github.bonigarcia.wdm.managers.EdgeDriverManager.getDriverUrls(EdgeDriverManager.java:115) ~[webdrivermanager-5.6.2.jar:?]
	at io.github.bonigarcia.wdm.WebDriverManager.createUrlHandler(WebDriverManager.java:1456) ~[webdrivermanager-5.6.2.jar:?]
	at io.github.bonigarcia.wdm.WebDriverManager.download(WebDriverManager.java:1277) ~[webdrivermanager-5.6.2.jar:?]
	at io.github.bonigarcia.wdm.WebDriverManager.manage(WebDriverManager.java:1189) ~[webdrivermanager-5.6.2.jar:?]
	at io.github.bonigarcia.wdm.WebDriverManager.fallback(WebDriverManager.java:1451) ~[webdrivermanager-5.6.2.jar:?]
	at io.github.bonigarcia.wdm.WebDriverManager.handleException(WebDriverManager.java:1432) ~[webdrivermanager-5.6.2.jar:?]
	at io.github.bonigarcia.wdm.WebDriverManager.manage(WebDriverManager.java:1195) ~[webdrivermanager-5.6.2.jar:?]
	at io.github.bonigarcia.wdm.WebDriverManager.handleException(WebDriverManager.java:1425) ~[webdrivermanager-5.6.2.jar:?]
	at io.github.bonigarcia.wdm.WebDriverManager.manage(WebDriverManager.java:1195) ~[webdrivermanager-5.6.2.jar:?]
	at io.github.bonigarcia.wdm.WebDriverManager.setup(WebDriverManager.java:427) ~[webdrivermanager-5.6.2.jar:?]
	at com.nse.stock.utils.DriverManager.createEdgeDriver(DriverManager.java:156) ~[classes/:?]
	... 22 more
Caused by: java.net.UnknownHostException: msedgedriver.azureedge.net
	at java.net.InetAddress.getAllByName0(InetAddress.java:1280) ~[?:1.8.0_91]
	at java.net.InetAddress.getAllByName(InetAddress.java:1192) ~[?:1.8.0_91]
	at java.net.InetAddress.getAllByName(InetAddress.java:1126) ~[?:1.8.0_91]
	at org.apache.hc.client5.http.SystemDefaultDnsResolver.resolve(SystemDefaultDnsResolver.java:43) ~[httpclient5-5.2.1.jar:5.2.1]
	at org.apache.hc.client5.http.impl.io.DefaultHttpClientConnectionOperator.connect(DefaultHttpClientConnectionOperator.java:141) ~[httpclient5-5.2.1.jar:5.2.1]
	at org.apache.hc.client5.http.impl.io.PoolingHttpClientConnectionManager.connect(PoolingHttpClientConnectionManager.java:447) ~[httpclient5-5.2.1.jar:5.2.1]
	at org.apache.hc.client5.http.impl.classic.InternalExecRuntime.connectEndpoint(InternalExecRuntime.java:162) ~[httpclient5-5.2.1.jar:5.2.1]
	at org.apache.hc.client5.http.impl.classic.InternalExecRuntime.connectEndpoint(InternalExecRuntime.java:172) ~[httpclient5-5.2.1.jar:5.2.1]
	at org.apache.hc.client5.http.impl.classic.ConnectExec.execute(ConnectExec.java:142) ~[httpclient5-5.2.1.jar:5.2.1]
	at org.apache.hc.client5.http.impl.classic.ExecChainElement.execute(ExecChainElement.java:51) ~[httpclient5-5.2.1.jar:5.2.1]
	at org.apache.hc.client5.http.impl.classic.ProtocolExec.execute(ProtocolExec.java:192) ~[httpclient5-5.2.1.jar:5.2.1]
	at org.apache.hc.client5.http.impl.classic.ExecChainElement.execute(ExecChainElement.java:51) ~[httpclient5-5.2.1.jar:5.2.1]
	at org.apache.hc.client5.http.impl.classic.HttpRequestRetryExec.execute(HttpRequestRetryExec.java:96) ~[httpclient5-5.2.1.jar:5.2.1]
	at org.apache.hc.client5.http.impl.classic.ExecChainElement.execute(ExecChainElement.java:51) ~[httpclient5-5.2.1.jar:5.2.1]
	at org.apache.hc.client5.http.impl.classic.ContentCompressionExec.execute(ContentCompressionExec.java:152) ~[httpclient5-5.2.1.jar:5.2.1]
	at org.apache.hc.client5.http.impl.classic.ExecChainElement.execute(ExecChainElement.java:51) ~[httpclient5-5.2.1.jar:5.2.1]
	at org.apache.hc.client5.http.impl.classic.RedirectExec.execute(RedirectExec.java:115) ~[httpclient5-5.2.1.jar:5.2.1]
	at org.apache.hc.client5.http.impl.classic.ExecChainElement.execute(ExecChainElement.java:51) ~[httpclient5-5.2.1.jar:5.2.1]
	at org.apache.hc.client5.http.impl.classic.InternalHttpClient.doExecute(InternalHttpClient.java:170) ~[httpclient5-5.2.1.jar:5.2.1]
	at org.apache.hc.client5.http.impl.classic.CloseableHttpClient.execute(CloseableHttpClient.java:87) ~[httpclient5-5.2.1.jar:5.2.1]
	at org.apache.hc.client5.http.impl.classic.CloseableHttpClient.execute(CloseableHttpClient.java:55) ~[httpclient5-5.2.1.jar:5.2.1]
	at org.apache.hc.client5.http.classic.HttpClient.executeOpen(HttpClient.java:183) ~[httpclient5-5.2.1.jar:5.2.1]
	at io.github.bonigarcia.wdm.online.HttpClient.execute(HttpClient.java:162) ~[webdrivermanager-5.6.2.jar:?]
	at io.github.bonigarcia.wdm.WebDriverManager.getDriversFromXml(WebDriverManager.java:1571) ~[webdrivermanager-5.6.2.jar:?]
	at io.github.bonigarcia.wdm.managers.EdgeDriverManager.getDriverUrls(EdgeDriverManager.java:115) ~[webdrivermanager-5.6.2.jar:?]
	at io.github.bonigarcia.wdm.WebDriverManager.createUrlHandler(WebDriverManager.java:1456) ~[webdrivermanager-5.6.2.jar:?]
	at io.github.bonigarcia.wdm.WebDriverManager.download(WebDriverManager.java:1277) ~[webdrivermanager-5.6.2.jar:?]
	at io.github.bonigarcia.wdm.WebDriverManager.manage(WebDriverManager.java:1189) ~[webdrivermanager-5.6.2.jar:?]
	at io.github.bonigarcia.wdm.WebDriverManager.fallback(WebDriverManager.java:1451) ~[webdrivermanager-5.6.2.jar:?]
	at io.github.bonigarcia.wdm.WebDriverManager.handleException(WebDriverManager.java:1432) ~[webdrivermanager-5.6.2.jar:?]
	at io.github.bonigarcia.wdm.WebDriverManager.manage(WebDriverManager.java:1195) ~[webdrivermanager-5.6.2.jar:?]
	at io.github.bonigarcia.wdm.WebDriverManager.handleException(WebDriverManager.java:1425) ~[webdrivermanager-5.6.2.jar:?]
	at io.github.bonigarcia.wdm.WebDriverManager.manage(WebDriverManager.java:1195) ~[webdrivermanager-5.6.2.jar:?]
	at io.github.bonigarcia.wdm.WebDriverManager.setup(WebDriverManager.java:427) ~[webdrivermanager-5.6.2.jar:?]
	at com.nse.stock.utils.DriverManager.createEdgeDriver(DriverManager.java:156) ~[classes/:?]
	... 22 more
]]></system-out>
    <system-err><![CDATA[SLF4J: No SLF4J providers were found.
SLF4J: Defaulting to no-operation (NOP) logger implementation
SLF4J: See https://www.slf4j.org/codes.html#noProviders for further details.
]]></system-err>
  </testcase>
  <testcase name="setUp[edge](0)" classname="com.nse.stock.tests.Stock52WeekHighLowTest" time="3.739">
    <failure message="WebDriver setup failed" type="java.lang.RuntimeException"><![CDATA[java.lang.RuntimeException: WebDriver setup failed
	at com.nse.stock.base.BaseTest.setUp(BaseTest.java:59)
	at sun.reflect.NativeMethodAccessorImpl.invoke0(Native Method)
	at sun.reflect.NativeMethodAccessorImpl.invoke(NativeMethodAccessorImpl.java:62)
	at sun.reflect.DelegatingMethodAccessorImpl.invoke(DelegatingMethodAccessorImpl.java:43)
	at java.lang.reflect.Method.invoke(Method.java:498)
	at org.testng.internal.MethodInvocationHelper.invokeMethod(MethodInvocationHelper.java:133)
	at org.testng.internal.MethodInvocationHelper.invokeMethodConsideringTimeout(MethodInvocationHelper.java:62)
	at org.testng.internal.ConfigInvoker.invokeConfigurationMethod(ConfigInvoker.java:385)
	at org.testng.internal.ConfigInvoker.invokeConfigurations(ConfigInvoker.java:321)
	at org.testng.internal.TestInvoker.runConfigMethods(TestInvoker.java:700)
	at org.testng.internal.TestInvoker.invokeMethod(TestInvoker.java:527)
	at org.testng.internal.TestInvoker.invokeTestMethod(TestInvoker.java:173)
	at org.testng.internal.MethodRunner.runInSequence(MethodRunner.java:46)
	at org.testng.internal.TestInvoker$MethodInvocationAgent.invoke(TestInvoker.java:824)
	at org.testng.internal.TestInvoker.invokeTestMethods(TestInvoker.java:146)
	at org.testng.internal.TestMethodWorker.invokeTestMethods(TestMethodWorker.java:146)
	at org.testng.internal.TestMethodWorker.run(TestMethodWorker.java:128)
	at java.util.concurrent.ThreadPoolExecutor.runWorker(ThreadPoolExecutor.java:1142)
	at java.util.concurrent.ThreadPoolExecutor$Worker.run(ThreadPoolExecutor.java:617)
	at java.lang.Thread.run(Thread.java:745)
Caused by: java.lang.RuntimeException: Edge driver setup failed: io.github.bonigarcia.wdm.config.WebDriverManagerException: java.net.UnknownHostException: msedgedriver.azureedge.net
	at com.nse.stock.utils.DriverManager.createEdgeDriver(DriverManager.java:162)
	at com.nse.stock.utils.DriverManager.createDriver(DriverManager.java:65)
	at com.nse.stock.utils.DriverManager.getDriver(DriverManager.java:32)
	at com.nse.stock.base.BaseTest.setUp(BaseTest.java:42)
	... 19 more
Caused by: io.github.bonigarcia.wdm.config.WebDriverManagerException: io.github.bonigarcia.wdm.config.WebDriverManagerException: java.net.UnknownHostException: msedgedriver.azureedge.net
	at io.github.bonigarcia.wdm.WebDriverManager.handleException(WebDriverManager.java:1435)
	at io.github.bonigarcia.wdm.WebDriverManager.manage(WebDriverManager.java:1195)
	at io.github.bonigarcia.wdm.WebDriverManager.fallback(WebDriverManager.java:1451)
	at io.github.bonigarcia.wdm.WebDriverManager.handleException(WebDriverManager.java:1432)
	at io.github.bonigarcia.wdm.WebDriverManager.manage(WebDriverManager.java:1195)
	at io.github.bonigarcia.wdm.WebDriverManager.handleException(WebDriverManager.java:1425)
	at io.github.bonigarcia.wdm.WebDriverManager.manage(WebDriverManager.java:1195)
	at io.github.bonigarcia.wdm.WebDriverManager.setup(WebDriverManager.java:427)
	at com.nse.stock.utils.DriverManager.createEdgeDriver(DriverManager.java:156)
	... 22 more
Caused by: io.github.bonigarcia.wdm.config.WebDriverManagerException: java.net.UnknownHostException: msedgedriver.azureedge.net
	at io.github.bonigarcia.wdm.WebDriverManager.getDriversFromXml(WebDriverManager.java:1586)
	at io.github.bonigarcia.wdm.managers.EdgeDriverManager.getDriverUrls(EdgeDriverManager.java:115)
	at io.github.bonigarcia.wdm.WebDriverManager.createUrlHandler(WebDriverManager.java:1456)
	at io.github.bonigarcia.wdm.WebDriverManager.download(WebDriverManager.java:1277)
	at io.github.bonigarcia.wdm.WebDriverManager.manage(WebDriverManager.java:1189)
	... 29 more
Caused by: java.net.UnknownHostException: msedgedriver.azureedge.net
	at java.net.InetAddress.getAllByName0(InetAddress.java:1280)
	at java.net.InetAddress.getAllByName(InetAddress.java:1192)
	at java.net.InetAddress.getAllByName(InetAddress.java:1126)
	at org.apache.hc.client5.http.SystemDefaultDnsResolver.resolve(SystemDefaultDnsResolver.java:43)
	at org.apache.hc.client5.http.impl.io.DefaultHttpClientConnectionOperator.connect(DefaultHttpClientConnectionOperator.java:141)
	at org.apache.hc.client5.http.impl.io.PoolingHttpClientConnectionManager.connect(PoolingHttpClientConnectionManager.java:447)
	at org.apache.hc.client5.http.impl.classic.InternalExecRuntime.connectEndpoint(InternalExecRuntime.java:162)
	at org.apache.hc.client5.http.impl.classic.InternalExecRuntime.connectEndpoint(InternalExecRuntime.java:172)
	at org.apache.hc.client5.http.impl.classic.ConnectExec.execute(ConnectExec.java:142)
	at org.apache.hc.client5.http.impl.classic.ExecChainElement.execute(ExecChainElement.java:51)
	at org.apache.hc.client5.http.impl.classic.ProtocolExec.execute(ProtocolExec.java:192)
	at org.apache.hc.client5.http.impl.classic.ExecChainElement.execute(ExecChainElement.java:51)
	at org.apache.hc.client5.http.impl.classic.HttpRequestRetryExec.execute(HttpRequestRetryExec.java:96)
	at org.apache.hc.client5.http.impl.classic.ExecChainElement.execute(ExecChainElement.java:51)
	at org.apache.hc.client5.http.impl.classic.ContentCompressionExec.execute(ContentCompressionExec.java:152)
	at org.apache.hc.client5.http.impl.classic.ExecChainElement.execute(ExecChainElement.java:51)
	at org.apache.hc.client5.http.impl.classic.RedirectExec.execute(RedirectExec.java:115)
	at org.apache.hc.client5.http.impl.classic.ExecChainElement.execute(ExecChainElement.java:51)
	at org.apache.hc.client5.http.impl.classic.InternalHttpClient.doExecute(InternalHttpClient.java:170)
	at org.apache.hc.client5.http.impl.classic.CloseableHttpClient.execute(CloseableHttpClient.java:87)
	at org.apache.hc.client5.http.impl.classic.CloseableHttpClient.execute(CloseableHttpClient.java:55)
	at org.apache.hc.client5.http.classic.HttpClient.executeOpen(HttpClient.java:183)
	at io.github.bonigarcia.wdm.online.HttpClient.execute(HttpClient.java:162)
	at io.github.bonigarcia.wdm.WebDriverManager.getDriversFromXml(WebDriverManager.java:1571)
	... 33 more
]]></failure>
    <system-out><![CDATA[2025-09-29 22:05:13.106 [main] INFO  com.nse.stock.listeners.ExtentReportListener - ExtentReports flushed successfully
2025-09-29 22:05:13.106 [main] INFO  com.nse.stock.listeners.ExtentReportListener - Report location: src/reports/html/ExtentReport.html
2025-09-29 22:05:13.152 [TestNG-test=Firefox Browser Tests-1] INFO  com.nse.stock.base.BaseTest - Setting up test class with browser: edge
2025-09-29 22:05:13.156 [TestNG-test=Firefox Browser Tests-1] INFO  com.nse.stock.base.BaseTest - Starting test setup for browser: edge
2025-09-29 22:05:13.156 [TestNG-test=Firefox Browser Tests-1] INFO  com.nse.stock.utils.DriverManager - Creating WebDriver for browser: edge
2025-09-29 22:05:14.750 [TestNG-test=Firefox Browser Tests-1] ERROR com.nse.stock.utils.DriverManager - Failed to create Edge driver: io.github.bonigarcia.wdm.config.WebDriverManagerException: java.net.UnknownHostException: msedgedriver.azureedge.net
2025-09-29 22:05:14.750 [TestNG-test=Firefox Browser Tests-1] ERROR com.nse.stock.base.BaseTest - Failed to setup WebDriver: Edge driver setup failed: io.github.bonigarcia.wdm.config.WebDriverManagerException: java.net.UnknownHostException: msedgedriver.azureedge.net
java.lang.RuntimeException: Edge driver setup failed: io.github.bonigarcia.wdm.config.WebDriverManagerException: java.net.UnknownHostException: msedgedriver.azureedge.net
	at com.nse.stock.utils.DriverManager.createEdgeDriver(DriverManager.java:162) ~[classes/:?]
	at com.nse.stock.utils.DriverManager.createDriver(DriverManager.java:65) ~[classes/:?]
	at com.nse.stock.utils.DriverManager.getDriver(DriverManager.java:32) ~[classes/:?]
	at com.nse.stock.base.BaseTest.setUp(BaseTest.java:42) ~[classes/:?]
	at sun.reflect.NativeMethodAccessorImpl.invoke0(Native Method) ~[?:1.8.0_91]
	at sun.reflect.NativeMethodAccessorImpl.invoke(NativeMethodAccessorImpl.java:62) ~[?:1.8.0_91]
	at sun.reflect.DelegatingMethodAccessorImpl.invoke(DelegatingMethodAccessorImpl.java:43) ~[?:1.8.0_91]
	at java.lang.reflect.Method.invoke(Method.java:498) ~[?:1.8.0_91]
	at org.testng.internal.MethodInvocationHelper.invokeMethod(MethodInvocationHelper.java:133) ~[testng-7.4.0.jar:7.4.0]
	at org.testng.internal.MethodInvocationHelper.invokeMethodConsideringTimeout(MethodInvocationHelper.java:62) ~[testng-7.4.0.jar:7.4.0]
	at org.testng.internal.ConfigInvoker.invokeConfigurationMethod(ConfigInvoker.java:385) ~[testng-7.4.0.jar:7.4.0]
	at org.testng.internal.ConfigInvoker.invokeConfigurations(ConfigInvoker.java:321) ~[testng-7.4.0.jar:7.4.0]
	at org.testng.internal.TestInvoker.runConfigMethods(TestInvoker.java:700) ~[testng-7.4.0.jar:7.4.0]
	at org.testng.internal.TestInvoker.invokeMethod(TestInvoker.java:527) ~[testng-7.4.0.jar:7.4.0]
	at org.testng.internal.TestInvoker.invokeTestMethod(TestInvoker.java:173) ~[testng-7.4.0.jar:7.4.0]
	at org.testng.internal.MethodRunner.runInSequence(MethodRunner.java:46) ~[testng-7.4.0.jar:7.4.0]
	at org.testng.internal.TestInvoker$MethodInvocationAgent.invoke(TestInvoker.java:824) ~[testng-7.4.0.jar:7.4.0]
	at org.testng.internal.TestInvoker.invokeTestMethods(TestInvoker.java:146) ~[testng-7.4.0.jar:7.4.0]
	at org.testng.internal.TestMethodWorker.invokeTestMethods(TestMethodWorker.java:146) ~[testng-7.4.0.jar:7.4.0]
	at org.testng.internal.TestMethodWorker.run(TestMethodWorker.java:128) ~[testng-7.4.0.jar:7.4.0]
	at java.util.concurrent.ThreadPoolExecutor.runWorker(ThreadPoolExecutor.java:1142) ~[?:1.8.0_91]
	at java.util.concurrent.ThreadPoolExecutor$Worker.run(ThreadPoolExecutor.java:617) ~[?:1.8.0_91]
	at java.lang.Thread.run(Thread.java:745) ~[?:1.8.0_91]
Caused by: io.github.bonigarcia.wdm.config.WebDriverManagerException: io.github.bonigarcia.wdm.config.WebDriverManagerException: java.net.UnknownHostException: msedgedriver.azureedge.net
	at io.github.bonigarcia.wdm.WebDriverManager.handleException(WebDriverManager.java:1435) ~[webdrivermanager-5.6.2.jar:?]
	at io.github.bonigarcia.wdm.WebDriverManager.manage(WebDriverManager.java:1195) ~[webdrivermanager-5.6.2.jar:?]
	at io.github.bonigarcia.wdm.WebDriverManager.fallback(WebDriverManager.java:1451) ~[webdrivermanager-5.6.2.jar:?]
	at io.github.bonigarcia.wdm.WebDriverManager.handleException(WebDriverManager.java:1432) ~[webdrivermanager-5.6.2.jar:?]
	at io.github.bonigarcia.wdm.WebDriverManager.manage(WebDriverManager.java:1195) ~[webdrivermanager-5.6.2.jar:?]
	at io.github.bonigarcia.wdm.WebDriverManager.handleException(WebDriverManager.java:1425) ~[webdrivermanager-5.6.2.jar:?]
	at io.github.bonigarcia.wdm.WebDriverManager.manage(WebDriverManager.java:1195) ~[webdrivermanager-5.6.2.jar:?]
	at io.github.bonigarcia.wdm.WebDriverManager.setup(WebDriverManager.java:427) ~[webdrivermanager-5.6.2.jar:?]
	at com.nse.stock.utils.DriverManager.createEdgeDriver(DriverManager.java:156) ~[classes/:?]
	... 22 more
Caused by: io.github.bonigarcia.wdm.config.WebDriverManagerException: java.net.UnknownHostException: msedgedriver.azureedge.net
	at io.github.bonigarcia.wdm.WebDriverManager.getDriversFromXml(WebDriverManager.java:1586) ~[webdrivermanager-5.6.2.jar:?]
	at io.github.bonigarcia.wdm.managers.EdgeDriverManager.getDriverUrls(EdgeDriverManager.java:115) ~[webdrivermanager-5.6.2.jar:?]
	at io.github.bonigarcia.wdm.WebDriverManager.createUrlHandler(WebDriverManager.java:1456) ~[webdrivermanager-5.6.2.jar:?]
	at io.github.bonigarcia.wdm.WebDriverManager.download(WebDriverManager.java:1277) ~[webdrivermanager-5.6.2.jar:?]
	at io.github.bonigarcia.wdm.WebDriverManager.manage(WebDriverManager.java:1189) ~[webdrivermanager-5.6.2.jar:?]
	at io.github.bonigarcia.wdm.WebDriverManager.fallback(WebDriverManager.java:1451) ~[webdrivermanager-5.6.2.jar:?]
	at io.github.bonigarcia.wdm.WebDriverManager.handleException(WebDriverManager.java:1432) ~[webdrivermanager-5.6.2.jar:?]
	at io.github.bonigarcia.wdm.WebDriverManager.manage(WebDriverManager.java:1195) ~[webdrivermanager-5.6.2.jar:?]
	at io.github.bonigarcia.wdm.WebDriverManager.handleException(WebDriverManager.java:1425) ~[webdrivermanager-5.6.2.jar:?]
	at io.github.bonigarcia.wdm.WebDriverManager.manage(WebDriverManager.java:1195) ~[webdrivermanager-5.6.2.jar:?]
	at io.github.bonigarcia.wdm.WebDriverManager.setup(WebDriverManager.java:427) ~[webdrivermanager-5.6.2.jar:?]
	at com.nse.stock.utils.DriverManager.createEdgeDriver(DriverManager.java:156) ~[classes/:?]
	... 22 more
Caused by: java.net.UnknownHostException: msedgedriver.azureedge.net
	at java.net.InetAddress.getAllByName0(InetAddress.java:1280) ~[?:1.8.0_91]
	at java.net.InetAddress.getAllByName(InetAddress.java:1192) ~[?:1.8.0_91]
	at java.net.InetAddress.getAllByName(InetAddress.java:1126) ~[?:1.8.0_91]
	at org.apache.hc.client5.http.SystemDefaultDnsResolver.resolve(SystemDefaultDnsResolver.java:43) ~[httpclient5-5.2.1.jar:5.2.1]
	at org.apache.hc.client5.http.impl.io.DefaultHttpClientConnectionOperator.connect(DefaultHttpClientConnectionOperator.java:141) ~[httpclient5-5.2.1.jar:5.2.1]
	at org.apache.hc.client5.http.impl.io.PoolingHttpClientConnectionManager.connect(PoolingHttpClientConnectionManager.java:447) ~[httpclient5-5.2.1.jar:5.2.1]
	at org.apache.hc.client5.http.impl.classic.InternalExecRuntime.connectEndpoint(InternalExecRuntime.java:162) ~[httpclient5-5.2.1.jar:5.2.1]
	at org.apache.hc.client5.http.impl.classic.InternalExecRuntime.connectEndpoint(InternalExecRuntime.java:172) ~[httpclient5-5.2.1.jar:5.2.1]
	at org.apache.hc.client5.http.impl.classic.ConnectExec.execute(ConnectExec.java:142) ~[httpclient5-5.2.1.jar:5.2.1]
	at org.apache.hc.client5.http.impl.classic.ExecChainElement.execute(ExecChainElement.java:51) ~[httpclient5-5.2.1.jar:5.2.1]
	at org.apache.hc.client5.http.impl.classic.ProtocolExec.execute(ProtocolExec.java:192) ~[httpclient5-5.2.1.jar:5.2.1]
	at org.apache.hc.client5.http.impl.classic.ExecChainElement.execute(ExecChainElement.java:51) ~[httpclient5-5.2.1.jar:5.2.1]
	at org.apache.hc.client5.http.impl.classic.HttpRequestRetryExec.execute(HttpRequestRetryExec.java:96) ~[httpclient5-5.2.1.jar:5.2.1]
	at org.apache.hc.client5.http.impl.classic.ExecChainElement.execute(ExecChainElement.java:51) ~[httpclient5-5.2.1.jar:5.2.1]
	at org.apache.hc.client5.http.impl.classic.ContentCompressionExec.execute(ContentCompressionExec.java:152) ~[httpclient5-5.2.1.jar:5.2.1]
	at org.apache.hc.client5.http.impl.classic.ExecChainElement.execute(ExecChainElement.java:51) ~[httpclient5-5.2.1.jar:5.2.1]
	at org.apache.hc.client5.http.impl.classic.RedirectExec.execute(RedirectExec.java:115) ~[httpclient5-5.2.1.jar:5.2.1]
	at org.apache.hc.client5.http.impl.classic.ExecChainElement.execute(ExecChainElement.java:51) ~[httpclient5-5.2.1.jar:5.2.1]
	at org.apache.hc.client5.http.impl.classic.InternalHttpClient.doExecute(InternalHttpClient.java:170) ~[httpclient5-5.2.1.jar:5.2.1]
	at org.apache.hc.client5.http.impl.classic.CloseableHttpClient.execute(CloseableHttpClient.java:87) ~[httpclient5-5.2.1.jar:5.2.1]
	at org.apache.hc.client5.http.impl.classic.CloseableHttpClient.execute(CloseableHttpClient.java:55) ~[httpclient5-5.2.1.jar:5.2.1]
	at org.apache.hc.client5.http.classic.HttpClient.executeOpen(HttpClient.java:183) ~[httpclient5-5.2.1.jar:5.2.1]
	at io.github.bonigarcia.wdm.online.HttpClient.execute(HttpClient.java:162) ~[webdrivermanager-5.6.2.jar:?]
	at io.github.bonigarcia.wdm.WebDriverManager.getDriversFromXml(WebDriverManager.java:1571) ~[webdrivermanager-5.6.2.jar:?]
	at io.github.bonigarcia.wdm.managers.EdgeDriverManager.getDriverUrls(EdgeDriverManager.java:115) ~[webdrivermanager-5.6.2.jar:?]
	at io.github.bonigarcia.wdm.WebDriverManager.createUrlHandler(WebDriverManager.java:1456) ~[webdrivermanager-5.6.2.jar:?]
	at io.github.bonigarcia.wdm.WebDriverManager.download(WebDriverManager.java:1277) ~[webdrivermanager-5.6.2.jar:?]
	at io.github.bonigarcia.wdm.WebDriverManager.manage(WebDriverManager.java:1189) ~[webdrivermanager-5.6.2.jar:?]
	at io.github.bonigarcia.wdm.WebDriverManager.fallback(WebDriverManager.java:1451) ~[webdrivermanager-5.6.2.jar:?]
	at io.github.bonigarcia.wdm.WebDriverManager.handleException(WebDriverManager.java:1432) ~[webdrivermanager-5.6.2.jar:?]
	at io.github.bonigarcia.wdm.WebDriverManager.manage(WebDriverManager.java:1195) ~[webdrivermanager-5.6.2.jar:?]
	at io.github.bonigarcia.wdm.WebDriverManager.handleException(WebDriverManager.java:1425) ~[webdrivermanager-5.6.2.jar:?]
	at io.github.bonigarcia.wdm.WebDriverManager.manage(WebDriverManager.java:1195) ~[webdrivermanager-5.6.2.jar:?]
	at io.github.bonigarcia.wdm.WebDriverManager.setup(WebDriverManager.java:427) ~[webdrivermanager-5.6.2.jar:?]
	at com.nse.stock.utils.DriverManager.createEdgeDriver(DriverManager.java:156) ~[classes/:?]
	... 22 more
]]></system-out>
  </testcase>
  <testcase name="setUp[edge](0)" classname="com.nse.stock.tests.Stock52WeekHighLowTest" time="1.875">
    <failure message="WebDriver setup failed" type="java.lang.RuntimeException"><![CDATA[java.lang.RuntimeException: WebDriver setup failed
	at com.nse.stock.base.BaseTest.setUp(BaseTest.java:59)
	at sun.reflect.NativeMethodAccessorImpl.invoke0(Native Method)
	at sun.reflect.NativeMethodAccessorImpl.invoke(NativeMethodAccessorImpl.java:62)
	at sun.reflect.DelegatingMethodAccessorImpl.invoke(DelegatingMethodAccessorImpl.java:43)
	at java.lang.reflect.Method.invoke(Method.java:498)
	at org.testng.internal.MethodInvocationHelper.invokeMethod(MethodInvocationHelper.java:133)
	at org.testng.internal.MethodInvocationHelper.invokeMethodConsideringTimeout(MethodInvocationHelper.java:62)
	at org.testng.internal.ConfigInvoker.invokeConfigurationMethod(ConfigInvoker.java:385)
	at org.testng.internal.ConfigInvoker.invokeConfigurations(ConfigInvoker.java:321)
	at org.testng.internal.TestInvoker.runConfigMethods(TestInvoker.java:700)
	at org.testng.internal.TestInvoker.invokeMethod(TestInvoker.java:527)
	at org.testng.internal.TestInvoker.invokeTestMethod(TestInvoker.java:173)
	at org.testng.internal.MethodRunner.runInSequence(MethodRunner.java:46)
	at org.testng.internal.TestInvoker$MethodInvocationAgent.invoke(TestInvoker.java:824)
	at org.testng.internal.TestInvoker.invokeTestMethods(TestInvoker.java:146)
	at org.testng.internal.TestMethodWorker.invokeTestMethods(TestMethodWorker.java:146)
	at org.testng.internal.TestMethodWorker.run(TestMethodWorker.java:128)
	at java.util.concurrent.ThreadPoolExecutor.runWorker(ThreadPoolExecutor.java:1142)
	at java.util.concurrent.ThreadPoolExecutor$Worker.run(ThreadPoolExecutor.java:617)
	at java.lang.Thread.run(Thread.java:745)
Caused by: java.lang.RuntimeException: Edge driver setup failed: io.github.bonigarcia.wdm.config.WebDriverManagerException: java.net.UnknownHostException: msedgedriver.azureedge.net
	at com.nse.stock.utils.DriverManager.createEdgeDriver(DriverManager.java:162)
	at com.nse.stock.utils.DriverManager.createDriver(DriverManager.java:65)
	at com.nse.stock.utils.DriverManager.getDriver(DriverManager.java:32)
	at com.nse.stock.base.BaseTest.setUp(BaseTest.java:42)
	... 19 more
Caused by: io.github.bonigarcia.wdm.config.WebDriverManagerException: io.github.bonigarcia.wdm.config.WebDriverManagerException: java.net.UnknownHostException: msedgedriver.azureedge.net
	at io.github.bonigarcia.wdm.WebDriverManager.handleException(WebDriverManager.java:1435)
	at io.github.bonigarcia.wdm.WebDriverManager.manage(WebDriverManager.java:1195)
	at io.github.bonigarcia.wdm.WebDriverManager.fallback(WebDriverManager.java:1451)
	at io.github.bonigarcia.wdm.WebDriverManager.handleException(WebDriverManager.java:1432)
	at io.github.bonigarcia.wdm.WebDriverManager.manage(WebDriverManager.java:1195)
	at io.github.bonigarcia.wdm.WebDriverManager.handleException(WebDriverManager.java:1425)
	at io.github.bonigarcia.wdm.WebDriverManager.manage(WebDriverManager.java:1195)
	at io.github.bonigarcia.wdm.WebDriverManager.setup(WebDriverManager.java:427)
	at com.nse.stock.utils.DriverManager.createEdgeDriver(DriverManager.java:156)
	... 22 more
Caused by: io.github.bonigarcia.wdm.config.WebDriverManagerException: java.net.UnknownHostException: msedgedriver.azureedge.net
	at io.github.bonigarcia.wdm.WebDriverManager.getDriversFromXml(WebDriverManager.java:1586)
	at io.github.bonigarcia.wdm.managers.EdgeDriverManager.getDriverUrls(EdgeDriverManager.java:115)
	at io.github.bonigarcia.wdm.WebDriverManager.createUrlHandler(WebDriverManager.java:1456)
	at io.github.bonigarcia.wdm.WebDriverManager.download(WebDriverManager.java:1277)
	at io.github.bonigarcia.wdm.WebDriverManager.manage(WebDriverManager.java:1189)
	... 29 more
Caused by: java.net.UnknownHostException: msedgedriver.azureedge.net
	at java.net.InetAddress.getAllByName0(InetAddress.java:1280)
	at java.net.InetAddress.getAllByName(InetAddress.java:1192)
	at java.net.InetAddress.getAllByName(InetAddress.java:1126)
	at org.apache.hc.client5.http.SystemDefaultDnsResolver.resolve(SystemDefaultDnsResolver.java:43)
	at org.apache.hc.client5.http.impl.io.DefaultHttpClientConnectionOperator.connect(DefaultHttpClientConnectionOperator.java:141)
	at org.apache.hc.client5.http.impl.io.PoolingHttpClientConnectionManager.connect(PoolingHttpClientConnectionManager.java:447)
	at org.apache.hc.client5.http.impl.classic.InternalExecRuntime.connectEndpoint(InternalExecRuntime.java:162)
	at org.apache.hc.client5.http.impl.classic.InternalExecRuntime.connectEndpoint(InternalExecRuntime.java:172)
	at org.apache.hc.client5.http.impl.classic.ConnectExec.execute(ConnectExec.java:142)
	at org.apache.hc.client5.http.impl.classic.ExecChainElement.execute(ExecChainElement.java:51)
	at org.apache.hc.client5.http.impl.classic.ProtocolExec.execute(ProtocolExec.java:192)
	at org.apache.hc.client5.http.impl.classic.ExecChainElement.execute(ExecChainElement.java:51)
	at org.apache.hc.client5.http.impl.classic.HttpRequestRetryExec.execute(HttpRequestRetryExec.java:96)
	at org.apache.hc.client5.http.impl.classic.ExecChainElement.execute(ExecChainElement.java:51)
	at org.apache.hc.client5.http.impl.classic.ContentCompressionExec.execute(ContentCompressionExec.java:152)
	at org.apache.hc.client5.http.impl.classic.ExecChainElement.execute(ExecChainElement.java:51)
	at org.apache.hc.client5.http.impl.classic.RedirectExec.execute(RedirectExec.java:115)
	at org.apache.hc.client5.http.impl.classic.ExecChainElement.execute(ExecChainElement.java:51)
	at org.apache.hc.client5.http.impl.classic.InternalHttpClient.doExecute(InternalHttpClient.java:170)
	at org.apache.hc.client5.http.impl.classic.CloseableHttpClient.execute(CloseableHttpClient.java:87)
	at org.apache.hc.client5.http.impl.classic.CloseableHttpClient.execute(CloseableHttpClient.java:55)
	at org.apache.hc.client5.http.classic.HttpClient.executeOpen(HttpClient.java:183)
	at io.github.bonigarcia.wdm.online.HttpClient.execute(HttpClient.java:162)
	at io.github.bonigarcia.wdm.WebDriverManager.getDriversFromXml(WebDriverManager.java:1571)
	... 33 more
]]></failure>
    <system-out><![CDATA[2025-09-29 22:05:18.325 [main] INFO  com.nse.stock.listeners.ExtentReportListener - ExtentReports flushed successfully
2025-09-29 22:05:18.325 [main] INFO  com.nse.stock.listeners.ExtentReportListener - Report location: src/reports/html/ExtentReport.html
2025-09-29 22:05:18.339 [TestNG-test=Edge Browser Tests-1] INFO  com.nse.stock.base.BaseTest - Setting up test class with browser: edge
2025-09-29 22:05:18.343 [TestNG-test=Edge Browser Tests-1] INFO  com.nse.stock.base.BaseTest - Starting test setup for browser: edge
2025-09-29 22:05:18.346 [TestNG-test=Edge Browser Tests-1] INFO  com.nse.stock.utils.DriverManager - Creating WebDriver for browser: edge
2025-09-29 22:05:19.769 [TestNG-test=Edge Browser Tests-1] ERROR com.nse.stock.utils.DriverManager - Failed to create Edge driver: io.github.bonigarcia.wdm.config.WebDriverManagerException: java.net.UnknownHostException: msedgedriver.azureedge.net
2025-09-29 22:05:19.769 [TestNG-test=Edge Browser Tests-1] ERROR com.nse.stock.base.BaseTest - Failed to setup WebDriver: Edge driver setup failed: io.github.bonigarcia.wdm.config.WebDriverManagerException: java.net.UnknownHostException: msedgedriver.azureedge.net
java.lang.RuntimeException: Edge driver setup failed: io.github.bonigarcia.wdm.config.WebDriverManagerException: java.net.UnknownHostException: msedgedriver.azureedge.net
	at com.nse.stock.utils.DriverManager.createEdgeDriver(DriverManager.java:162) ~[classes/:?]
	at com.nse.stock.utils.DriverManager.createDriver(DriverManager.java:65) ~[classes/:?]
	at com.nse.stock.utils.DriverManager.getDriver(DriverManager.java:32) ~[classes/:?]
	at com.nse.stock.base.BaseTest.setUp(BaseTest.java:42) ~[classes/:?]
	at sun.reflect.NativeMethodAccessorImpl.invoke0(Native Method) ~[?:1.8.0_91]
	at sun.reflect.NativeMethodAccessorImpl.invoke(NativeMethodAccessorImpl.java:62) ~[?:1.8.0_91]
	at sun.reflect.DelegatingMethodAccessorImpl.invoke(DelegatingMethodAccessorImpl.java:43) ~[?:1.8.0_91]
	at java.lang.reflect.Method.invoke(Method.java:498) ~[?:1.8.0_91]
	at org.testng.internal.MethodInvocationHelper.invokeMethod(MethodInvocationHelper.java:133) ~[testng-7.4.0.jar:7.4.0]
	at org.testng.internal.MethodInvocationHelper.invokeMethodConsideringTimeout(MethodInvocationHelper.java:62) ~[testng-7.4.0.jar:7.4.0]
	at org.testng.internal.ConfigInvoker.invokeConfigurationMethod(ConfigInvoker.java:385) ~[testng-7.4.0.jar:7.4.0]
	at org.testng.internal.ConfigInvoker.invokeConfigurations(ConfigInvoker.java:321) ~[testng-7.4.0.jar:7.4.0]
	at org.testng.internal.TestInvoker.runConfigMethods(TestInvoker.java:700) ~[testng-7.4.0.jar:7.4.0]
	at org.testng.internal.TestInvoker.invokeMethod(TestInvoker.java:527) ~[testng-7.4.0.jar:7.4.0]
	at org.testng.internal.TestInvoker.invokeTestMethod(TestInvoker.java:173) ~[testng-7.4.0.jar:7.4.0]
	at org.testng.internal.MethodRunner.runInSequence(MethodRunner.java:46) ~[testng-7.4.0.jar:7.4.0]
	at org.testng.internal.TestInvoker$MethodInvocationAgent.invoke(TestInvoker.java:824) ~[testng-7.4.0.jar:7.4.0]
	at org.testng.internal.TestInvoker.invokeTestMethods(TestInvoker.java:146) ~[testng-7.4.0.jar:7.4.0]
	at org.testng.internal.TestMethodWorker.invokeTestMethods(TestMethodWorker.java:146) ~[testng-7.4.0.jar:7.4.0]
	at org.testng.internal.TestMethodWorker.run(TestMethodWorker.java:128) ~[testng-7.4.0.jar:7.4.0]
	at java.util.concurrent.ThreadPoolExecutor.runWorker(ThreadPoolExecutor.java:1142) ~[?:1.8.0_91]
	at java.util.concurrent.ThreadPoolExecutor$Worker.run(ThreadPoolExecutor.java:617) ~[?:1.8.0_91]
	at java.lang.Thread.run(Thread.java:745) ~[?:1.8.0_91]
Caused by: io.github.bonigarcia.wdm.config.WebDriverManagerException: io.github.bonigarcia.wdm.config.WebDriverManagerException: java.net.UnknownHostException: msedgedriver.azureedge.net
	at io.github.bonigarcia.wdm.WebDriverManager.handleException(WebDriverManager.java:1435) ~[webdrivermanager-5.6.2.jar:?]
	at io.github.bonigarcia.wdm.WebDriverManager.manage(WebDriverManager.java:1195) ~[webdrivermanager-5.6.2.jar:?]
	at io.github.bonigarcia.wdm.WebDriverManager.fallback(WebDriverManager.java:1451) ~[webdrivermanager-5.6.2.jar:?]
	at io.github.bonigarcia.wdm.WebDriverManager.handleException(WebDriverManager.java:1432) ~[webdrivermanager-5.6.2.jar:?]
	at io.github.bonigarcia.wdm.WebDriverManager.manage(WebDriverManager.java:1195) ~[webdrivermanager-5.6.2.jar:?]
	at io.github.bonigarcia.wdm.WebDriverManager.handleException(WebDriverManager.java:1425) ~[webdrivermanager-5.6.2.jar:?]
	at io.github.bonigarcia.wdm.WebDriverManager.manage(WebDriverManager.java:1195) ~[webdrivermanager-5.6.2.jar:?]
	at io.github.bonigarcia.wdm.WebDriverManager.setup(WebDriverManager.java:427) ~[webdrivermanager-5.6.2.jar:?]
	at com.nse.stock.utils.DriverManager.createEdgeDriver(DriverManager.java:156) ~[classes/:?]
	... 22 more
Caused by: io.github.bonigarcia.wdm.config.WebDriverManagerException: java.net.UnknownHostException: msedgedriver.azureedge.net
	at io.github.bonigarcia.wdm.WebDriverManager.getDriversFromXml(WebDriverManager.java:1586) ~[webdrivermanager-5.6.2.jar:?]
	at io.github.bonigarcia.wdm.managers.EdgeDriverManager.getDriverUrls(EdgeDriverManager.java:115) ~[webdrivermanager-5.6.2.jar:?]
	at io.github.bonigarcia.wdm.WebDriverManager.createUrlHandler(WebDriverManager.java:1456) ~[webdrivermanager-5.6.2.jar:?]
	at io.github.bonigarcia.wdm.WebDriverManager.download(WebDriverManager.java:1277) ~[webdrivermanager-5.6.2.jar:?]
	at io.github.bonigarcia.wdm.WebDriverManager.manage(WebDriverManager.java:1189) ~[webdrivermanager-5.6.2.jar:?]
	at io.github.bonigarcia.wdm.WebDriverManager.fallback(WebDriverManager.java:1451) ~[webdrivermanager-5.6.2.jar:?]
	at io.github.bonigarcia.wdm.WebDriverManager.handleException(WebDriverManager.java:1432) ~[webdrivermanager-5.6.2.jar:?]
	at io.github.bonigarcia.wdm.WebDriverManager.manage(WebDriverManager.java:1195) ~[webdrivermanager-5.6.2.jar:?]
	at io.github.bonigarcia.wdm.WebDriverManager.handleException(WebDriverManager.java:1425) ~[webdrivermanager-5.6.2.jar:?]
	at io.github.bonigarcia.wdm.WebDriverManager.manage(WebDriverManager.java:1195) ~[webdrivermanager-5.6.2.jar:?]
	at io.github.bonigarcia.wdm.WebDriverManager.setup(WebDriverManager.java:427) ~[webdrivermanager-5.6.2.jar:?]
	at com.nse.stock.utils.DriverManager.createEdgeDriver(DriverManager.java:156) ~[classes/:?]
	... 22 more
Caused by: java.net.UnknownHostException: msedgedriver.azureedge.net
	at java.net.InetAddress.getAllByName0(InetAddress.java:1280) ~[?:1.8.0_91]
	at java.net.InetAddress.getAllByName(InetAddress.java:1192) ~[?:1.8.0_91]
	at java.net.InetAddress.getAllByName(InetAddress.java:1126) ~[?:1.8.0_91]
	at org.apache.hc.client5.http.SystemDefaultDnsResolver.resolve(SystemDefaultDnsResolver.java:43) ~[httpclient5-5.2.1.jar:5.2.1]
	at org.apache.hc.client5.http.impl.io.DefaultHttpClientConnectionOperator.connect(DefaultHttpClientConnectionOperator.java:141) ~[httpclient5-5.2.1.jar:5.2.1]
	at org.apache.hc.client5.http.impl.io.PoolingHttpClientConnectionManager.connect(PoolingHttpClientConnectionManager.java:447) ~[httpclient5-5.2.1.jar:5.2.1]
	at org.apache.hc.client5.http.impl.classic.InternalExecRuntime.connectEndpoint(InternalExecRuntime.java:162) ~[httpclient5-5.2.1.jar:5.2.1]
	at org.apache.hc.client5.http.impl.classic.InternalExecRuntime.connectEndpoint(InternalExecRuntime.java:172) ~[httpclient5-5.2.1.jar:5.2.1]
	at org.apache.hc.client5.http.impl.classic.ConnectExec.execute(ConnectExec.java:142) ~[httpclient5-5.2.1.jar:5.2.1]
	at org.apache.hc.client5.http.impl.classic.ExecChainElement.execute(ExecChainElement.java:51) ~[httpclient5-5.2.1.jar:5.2.1]
	at org.apache.hc.client5.http.impl.classic.ProtocolExec.execute(ProtocolExec.java:192) ~[httpclient5-5.2.1.jar:5.2.1]
	at org.apache.hc.client5.http.impl.classic.ExecChainElement.execute(ExecChainElement.java:51) ~[httpclient5-5.2.1.jar:5.2.1]
	at org.apache.hc.client5.http.impl.classic.HttpRequestRetryExec.execute(HttpRequestRetryExec.java:96) ~[httpclient5-5.2.1.jar:5.2.1]
	at org.apache.hc.client5.http.impl.classic.ExecChainElement.execute(ExecChainElement.java:51) ~[httpclient5-5.2.1.jar:5.2.1]
	at org.apache.hc.client5.http.impl.classic.ContentCompressionExec.execute(ContentCompressionExec.java:152) ~[httpclient5-5.2.1.jar:5.2.1]
	at org.apache.hc.client5.http.impl.classic.ExecChainElement.execute(ExecChainElement.java:51) ~[httpclient5-5.2.1.jar:5.2.1]
	at org.apache.hc.client5.http.impl.classic.RedirectExec.execute(RedirectExec.java:115) ~[httpclient5-5.2.1.jar:5.2.1]
	at org.apache.hc.client5.http.impl.classic.ExecChainElement.execute(ExecChainElement.java:51) ~[httpclient5-5.2.1.jar:5.2.1]
	at org.apache.hc.client5.http.impl.classic.InternalHttpClient.doExecute(InternalHttpClient.java:170) ~[httpclient5-5.2.1.jar:5.2.1]
	at org.apache.hc.client5.http.impl.classic.CloseableHttpClient.execute(CloseableHttpClient.java:87) ~[httpclient5-5.2.1.jar:5.2.1]
	at org.apache.hc.client5.http.impl.classic.CloseableHttpClient.execute(CloseableHttpClient.java:55) ~[httpclient5-5.2.1.jar:5.2.1]
	at org.apache.hc.client5.http.classic.HttpClient.executeOpen(HttpClient.java:183) ~[httpclient5-5.2.1.jar:5.2.1]
	at io.github.bonigarcia.wdm.online.HttpClient.execute(HttpClient.java:162) ~[webdrivermanager-5.6.2.jar:?]
	at io.github.bonigarcia.wdm.WebDriverManager.getDriversFromXml(WebDriverManager.java:1571) ~[webdrivermanager-5.6.2.jar:?]
	at io.github.bonigarcia.wdm.managers.EdgeDriverManager.getDriverUrls(EdgeDriverManager.java:115) ~[webdrivermanager-5.6.2.jar:?]
	at io.github.bonigarcia.wdm.WebDriverManager.createUrlHandler(WebDriverManager.java:1456) ~[webdrivermanager-5.6.2.jar:?]
	at io.github.bonigarcia.wdm.WebDriverManager.download(WebDriverManager.java:1277) ~[webdrivermanager-5.6.2.jar:?]
	at io.github.bonigarcia.wdm.WebDriverManager.manage(WebDriverManager.java:1189) ~[webdrivermanager-5.6.2.jar:?]
	at io.github.bonigarcia.wdm.WebDriverManager.fallback(WebDriverManager.java:1451) ~[webdrivermanager-5.6.2.jar:?]
	at io.github.bonigarcia.wdm.WebDriverManager.handleException(WebDriverManager.java:1432) ~[webdrivermanager-5.6.2.jar:?]
	at io.github.bonigarcia.wdm.WebDriverManager.manage(WebDriverManager.java:1195) ~[webdrivermanager-5.6.2.jar:?]
	at io.github.bonigarcia.wdm.WebDriverManager.handleException(WebDriverManager.java:1425) ~[webdrivermanager-5.6.2.jar:?]
	at io.github.bonigarcia.wdm.WebDriverManager.manage(WebDriverManager.java:1195) ~[webdrivermanager-5.6.2.jar:?]
	at io.github.bonigarcia.wdm.WebDriverManager.setup(WebDriverManager.java:427) ~[webdrivermanager-5.6.2.jar:?]
	at com.nse.stock.utils.DriverManager.createEdgeDriver(DriverManager.java:156) ~[classes/:?]
	... 22 more
]]></system-out>
  </testcase>
  <testcase name="test52WeekHighLowExtraction[TATAMOTORS](1)" classname="com.nse.stock.tests.Stock52WeekHighLowTest" time="0">
    <skipped message="WebDriver setup failed"/>
    <system-out><![CDATA[2025-09-29 22:05:08.289 [TestNG-test=Chrome Browser Tests-1] INFO  com.nse.stock.listeners.ExtentReportListener - ExtentReports initialized successfully
2025-09-29 22:05:08.296 [TestNG-test=Chrome Browser Tests-1] INFO  com.nse.stock.listeners.ExtentReportListener - Test started: test52WeekHighLowExtraction - Extract and verify 52-week high and low prices for stocks
2025-09-29 22:05:08.296 [TestNG-test=Chrome Browser Tests-1] INFO  com.nse.stock.listeners.ScreenshotListener - Test started: test52WeekHighLowExtraction on browser: edge in thread: TestNG-test=Chrome Browser Tests-1
2025-09-29 22:05:08.304 [TestNG-test=Chrome Browser Tests-1] WARN  com.nse.stock.listeners.ExtentReportListener - Test skipped: test52WeekHighLowExtraction - WebDriver setup failed
]]></system-out>
  </testcase>
  <testcase name="test52WeekHighLowExtraction[TATAMOTORS](1)" classname="com.nse.stock.tests.Stock52WeekHighLowTest" time="0">
    <skipped message="WebDriver setup failed"/>
    <system-out><![CDATA[2025-09-29 22:05:14.764 [TestNG-test=Firefox Browser Tests-1] INFO  com.nse.stock.listeners.ExtentReportListener - Test started: test52WeekHighLowExtraction - Extract and verify 52-week high and low prices for stocks
2025-09-29 22:05:14.764 [TestNG-test=Firefox Browser Tests-1] INFO  com.nse.stock.listeners.ScreenshotListener - Test started: test52WeekHighLowExtraction on browser: edge in thread: TestNG-test=Firefox Browser Tests-1
2025-09-29 22:05:14.764 [TestNG-test=Firefox Browser Tests-1] WARN  com.nse.stock.listeners.ExtentReportListener - Test skipped: test52WeekHighLowExtraction - WebDriver setup failed
]]></system-out>
  </testcase>
  <testcase name="test52WeekHighLowExtraction[TATAMOTORS](1)" classname="com.nse.stock.tests.Stock52WeekHighLowTest" time="0">
    <skipped message="WebDriver setup failed"/>
    <system-out><![CDATA[2025-09-29 22:05:19.779 [TestNG-test=Edge Browser Tests-1] INFO  com.nse.stock.listeners.ExtentReportListener - Test started: test52WeekHighLowExtraction - Extract and verify 52-week high and low prices for stocks
2025-09-29 22:05:19.779 [TestNG-test=Edge Browser Tests-1] INFO  com.nse.stock.listeners.ScreenshotListener - Test started: test52WeekHighLowExtraction on browser: edge in thread: TestNG-test=Edge Browser Tests-1
2025-09-29 22:05:19.779 [TestNG-test=Edge Browser Tests-1] WARN  com.nse.stock.listeners.ExtentReportListener - Test skipped: test52WeekHighLowExtraction - WebDriver setup failed
]]></system-out>
  </testcase>
  <testcase name="tearDown" classname="com.nse.stock.tests.Stock52WeekHighLowTest" time="0">
    <skipped/>
    <system-out><![CDATA[2025-09-29 22:05:08.304 [TestNG-test=Chrome Browser Tests-1] WARN  com.nse.stock.listeners.ScreenshotListener - WebDriver is null, cannot capture screenshot for test: test52WeekHighLowExtraction
]]></system-out>
  </testcase>
  <testcase name="tearDown" classname="com.nse.stock.tests.Stock52WeekHighLowTest" time="0">
    <skipped/>
    <system-out><![CDATA[2025-09-29 22:05:08.319 [TestNG-test=Chrome Browser Tests-1] WARN  com.nse.stock.listeners.ScreenshotListener - WebDriver is null, cannot capture screenshot for test: test52WeekHighLowExtraction
]]></system-out>
  </testcase>
  <testcase name="tearDown" classname="com.nse.stock.tests.Stock52WeekHighLowTest" time="0">
    <skipped/>
    <system-out><![CDATA[2025-09-29 22:05:08.334 [TestNG-test=Chrome Browser Tests-1] WARN  com.nse.stock.listeners.ScreenshotListener - WebDriver is null, cannot capture screenshot for test: test52WeekHighLowExtraction
]]></system-out>
  </testcase>
  <testcase name="tearDown" classname="com.nse.stock.tests.Stock52WeekHighLowTest" time="0">
    <skipped/>
    <system-out><![CDATA[2025-09-29 22:05:08.334 [TestNG-test=Chrome Browser Tests-1] WARN  com.nse.stock.listeners.ScreenshotListener - WebDriver is null, cannot capture screenshot for test: test52WeekHighLowExtraction
]]></system-out>
  </testcase>
  <testcase name="tearDown" classname="com.nse.stock.tests.Stock52WeekHighLowTest" time="0">
    <skipped/>
    <system-out><![CDATA[2025-09-29 22:05:10.684 [TestNG-test=Chrome Browser Tests-1] WARN  com.nse.stock.listeners.ScreenshotListener - WebDriver is null, cannot capture screenshot for test: testTataMotors52WeekData
]]></system-out>
  </testcase>
  <testcase name="tearDown" classname="com.nse.stock.tests.Stock52WeekHighLowTest" time="0">
    <skipped/>
    <system-out><![CDATA[2025-09-29 22:05:10.704 [TestNG-test=Chrome Browser Tests-1] WARN  com.nse.stock.listeners.ScreenshotListener - WebDriver is null, cannot capture screenshot for test: test52WeekDataAvailability
]]></system-out>
  </testcase>
  <testcase name="tearDown" classname="com.nse.stock.tests.Stock52WeekHighLowTest" time="0">
    <skipped/>
    <system-out><![CDATA[2025-09-29 22:05:10.761 [TestNG-test=Chrome Browser Tests-1] WARN  com.nse.stock.listeners.ScreenshotListener - WebDriver is null, cannot capture screenshot for test: test52WeekDataConsistency
]]></system-out>
  </testcase>
  <testcase name="tearDown" classname="com.nse.stock.tests.Stock52WeekHighLowTest" time="0">
    <skipped/>
    <system-out><![CDATA[2025-09-29 22:05:10.820 [TestNG-test=Chrome Browser Tests-1] WARN  com.nse.stock.listeners.ScreenshotListener - WebDriver is null, cannot capture screenshot for test: test52WeekExtractionMethods
]]></system-out>
  </testcase>
  <testcase name="tearDown" classname="com.nse.stock.tests.Stock52WeekHighLowTest" time="0">
    <skipped/>
    <system-out><![CDATA[2025-09-29 22:05:14.764 [TestNG-test=Firefox Browser Tests-1] WARN  com.nse.stock.listeners.ScreenshotListener - WebDriver is null, cannot capture screenshot for test: test52WeekHighLowExtraction
]]></system-out>
  </testcase>
  <testcase name="tearDown" classname="com.nse.stock.tests.Stock52WeekHighLowTest" time="0">
    <skipped/>
    <system-out><![CDATA[2025-09-29 22:05:14.804 [TestNG-test=Firefox Browser Tests-1] WARN  com.nse.stock.listeners.ScreenshotListener - WebDriver is null, cannot capture screenshot for test: test52WeekHighLowExtraction
]]></system-out>
  </testcase>
  <testcase name="tearDown" classname="com.nse.stock.tests.Stock52WeekHighLowTest" time="0">
    <skipped/>
    <system-out><![CDATA[2025-09-29 22:05:14.841 [TestNG-test=Firefox Browser Tests-1] WARN  com.nse.stock.listeners.ScreenshotListener - WebDriver is null, cannot capture screenshot for test: test52WeekHighLowExtraction
]]></system-out>
  </testcase>
  <testcase name="tearDown" classname="com.nse.stock.tests.Stock52WeekHighLowTest" time="0">
    <skipped/>
    <system-out><![CDATA[2025-09-29 22:05:14.854 [TestNG-test=Firefox Browser Tests-1] WARN  com.nse.stock.listeners.ScreenshotListener - WebDriver is null, cannot capture screenshot for test: test52WeekHighLowExtraction
]]></system-out>
  </testcase>
  <testcase name="tearDown" classname="com.nse.stock.tests.Stock52WeekHighLowTest" time="0">
    <skipped/>
    <system-out><![CDATA[2025-09-29 22:05:17.730 [TestNG-test=Firefox Browser Tests-1] WARN  com.nse.stock.listeners.ScreenshotListener - WebDriver is null, cannot capture screenshot for test: testTataMotors52WeekData
]]></system-out>
  </testcase>
  <testcase name="tearDown" classname="com.nse.stock.tests.Stock52WeekHighLowTest" time="0">
    <skipped/>
    <system-out><![CDATA[2025-09-29 22:05:17.746 [TestNG-test=Firefox Browser Tests-1] WARN  com.nse.stock.listeners.ScreenshotListener - WebDriver is null, cannot capture screenshot for test: test52WeekDataAvailability
]]></system-out>
  </testcase>
  <testcase name="tearDown" classname="com.nse.stock.tests.Stock52WeekHighLowTest" time="0">
    <skipped/>
    <system-out><![CDATA[2025-09-29 22:05:17.784 [TestNG-test=Firefox Browser Tests-1] WARN  com.nse.stock.listeners.ScreenshotListener - WebDriver is null, cannot capture screenshot for test: test52WeekDataConsistency
]]></system-out>
  </testcase>
  <testcase name="tearDown" classname="com.nse.stock.tests.Stock52WeekHighLowTest" time="0">
    <skipped/>
    <system-out><![CDATA[2025-09-29 22:05:17.824 [TestNG-test=Firefox Browser Tests-1] WARN  com.nse.stock.listeners.ScreenshotListener - WebDriver is null, cannot capture screenshot for test: test52WeekExtractionMethods
]]></system-out>
  </testcase>
  <testcase name="tearDown" classname="com.nse.stock.tests.Stock52WeekHighLowTest" time="0">
    <skipped/>
    <system-out><![CDATA[2025-09-29 22:05:19.784 [TestNG-test=Edge Browser Tests-1] WARN  com.nse.stock.listeners.ScreenshotListener - WebDriver is null, cannot capture screenshot for test: test52WeekHighLowExtraction
]]></system-out>
  </testcase>
  <testcase name="tearDown" classname="com.nse.stock.tests.Stock52WeekHighLowTest" time="0">
    <skipped/>
    <system-out><![CDATA[2025-09-29 22:05:19.790 [TestNG-test=Edge Browser Tests-1] WARN  com.nse.stock.listeners.ScreenshotListener - WebDriver is null, cannot capture screenshot for test: test52WeekHighLowExtraction
]]></system-out>
  </testcase>
  <testcase name="tearDown" classname="com.nse.stock.tests.Stock52WeekHighLowTest" time="0">
    <skipped/>
    <system-out><![CDATA[2025-09-29 22:05:19.795 [TestNG-test=Edge Browser Tests-1] WARN  com.nse.stock.listeners.ScreenshotListener - WebDriver is null, cannot capture screenshot for test: test52WeekHighLowExtraction
]]></system-out>
  </testcase>
  <testcase name="tearDown" classname="com.nse.stock.tests.Stock52WeekHighLowTest" time="0">
    <skipped/>
    <system-out><![CDATA[2025-09-29 22:05:19.812 [TestNG-test=Edge Browser Tests-1] WARN  com.nse.stock.listeners.ScreenshotListener - WebDriver is null, cannot capture screenshot for test: test52WeekHighLowExtraction
]]></system-out>
  </testcase>
  <testcase name="tearDown" classname="com.nse.stock.tests.Stock52WeekHighLowTest" time="0">
    <skipped/>
    <system-out><![CDATA[2025-09-29 22:05:26.511 [TestNG-test=Edge Browser Tests-1] WARN  com.nse.stock.listeners.ScreenshotListener - WebDriver is null, cannot capture screenshot for test: testTataMotors52WeekData
]]></system-out>
  </testcase>
  <testcase name="tearDown" classname="com.nse.stock.tests.Stock52WeekHighLowTest" time="0">
    <skipped/>
    <system-out><![CDATA[2025-09-29 22:05:26.546 [TestNG-test=Edge Browser Tests-1] WARN  com.nse.stock.listeners.ScreenshotListener - WebDriver is null, cannot capture screenshot for test: test52WeekDataAvailability
]]></system-out>
  </testcase>
  <testcase name="tearDown" classname="com.nse.stock.tests.Stock52WeekHighLowTest" time="0">
    <skipped/>
    <system-out><![CDATA[2025-09-29 22:05:26.594 [TestNG-test=Edge Browser Tests-1] WARN  com.nse.stock.listeners.ScreenshotListener - WebDriver is null, cannot capture screenshot for test: test52WeekDataConsistency
]]></system-out>
  </testcase>
  <testcase name="tearDown" classname="com.nse.stock.tests.Stock52WeekHighLowTest" time="0">
    <skipped/>
    <system-out><![CDATA[2025-09-29 22:05:26.616 [TestNG-test=Edge Browser Tests-1] WARN  com.nse.stock.listeners.ScreenshotListener - WebDriver is null, cannot capture screenshot for test: test52WeekExtractionMethods
]]></system-out>
  </testcase>
  <testcase name="setUp" classname="com.nse.stock.tests.Stock52WeekHighLowTest" time="0">
    <skipped/>
  </testcase>
  <testcase name="setUp" classname="com.nse.stock.tests.Stock52WeekHighLowTest" time="0">
    <skipped/>
  </testcase>
  <testcase name="setUp" classname="com.nse.stock.tests.Stock52WeekHighLowTest" time="0">
    <skipped/>
  </testcase>
  <testcase name="setUp" classname="com.nse.stock.tests.Stock52WeekHighLowTest" time="0">
    <skipped/>
  </testcase>
  <testcase name="setUp" classname="com.nse.stock.tests.Stock52WeekHighLowTest" time="0">
    <skipped/>
  </testcase>
  <testcase name="setUp" classname="com.nse.stock.tests.Stock52WeekHighLowTest" time="0">
    <skipped/>
  </testcase>
  <testcase name="setUp" classname="com.nse.stock.tests.Stock52WeekHighLowTest" time="0">
    <skipped/>
  </testcase>
  <testcase name="setUp" classname="com.nse.stock.tests.Stock52WeekHighLowTest" time="0">
    <skipped/>
  </testcase>
  <testcase name="setUp" classname="com.nse.stock.tests.Stock52WeekHighLowTest" time="0">
    <skipped/>
  </testcase>
  <testcase name="setUp" classname="com.nse.stock.tests.Stock52WeekHighLowTest" time="0">
    <skipped/>
  </testcase>
  <testcase name="setUp" classname="com.nse.stock.tests.Stock52WeekHighLowTest" time="0">
    <skipped/>
  </testcase>
  <testcase name="setUp" classname="com.nse.stock.tests.Stock52WeekHighLowTest" time="0">
    <skipped/>
  </testcase>
  <testcase name="setUp" classname="com.nse.stock.tests.Stock52WeekHighLowTest" time="0">
    <skipped/>
  </testcase>
  <testcase name="setUp" classname="com.nse.stock.tests.Stock52WeekHighLowTest" time="0">
    <skipped/>
  </testcase>
  <testcase name="setUp" classname="com.nse.stock.tests.Stock52WeekHighLowTest" time="0">
    <skipped/>
  </testcase>
  <testcase name="setUp" classname="com.nse.stock.tests.Stock52WeekHighLowTest" time="0">
    <skipped/>
  </testcase>
  <testcase name="setUp" classname="com.nse.stock.tests.Stock52WeekHighLowTest" time="0">
    <skipped/>
  </testcase>
  <testcase name="setUp" classname="com.nse.stock.tests.Stock52WeekHighLowTest" time="0">
    <skipped/>
  </testcase>
  <testcase name="setUp" classname="com.nse.stock.tests.Stock52WeekHighLowTest" time="0">
    <skipped/>
  </testcase>
  <testcase name="setUp" classname="com.nse.stock.tests.Stock52WeekHighLowTest" time="0">
    <skipped/>
  </testcase>
  <testcase name="setUp" classname="com.nse.stock.tests.Stock52WeekHighLowTest" time="0">
    <skipped/>
  </testcase>
  <testcase name="test52WeekHighLowExtraction[RELIANCE](2)" classname="com.nse.stock.tests.Stock52WeekHighLowTest" time="0">
    <skipped message="WebDriver setup failed"/>
    <system-out><![CDATA[2025-09-29 22:05:08.314 [TestNG-test=Chrome Browser Tests-1] INFO  com.nse.stock.listeners.ExtentReportListener - Test started: test52WeekHighLowExtraction - Extract and verify 52-week high and low prices for stocks
2025-09-29 22:05:08.314 [TestNG-test=Chrome Browser Tests-1] INFO  com.nse.stock.listeners.ScreenshotListener - Test started: test52WeekHighLowExtraction on browser: edge in thread: TestNG-test=Chrome Browser Tests-1
2025-09-29 22:05:08.319 [TestNG-test=Chrome Browser Tests-1] WARN  com.nse.stock.listeners.ExtentReportListener - Test skipped: test52WeekHighLowExtraction - WebDriver setup failed
]]></system-out>
  </testcase>
  <testcase name="test52WeekHighLowExtraction[RELIANCE](2)" classname="com.nse.stock.tests.Stock52WeekHighLowTest" time="0">
    <skipped message="WebDriver setup failed"/>
    <system-out><![CDATA[2025-09-29 22:05:14.769 [TestNG-test=Firefox Browser Tests-1] INFO  com.nse.stock.listeners.ExtentReportListener - Test started: test52WeekHighLowExtraction - Extract and verify 52-week high and low prices for stocks
2025-09-29 22:05:14.769 [TestNG-test=Firefox Browser Tests-1] INFO  com.nse.stock.listeners.ScreenshotListener - Test started: test52WeekHighLowExtraction on browser: edge in thread: TestNG-test=Firefox Browser Tests-1
2025-09-29 22:05:14.804 [TestNG-test=Firefox Browser Tests-1] WARN  com.nse.stock.listeners.ExtentReportListener - Test skipped: test52WeekHighLowExtraction - WebDriver setup failed
]]></system-out>
  </testcase>
  <testcase name="test52WeekHighLowExtraction[RELIANCE](2)" classname="com.nse.stock.tests.Stock52WeekHighLowTest" time="0">
    <skipped message="WebDriver setup failed"/>
    <system-out><![CDATA[2025-09-29 22:05:19.784 [TestNG-test=Edge Browser Tests-1] INFO  com.nse.stock.listeners.ExtentReportListener - Test started: test52WeekHighLowExtraction - Extract and verify 52-week high and low prices for stocks
2025-09-29 22:05:19.787 [TestNG-test=Edge Browser Tests-1] INFO  com.nse.stock.listeners.ScreenshotListener - Test started: test52WeekHighLowExtraction on browser: edge in thread: TestNG-test=Edge Browser Tests-1
2025-09-29 22:05:19.790 [TestNG-test=Edge Browser Tests-1] WARN  com.nse.stock.listeners.ExtentReportListener - Test skipped: test52WeekHighLowExtraction - WebDriver setup failed
]]></system-out>
  </testcase>
  <testcase name="test52WeekHighLowExtraction[INFY](3)" classname="com.nse.stock.tests.Stock52WeekHighLowTest" time="0">
    <skipped message="WebDriver setup failed"/>
    <system-out><![CDATA[2025-09-29 22:05:08.323 [TestNG-test=Chrome Browser Tests-1] INFO  com.nse.stock.listeners.ExtentReportListener - Test started: test52WeekHighLowExtraction - Extract and verify 52-week high and low prices for stocks
2025-09-29 22:05:08.332 [TestNG-test=Chrome Browser Tests-1] INFO  com.nse.stock.listeners.ScreenshotListener - Test started: test52WeekHighLowExtraction on browser: edge in thread: TestNG-test=Chrome Browser Tests-1
2025-09-29 22:05:08.334 [TestNG-test=Chrome Browser Tests-1] WARN  com.nse.stock.listeners.ExtentReportListener - Test skipped: test52WeekHighLowExtraction - WebDriver setup failed
]]></system-out>
  </testcase>
  <testcase name="test52WeekHighLowExtraction[INFY](3)" classname="com.nse.stock.tests.Stock52WeekHighLowTest" time="0">
    <skipped message="WebDriver setup failed"/>
    <system-out><![CDATA[2025-09-29 22:05:14.809 [TestNG-test=Firefox Browser Tests-1] INFO  com.nse.stock.listeners.ExtentReportListener - Test started: test52WeekHighLowExtraction - Extract and verify 52-week high and low prices for stocks
2025-09-29 22:05:14.814 [TestNG-test=Firefox Browser Tests-1] INFO  com.nse.stock.listeners.ScreenshotListener - Test started: test52WeekHighLowExtraction on browser: edge in thread: TestNG-test=Firefox Browser Tests-1
2025-09-29 22:05:14.839 [TestNG-test=Firefox Browser Tests-1] WARN  com.nse.stock.listeners.ExtentReportListener - Test skipped: test52WeekHighLowExtraction - WebDriver setup failed
]]></system-out>
  </testcase>
  <testcase name="test52WeekHighLowExtraction[INFY](3)" classname="com.nse.stock.tests.Stock52WeekHighLowTest" time="0">
    <skipped message="WebDriver setup failed"/>
    <system-out><![CDATA[2025-09-29 22:05:19.794 [TestNG-test=Edge Browser Tests-1] INFO  com.nse.stock.listeners.ExtentReportListener - Test started: test52WeekHighLowExtraction - Extract and verify 52-week high and low prices for stocks
2025-09-29 22:05:19.795 [TestNG-test=Edge Browser Tests-1] INFO  com.nse.stock.listeners.ScreenshotListener - Test started: test52WeekHighLowExtraction on browser: edge in thread: TestNG-test=Edge Browser Tests-1
2025-09-29 22:05:19.795 [TestNG-test=Edge Browser Tests-1] WARN  com.nse.stock.listeners.ExtentReportListener - Test skipped: test52WeekHighLowExtraction - WebDriver setup failed
]]></system-out>
  </testcase>
  <testcase name="test52WeekHighLowExtraction[TCS](4)" classname="com.nse.stock.tests.Stock52WeekHighLowTest" time="0">
    <skipped message="WebDriver setup failed"/>
    <system-out><![CDATA[2025-09-29 22:05:08.334 [TestNG-test=Chrome Browser Tests-1] INFO  com.nse.stock.listeners.ExtentReportListener - Test started: test52WeekHighLowExtraction - Extract and verify 52-week high and low prices for stocks
2025-09-29 22:05:08.334 [TestNG-test=Chrome Browser Tests-1] INFO  com.nse.stock.listeners.ScreenshotListener - Test started: test52WeekHighLowExtraction on browser: edge in thread: TestNG-test=Chrome Browser Tests-1
2025-09-29 22:05:08.334 [TestNG-test=Chrome Browser Tests-1] WARN  com.nse.stock.listeners.ExtentReportListener - Test skipped: test52WeekHighLowExtraction - WebDriver setup failed
]]></system-out>
  </testcase>
  <testcase name="test52WeekHighLowExtraction[TCS](4)" classname="com.nse.stock.tests.Stock52WeekHighLowTest" time="0">
    <skipped message="WebDriver setup failed"/>
    <system-out><![CDATA[2025-09-29 22:05:14.844 [TestNG-test=Firefox Browser Tests-1] INFO  com.nse.stock.listeners.ExtentReportListener - Test started: test52WeekHighLowExtraction - Extract and verify 52-week high and low prices for stocks
2025-09-29 22:05:14.844 [TestNG-test=Firefox Browser Tests-1] INFO  com.nse.stock.listeners.ScreenshotListener - Test started: test52WeekHighLowExtraction on browser: edge in thread: TestNG-test=Firefox Browser Tests-1
2025-09-29 22:05:14.854 [TestNG-test=Firefox Browser Tests-1] WARN  com.nse.stock.listeners.ExtentReportListener - Test skipped: test52WeekHighLowExtraction - WebDriver setup failed
]]></system-out>
  </testcase>
  <testcase name="test52WeekHighLowExtraction[TCS](4)" classname="com.nse.stock.tests.Stock52WeekHighLowTest" time="0">
    <skipped message="WebDriver setup failed"/>
    <system-out><![CDATA[2025-09-29 22:05:19.800 [TestNG-test=Edge Browser Tests-1] INFO  com.nse.stock.listeners.ExtentReportListener - Test started: test52WeekHighLowExtraction - Extract and verify 52-week high and low prices for stocks
2025-09-29 22:05:19.800 [TestNG-test=Edge Browser Tests-1] INFO  com.nse.stock.listeners.ScreenshotListener - Test started: test52WeekHighLowExtraction on browser: edge in thread: TestNG-test=Edge Browser Tests-1
2025-09-29 22:05:19.809 [TestNG-test=Edge Browser Tests-1] WARN  com.nse.stock.listeners.ExtentReportListener - Test skipped: test52WeekHighLowExtraction - WebDriver setup failed
]]></system-out>
  </testcase>
  <testcase name="testTataMotors52WeekData" classname="com.nse.stock.tests.Stock52WeekHighLowTest" time="0">
    <skipped message="WebDriver setup failed"/>
    <system-out><![CDATA[2025-09-29 22:05:10.677 [TestNG-test=Chrome Browser Tests-1] INFO  com.nse.stock.listeners.ExtentReportListener - Test started: testTataMotors52WeekData - Verify 52-week data for TATAMOTORS specifically
2025-09-29 22:05:10.682 [TestNG-test=Chrome Browser Tests-1] INFO  com.nse.stock.listeners.ScreenshotListener - Test started: testTataMotors52WeekData on browser: edge in thread: TestNG-test=Chrome Browser Tests-1
2025-09-29 22:05:10.684 [TestNG-test=Chrome Browser Tests-1] WARN  com.nse.stock.listeners.ExtentReportListener - Test skipped: testTataMotors52WeekData - WebDriver setup failed
]]></system-out>
  </testcase>
  <testcase name="testTataMotors52WeekData" classname="com.nse.stock.tests.Stock52WeekHighLowTest" time="0">
    <skipped message="WebDriver setup failed"/>
    <system-out><![CDATA[2025-09-29 22:05:17.723 [TestNG-test=Firefox Browser Tests-1] INFO  com.nse.stock.listeners.ExtentReportListener - Test started: testTataMotors52WeekData - Verify 52-week data for TATAMOTORS specifically
2025-09-29 22:05:17.724 [TestNG-test=Firefox Browser Tests-1] INFO  com.nse.stock.listeners.ScreenshotListener - Test started: testTataMotors52WeekData on browser: edge in thread: TestNG-test=Firefox Browser Tests-1
2025-09-29 22:05:17.728 [TestNG-test=Firefox Browser Tests-1] WARN  com.nse.stock.listeners.ExtentReportListener - Test skipped: testTataMotors52WeekData - WebDriver setup failed
]]></system-out>
  </testcase>
  <testcase name="testTataMotors52WeekData" classname="com.nse.stock.tests.Stock52WeekHighLowTest" time="0">
    <skipped message="WebDriver setup failed"/>
    <system-out><![CDATA[2025-09-29 22:05:26.509 [TestNG-test=Edge Browser Tests-1] INFO  com.nse.stock.listeners.ExtentReportListener - Test started: testTataMotors52WeekData - Verify 52-week data for TATAMOTORS specifically
2025-09-29 22:05:26.511 [TestNG-test=Edge Browser Tests-1] INFO  com.nse.stock.listeners.ScreenshotListener - Test started: testTataMotors52WeekData on browser: edge in thread: TestNG-test=Edge Browser Tests-1
2025-09-29 22:05:26.511 [TestNG-test=Edge Browser Tests-1] WARN  com.nse.stock.listeners.ExtentReportListener - Test skipped: testTataMotors52WeekData - WebDriver setup failed
]]></system-out>
  </testcase>
  <testcase name="test52WeekDataAvailability" classname="com.nse.stock.tests.Stock52WeekHighLowTest" time="0">
    <skipped message="WebDriver setup failed"/>
    <system-out><![CDATA[2025-09-29 22:05:10.700 [TestNG-test=Chrome Browser Tests-1] INFO  com.nse.stock.listeners.ExtentReportListener - Test started: test52WeekDataAvailability - Test 52-week data availability across multiple stocks
2025-09-29 22:05:10.704 [TestNG-test=Chrome Browser Tests-1] INFO  com.nse.stock.listeners.ScreenshotListener - Test started: test52WeekDataAvailability on browser: edge in thread: TestNG-test=Chrome Browser Tests-1
2025-09-29 22:05:10.704 [TestNG-test=Chrome Browser Tests-1] WARN  com.nse.stock.listeners.ExtentReportListener - Test skipped: test52WeekDataAvailability - WebDriver setup failed
]]></system-out>
  </testcase>
  <testcase name="test52WeekDataAvailability" classname="com.nse.stock.tests.Stock52WeekHighLowTest" time="0">
    <skipped message="WebDriver setup failed"/>
    <system-out><![CDATA[2025-09-29 22:05:17.738 [TestNG-test=Firefox Browser Tests-1] INFO  com.nse.stock.listeners.ExtentReportListener - Test started: test52WeekDataAvailability - Test 52-week data availability across multiple stocks
2025-09-29 22:05:17.738 [TestNG-test=Firefox Browser Tests-1] INFO  com.nse.stock.listeners.ScreenshotListener - Test started: test52WeekDataAvailability on browser: edge in thread: TestNG-test=Firefox Browser Tests-1
2025-09-29 22:05:17.744 [TestNG-test=Firefox Browser Tests-1] WARN  com.nse.stock.listeners.ExtentReportListener - Test skipped: test52WeekDataAvailability - WebDriver setup failed
]]></system-out>
  </testcase>
  <testcase name="test52WeekDataAvailability" classname="com.nse.stock.tests.Stock52WeekHighLowTest" time="0">
    <skipped message="WebDriver setup failed"/>
    <system-out><![CDATA[2025-09-29 22:05:26.535 [TestNG-test=Edge Browser Tests-1] INFO  com.nse.stock.listeners.ExtentReportListener - Test started: test52WeekDataAvailability - Test 52-week data availability across multiple stocks
2025-09-29 22:05:26.535 [TestNG-test=Edge Browser Tests-1] INFO  com.nse.stock.listeners.ScreenshotListener - Test started: test52WeekDataAvailability on browser: edge in thread: TestNG-test=Edge Browser Tests-1
2025-09-29 22:05:26.546 [TestNG-test=Edge Browser Tests-1] WARN  com.nse.stock.listeners.ExtentReportListener - Test skipped: test52WeekDataAvailability - WebDriver setup failed
]]></system-out>
  </testcase>
  <testcase name="test52WeekDataConsistency" classname="com.nse.stock.tests.Stock52WeekHighLowTest" time="0">
    <skipped message="WebDriver setup failed"/>
    <system-out><![CDATA[2025-09-29 22:05:10.754 [TestNG-test=Chrome Browser Tests-1] INFO  com.nse.stock.listeners.ExtentReportListener - Test started: test52WeekDataConsistency - Verify 52-week data logical consistency
2025-09-29 22:05:10.754 [TestNG-test=Chrome Browser Tests-1] INFO  com.nse.stock.listeners.ScreenshotListener - Test started: test52WeekDataConsistency on browser: edge in thread: TestNG-test=Chrome Browser Tests-1
2025-09-29 22:05:10.756 [TestNG-test=Chrome Browser Tests-1] WARN  com.nse.stock.listeners.ExtentReportListener - Test skipped: test52WeekDataConsistency - WebDriver setup failed
]]></system-out>
  </testcase>
  <testcase name="test52WeekDataConsistency" classname="com.nse.stock.tests.Stock52WeekHighLowTest" time="0">
    <skipped message="WebDriver setup failed"/>
    <system-out><![CDATA[2025-09-29 22:05:17.778 [TestNG-test=Firefox Browser Tests-1] INFO  com.nse.stock.listeners.ExtentReportListener - Test started: test52WeekDataConsistency - Verify 52-week data logical consistency
2025-09-29 22:05:17.778 [TestNG-test=Firefox Browser Tests-1] INFO  com.nse.stock.listeners.ScreenshotListener - Test started: test52WeekDataConsistency on browser: edge in thread: TestNG-test=Firefox Browser Tests-1
2025-09-29 22:05:17.781 [TestNG-test=Firefox Browser Tests-1] WARN  com.nse.stock.listeners.ExtentReportListener - Test skipped: test52WeekDataConsistency - WebDriver setup failed
]]></system-out>
  </testcase>
  <testcase name="test52WeekDataConsistency" classname="com.nse.stock.tests.Stock52WeekHighLowTest" time="0">
    <skipped message="WebDriver setup failed"/>
    <system-out><![CDATA[2025-09-29 22:05:26.586 [TestNG-test=Edge Browser Tests-1] INFO  com.nse.stock.listeners.ExtentReportListener - Test started: test52WeekDataConsistency - Verify 52-week data logical consistency
2025-09-29 22:05:26.586 [TestNG-test=Edge Browser Tests-1] INFO  com.nse.stock.listeners.ScreenshotListener - Test started: test52WeekDataConsistency on browser: edge in thread: TestNG-test=Edge Browser Tests-1
2025-09-29 22:05:26.594 [TestNG-test=Edge Browser Tests-1] WARN  com.nse.stock.listeners.ExtentReportListener - Test skipped: test52WeekDataConsistency - WebDriver setup failed
]]></system-out>
  </testcase>
  <testcase name="test52WeekExtractionMethods" classname="com.nse.stock.tests.Stock52WeekHighLowTest" time="0">
    <skipped message="WebDriver setup failed"/>
[...]
]]></system-out>
  </testcase>
  <testcase name="testStockProfitLossCalculation[StockInfo{symbol=&apos;INFY&apos;, companyName=&apos;Infosys Limited&apos;, currentPrice=0.00, priceChange=0.00, percentageChange=0.00%, weekHigh52=0.00, weekLow52=0.00, volume=&apos;null&apos;, marketCap=&apos;null&apos;, purchasePrice=1500.00, profitLoss=0.00, profitLossPercentage=0.00%, status=&apos;BREAK_EVEN&apos;}](3)" classname="com.nse.stock.tests.StockProfitLossTest" time="0">
    <skipped message="WebDriver setup failed"/>
    <system-out><![CDATA[2025-09-29 22:05:17.658 [TestNG-test=Firefox Browser Tests-1] INFO  com.nse.stock.listeners.ExtentReportListener - Test started: testStockProfitLossCalculation - Calculate and verify profit/loss for stocks with predefined purchase prices
2025-09-29 22:05:17.658 [TestNG-test=Firefox Browser Tests-1] INFO  com.nse.stock.listeners.ScreenshotListener - Test started: testStockProfitLossCalculation on browser: edge in thread: TestNG-test=Firefox Browser Tests-1
2025-09-29 22:05:17.669 [TestNG-test=Firefox Browser Tests-1] WARN  com.nse.stock.listeners.ExtentReportListener - Test skipped: testStockProfitLossCalculation - WebDriver setup failed
]]></system-out>
  </testcase>
  <testcase name="testStockProfitLossCalculation[StockInfo{symbol=&apos;INFY&apos;, companyName=&apos;Infosys Limited&apos;, currentPrice=0.00, priceChange=0.00, percentageChange=0.00%, weekHigh52=0.00, weekLow52=0.00, volume=&apos;null&apos;, marketCap=&apos;null&apos;, purchasePrice=1500.00, profitLoss=0.00, profitLossPercentage=0.00%, status=&apos;BREAK_EVEN&apos;}](3)" classname="com.nse.stock.tests.StockProfitLossTest" time="0">
    <skipped message="WebDriver setup failed"/>
    <system-out><![CDATA[2025-09-29 22:05:26.414 [TestNG-test=Edge Browser Tests-1] INFO  com.nse.stock.listeners.ExtentReportListener - Test started: testStockProfitLossCalculation - Calculate and verify profit/loss for stocks with predefined purchase prices
2025-09-29 22:05:26.428 [TestNG-test=Edge Browser Tests-1] INFO  com.nse.stock.listeners.ScreenshotListener - Test started: testStockProfitLossCalculation on browser: edge in thread: TestNG-test=Edge Browser Tests-1
2025-09-29 22:05:26.428 [TestNG-test=Edge Browser Tests-1] WARN  com.nse.stock.listeners.ExtentReportListener - Test skipped: testStockProfitLossCalculation - WebDriver setup failed
]]></system-out>
  </testcase>
  <testcase name="testStockProfitLossCalculation[StockInfo{symbol=&apos;TCS&apos;, companyName=&apos;Tata Consultancy Services Limited&apos;, currentPrice=0.00, priceChange=0.00, percentageChange=0.00%, weekHigh52=0.00, weekLow52=0.00, volume=&apos;null&apos;, marketCap=&apos;null&apos;, purchasePrice=3500.00, profitLoss=0.00, profitLossPercentage=0.00%, status=&apos;BREAK_EVEN&apos;}](4)" classname="com.nse.stock.tests.StockProfitLossTest" time="0">
    <skipped message="WebDriver setup failed"/>
    <system-out><![CDATA[2025-09-29 22:05:10.628 [TestNG-test=Chrome Browser Tests-1] INFO  com.nse.stock.listeners.ExtentReportListener - Test started: testStockProfitLossCalculation - Calculate and verify profit/loss for stocks with predefined purchase prices
2025-09-29 22:05:10.628 [TestNG-test=Chrome Browser Tests-1] INFO  com.nse.stock.listeners.ScreenshotListener - Test started: testStockProfitLossCalculation on browser: edge in thread: TestNG-test=Chrome Browser Tests-1
2025-09-29 22:05:10.631 [TestNG-test=Chrome Browser Tests-1] WARN  com.nse.stock.listeners.ExtentReportListener - Test skipped: testStockProfitLossCalculation - WebDriver setup failed
]]></system-out>
  </testcase>
  <testcase name="testStockProfitLossCalculation[StockInfo{symbol=&apos;TCS&apos;, companyName=&apos;Tata Consultancy Services Limited&apos;, currentPrice=0.00, priceChange=0.00, percentageChange=0.00%, weekHigh52=0.00, weekLow52=0.00, volume=&apos;null&apos;, marketCap=&apos;null&apos;, purchasePrice=3500.00, profitLoss=0.00, profitLossPercentage=0.00%, status=&apos;BREAK_EVEN&apos;}](4)" classname="com.nse.stock.tests.StockProfitLossTest" time="0">
    <skipped message="WebDriver setup failed"/>
    <system-out><![CDATA[2025-09-29 22:05:17.674 [TestNG-test=Firefox Browser Tests-1] INFO  com.nse.stock.listeners.ExtentReportListener - Test started: testStockProfitLossCalculation - Calculate and verify profit/loss for stocks with predefined purchase prices
2025-09-29 22:05:17.674 [TestNG-test=Firefox Browser Tests-1] INFO  com.nse.stock.listeners.ScreenshotListener - Test started: testStockProfitLossCalculation on browser: edge in thread: TestNG-test=Firefox Browser Tests-1
2025-09-29 22:05:17.674 [TestNG-test=Firefox Browser Tests-1] WARN  com.nse.stock.listeners.ExtentReportListener - Test skipped: testStockProfitLossCalculation - WebDriver setup failed
]]></system-out>
  </testcase>
  <testcase name="testStockProfitLossCalculation[StockInfo{symbol=&apos;TCS&apos;, companyName=&apos;Tata Consultancy Services Limited&apos;, currentPrice=0.00, priceChange=0.00, percentageChange=0.00%, weekHigh52=0.00, weekLow52=0.00, volume=&apos;null&apos;, marketCap=&apos;null&apos;, purchasePrice=3500.00, profitLoss=0.00, profitLossPercentage=0.00%, status=&apos;BREAK_EVEN&apos;}](4)" classname="com.nse.stock.tests.StockProfitLossTest" time="0">
    <skipped message="WebDriver setup failed"/>
    <system-out><![CDATA[2025-09-29 22:05:26.439 [TestNG-test=Edge Browser Tests-1] INFO  com.nse.stock.listeners.ExtentReportListener - Test started: testStockProfitLossCalculation - Calculate and verify profit/loss for stocks with predefined purchase prices
2025-09-29 22:05:26.442 [TestNG-test=Edge Browser Tests-1] INFO  com.nse.stock.listeners.ScreenshotListener - Test started: testStockProfitLossCalculation on browser: edge in thread: TestNG-test=Edge Browser Tests-1
2025-09-29 22:05:26.454 [TestNG-test=Edge Browser Tests-1] WARN  com.nse.stock.listeners.ExtentReportListener - Test skipped: testStockProfitLossCalculation - WebDriver setup failed
]]></system-out>
  </testcase>
  <testcase name="testStockProfitLossCalculation[StockInfo{symbol=&apos;HDFCBANK&apos;, companyName=&apos;HDFC Bank Limited&apos;, currentPrice=0.00, priceChange=0.00, percentageChange=0.00%, weekHigh52=0.00, weekLow52=0.00, volume=&apos;null&apos;, marketCap=&apos;null&apos;, purchasePrice=1600.00, profitLoss=0.00, profitLossPercentage=0.00%, status=&apos;BREAK_EVEN&apos;}](5)" classname="com.nse.stock.tests.StockProfitLossTest" time="0">
    <skipped message="WebDriver setup failed"/>
    <system-out><![CDATA[2025-09-29 22:05:10.634 [TestNG-test=Chrome Browser Tests-1] INFO  com.nse.stock.listeners.ExtentReportListener - Test started: testStockProfitLossCalculation - Calculate and verify profit/loss for stocks with predefined purchase prices
2025-09-29 22:05:10.636 [TestNG-test=Chrome Browser Tests-1] INFO  com.nse.stock.listeners.ScreenshotListener - Test started: testStockProfitLossCalculation on browser: edge in thread: TestNG-test=Chrome Browser Tests-1
2025-09-29 22:05:10.636 [TestNG-test=Chrome Browser Tests-1] WARN  com.nse.stock.listeners.ExtentReportListener - Test skipped: testStockProfitLossCalculation - WebDriver setup failed
]]></system-out>
  </testcase>
  <testcase name="testStockProfitLossCalculation[StockInfo{symbol=&apos;HDFCBANK&apos;, companyName=&apos;HDFC Bank Limited&apos;, currentPrice=0.00, priceChange=0.00, percentageChange=0.00%, weekHigh52=0.00, weekLow52=0.00, volume=&apos;null&apos;, marketCap=&apos;null&apos;, purchasePrice=1600.00, profitLoss=0.00, profitLossPercentage=0.00%, status=&apos;BREAK_EVEN&apos;}](5)" classname="com.nse.stock.tests.StockProfitLossTest" time="0">
    <skipped message="WebDriver setup failed"/>
    <system-out><![CDATA[2025-09-29 22:05:17.674 [TestNG-test=Firefox Browser Tests-1] INFO  com.nse.stock.listeners.ExtentReportListener - Test started: testStockProfitLossCalculation - Calculate and verify profit/loss for stocks with predefined purchase prices
2025-09-29 22:05:17.674 [TestNG-test=Firefox Browser Tests-1] INFO  com.nse.stock.listeners.ScreenshotListener - Test started: testStockProfitLossCalculation on browser: edge in thread: TestNG-test=Firefox Browser Tests-1
2025-09-29 22:05:17.684 [TestNG-test=Firefox Browser Tests-1] WARN  com.nse.stock.listeners.ExtentReportListener - Test skipped: testStockProfitLossCalculation - WebDriver setup failed
]]></system-out>
  </testcase>
  <testcase name="testStockProfitLossCalculation[StockInfo{symbol=&apos;HDFCBANK&apos;, companyName=&apos;HDFC Bank Limited&apos;, currentPrice=0.00, priceChange=0.00, percentageChange=0.00%, weekHigh52=0.00, weekLow52=0.00, volume=&apos;null&apos;, marketCap=&apos;null&apos;, purchasePrice=1600.00, profitLoss=0.00, profitLossPercentage=0.00%, status=&apos;BREAK_EVEN&apos;}](5)" classname="com.nse.stock.tests.StockProfitLossTest" time="0">
    <skipped message="WebDriver setup failed"/>
    <system-out><![CDATA[2025-09-29 22:05:26.463 [TestNG-test=Edge Browser Tests-1] INFO  com.nse.stock.listeners.ExtentReportListener - Test started: testStockProfitLossCalculation - Calculate and verify profit/loss for stocks with predefined purchase prices
2025-09-29 22:05:26.464 [TestNG-test=Edge Browser Tests-1] INFO  com.nse.stock.listeners.ScreenshotListener - Test started: testStockProfitLossCalculation on browser: edge in thread: TestNG-test=Edge Browser Tests-1
2025-09-29 22:05:26.464 [TestNG-test=Edge Browser Tests-1] WARN  com.nse.stock.listeners.ExtentReportListener - Test skipped: testStockProfitLossCalculation - WebDriver setup failed
]]></system-out>
  </testcase>
  <testcase name="testTataMotorsProfitLoss" classname="com.nse.stock.tests.StockProfitLossTest" time="0">
    <skipped message="WebDriver setup failed"/>
    <system-out><![CDATA[2025-09-29 22:05:10.688 [TestNG-test=Chrome Browser Tests-1] INFO  com.nse.stock.listeners.ExtentReportListener - Test started: testTataMotorsProfitLoss - Test profit/loss calculation for TATAMOTORS with specific purchase price
2025-09-29 22:05:10.688 [TestNG-test=Chrome Browser Tests-1] INFO  com.nse.stock.listeners.ScreenshotListener - Test started: testTataMotorsProfitLoss on browser: edge in thread: TestNG-test=Chrome Browser Tests-1
2025-09-29 22:05:10.692 [TestNG-test=Chrome Browser Tests-1] WARN  com.nse.stock.listeners.ExtentReportListener - Test skipped: testTataMotorsProfitLoss - WebDriver setup failed
]]></system-out>
  </testcase>
  <testcase name="testTataMotorsProfitLoss" classname="com.nse.stock.tests.StockProfitLossTest" time="0">
    <skipped message="WebDriver setup failed"/>
    <system-out><![CDATA[2025-09-29 22:05:17.735 [TestNG-test=Firefox Browser Tests-1] INFO  com.nse.stock.listeners.ExtentReportListener - Test started: testTataMotorsProfitLoss - Test profit/loss calculation for TATAMOTORS with specific purchase price
2025-09-29 22:05:17.735 [TestNG-test=Firefox Browser Tests-1] INFO  com.nse.stock.listeners.ScreenshotListener - Test started: testTataMotorsProfitLoss on browser: edge in thread: TestNG-test=Firefox Browser Tests-1
2025-09-29 22:05:17.738 [TestNG-test=Firefox Browser Tests-1] WARN  com.nse.stock.listeners.ExtentReportListener - Test skipped: testTataMotorsProfitLoss - WebDriver setup failed
]]></system-out>
  </testcase>
  <testcase name="testTataMotorsProfitLoss" classname="com.nse.stock.tests.StockProfitLossTest" time="0">
    <skipped message="WebDriver setup failed"/>
    <system-out><![CDATA[2025-09-29 22:05:26.519 [TestNG-test=Edge Browser Tests-1] INFO  com.nse.stock.listeners.ExtentReportListener - Test started: testTataMotorsProfitLoss - Test profit/loss calculation for TATAMOTORS with specific purchase price
2025-09-29 22:05:26.527 [TestNG-test=Edge Browser Tests-1] INFO  com.nse.stock.listeners.ScreenshotListener - Test started: testTataMotorsProfitLoss on browser: edge in thread: TestNG-test=Edge Browser Tests-1
2025-09-29 22:05:26.534 [TestNG-test=Edge Browser Tests-1] WARN  com.nse.stock.listeners.ExtentReportListener - Test skipped: testTataMotorsProfitLoss - WebDriver setup failed
]]></system-out>
  </testcase>
  <testcase name="testCustomPurchasePriceProfitLoss" classname="com.nse.stock.tests.StockProfitLossTest" time="0">
    <skipped message="WebDriver setup failed"/>
    <system-out><![CDATA[2025-09-29 22:05:10.709 [TestNG-test=Chrome Browser Tests-1] INFO  com.nse.stock.listeners.ExtentReportListener - Test started: testCustomPurchasePriceProfitLoss - Test profit/loss calculation with custom purchase price
2025-09-29 22:05:10.715 [TestNG-test=Chrome Browser Tests-1] INFO  com.nse.stock.listeners.ScreenshotListener - Test started: testCustomPurchasePriceProfitLoss on browser: edge in thread: TestNG-test=Chrome Browser Tests-1
2025-09-29 22:05:10.717 [TestNG-test=Chrome Browser Tests-1] WARN  com.nse.stock.listeners.ExtentReportListener - Test skipped: testCustomPurchasePriceProfitLoss - WebDriver setup failed
]]></system-out>
  </testcase>
  <testcase name="testCustomPurchasePriceProfitLoss" classname="com.nse.stock.tests.StockProfitLossTest" time="0">
    <skipped message="WebDriver setup failed"/>
    <system-out><![CDATA[2025-09-29 22:05:17.752 [TestNG-test=Firefox Browser Tests-1] INFO  com.nse.stock.listeners.ExtentReportListener - Test started: testCustomPurchasePriceProfitLoss - Test profit/loss calculation with custom purchase price
2025-09-29 22:05:17.755 [TestNG-test=Firefox Browser Tests-1] INFO  com.nse.stock.listeners.ScreenshotListener - Test started: testCustomPurchasePriceProfitLoss on browser: edge in thread: TestNG-test=Firefox Browser Tests-1
2025-09-29 22:05:17.767 [TestNG-test=Firefox Browser Tests-1] WARN  com.nse.stock.listeners.ExtentReportListener - Test skipped: testCustomPurchasePriceProfitLoss - WebDriver setup failed
]]></system-out>
  </testcase>
  <testcase name="testCustomPurchasePriceProfitLoss" classname="com.nse.stock.tests.StockProfitLossTest" time="0">
    <skipped message="WebDriver setup failed"/>
    <system-out><![CDATA[2025-09-29 22:05:26.546 [TestNG-test=Edge Browser Tests-1] INFO  com.nse.stock.listeners.ExtentReportListener - Test started: testCustomPurchasePriceProfitLoss - Test profit/loss calculation with custom purchase price
2025-09-29 22:05:26.546 [TestNG-test=Edge Browser Tests-1] INFO  com.nse.stock.listeners.ScreenshotListener - Test started: testCustomPurchasePriceProfitLoss on browser: edge in thread: TestNG-test=Edge Browser Tests-1
2025-09-29 22:05:26.554 [TestNG-test=Edge Browser Tests-1] WARN  com.nse.stock.listeners.ExtentReportListener - Test skipped: testCustomPurchasePriceProfitLoss - WebDriver setup failed
]]></system-out>
  </testcase>
  <testcase name="testBatchProfitLossCalculation" classname="com.nse.stock.tests.StockProfitLossTest" time="0">
    <skipped message="WebDriver setup failed"/>
    <system-out><![CDATA[2025-09-29 22:05:10.766 [TestNG-test=Chrome Browser Tests-1] INFO  com.nse.stock.listeners.ExtentReportListener - Test started: testBatchProfitLossCalculation - Test profit/loss calculation for multiple stocks in batch
2025-09-29 22:05:10.771 [TestNG-test=Chrome Browser Tests-1] INFO  com.nse.stock.listeners.ScreenshotListener - Test started: testBatchProfitLossCalculation on browser: edge in thread: TestNG-test=Chrome Browser Tests-1
2025-09-29 22:05:10.774 [TestNG-test=Chrome Browser Tests-1] WARN  com.nse.stock.listeners.ExtentReportListener - Test skipped: testBatchProfitLossCalculation - WebDriver setup failed
]]></system-out>
  </testcase>
  <testcase name="testBatchProfitLossCalculation" classname="com.nse.stock.tests.StockProfitLossTest" time="0">
    <skipped message="WebDriver setup failed"/>
    <system-out><![CDATA[2025-09-29 22:05:17.787 [TestNG-test=Firefox Browser Tests-1] INFO  com.nse.stock.listeners.ExtentReportListener - Test started: testBatchProfitLossCalculation - Test profit/loss calculation for multiple stocks in batch
2025-09-29 22:05:17.787 [TestNG-test=Firefox Browser Tests-1] INFO  com.nse.stock.listeners.ScreenshotListener - Test started: testBatchProfitLossCalculation on browser: edge in thread: TestNG-test=Firefox Browser Tests-1
2025-09-29 22:05:17.795 [TestNG-test=Firefox Browser Tests-1] WARN  com.nse.stock.listeners.ExtentReportListener - Test skipped: testBatchProfitLossCalculation - WebDriver setup failed
]]></system-out>
  </testcase>
  <testcase name="testBatchProfitLossCalculation" classname="com.nse.stock.tests.StockProfitLossTest" time="0">
    <skipped message="WebDriver setup failed"/>
    <system-out><![CDATA[2025-09-29 22:05:26.596 [TestNG-test=Edge Browser Tests-1] INFO  com.nse.stock.listeners.ExtentReportListener - Test started: testBatchProfitLossCalculation - Test profit/loss calculation for multiple stocks in batch
2025-09-29 22:05:26.596 [TestNG-test=Edge Browser Tests-1] INFO  com.nse.stock.listeners.ScreenshotListener - Test started: testBatchProfitLossCalculation on browser: edge in thread: TestNG-test=Edge Browser Tests-1
2025-09-29 22:05:26.596 [TestNG-test=Edge Browser Tests-1] WARN  com.nse.stock.listeners.ExtentReportListener - Test skipped: testBatchProfitLossCalculation - WebDriver setup failed
]]></system-out>
  </testcase>
  <testcase name="testProfitLossEdgeCases" classname="com.nse.stock.tests.StockProfitLossTest" time="0">
    <skipped message="WebDriver setup failed"/>
    <system-out><![CDATA[2025-09-29 22:05:10.825 [TestNG-test=Chrome Browser Tests-1] INFO  com.nse.stock.listeners.ExtentReportListener - Test started: testProfitLossEdgeCases - Test edge cases for profit/loss calculation
2025-09-29 22:05:10.837 [TestNG-test=Chrome Browser Tests-1] INFO  com.nse.stock.listeners.ScreenshotListener - Test started: testProfitLossEdgeCases on browser: edge in thread: TestNG-test=Chrome Browser Tests-1
2025-09-29 22:05:10.837 [TestNG-test=Chrome Browser Tests-1] WARN  com.nse.stock.listeners.ExtentReportListener - Test skipped: testProfitLossEdgeCases - WebDriver setup failed
]]></system-out>
  </testcase>
  <testcase name="testProfitLossEdgeCases" classname="com.nse.stock.tests.StockProfitLossTest" time="0">
    <skipped message="WebDriver setup failed"/>
    <system-out><![CDATA[2025-09-29 22:05:17.834 [TestNG-test=Firefox Browser Tests-1] INFO  com.nse.stock.listeners.ExtentReportListener - Test started: testProfitLossEdgeCases - Test edge cases for profit/loss calculation
2025-09-29 22:05:17.834 [TestNG-test=Firefox Browser Tests-1] INFO  com.nse.stock.listeners.ScreenshotListener - Test started: testProfitLossEdgeCases on browser: edge in thread: TestNG-test=Firefox Browser Tests-1
2025-09-29 22:05:17.834 [TestNG-test=Firefox Browser Tests-1] WARN  com.nse.stock.listeners.ExtentReportListener - Test skipped: testProfitLossEdgeCases - WebDriver setup failed
]]></system-out>
  </testcase>
  <testcase name="testProfitLossEdgeCases" classname="com.nse.stock.tests.StockProfitLossTest" time="0">
    <skipped message="WebDriver setup failed"/>
    <system-out><![CDATA[2025-09-29 22:05:26.629 [TestNG-test=Edge Browser Tests-1] INFO  com.nse.stock.listeners.ExtentReportListener - Test started: testProfitLossEdgeCases - Test edge cases for profit/loss calculation
2025-09-29 22:05:26.632 [TestNG-test=Edge Browser Tests-1] INFO  com.nse.stock.listeners.ScreenshotListener - Test started: testProfitLossEdgeCases on browser: edge in thread: TestNG-test=Edge Browser Tests-1
2025-09-29 22:05:26.640 [TestNG-test=Edge Browser Tests-1] WARN  com.nse.stock.listeners.ExtentReportListener - Test skipped: testProfitLossEdgeCases - WebDriver setup failed
]]></system-out>
  </testcase>
  <testcase name="tearDownClass" classname="com.nse.stock.tests.StockProfitLossTest" time="0">
    <skipped/>
  </testcase>
  <testcase name="tearDownClass" classname="com.nse.stock.tests.StockProfitLossTest" time="0">
    <skipped/>
  </testcase>
  <testcase name="tearDownClass" classname="com.nse.stock.tests.StockProfitLossTest" time="0">
    <skipped/>
  </testcase>
</testsuite>